2025-10-25 19:10:09.317 +03:00 [INF] User profile is available. Using 'C:\Users\Youssef Ghonem\AppData\Local\ASP.NET\DataProtection-Keys' as key repository and Windows DPAPI to encrypt keys at rest.
2025-10-25 19:10:09.927 +03:00 [INF] Executed DbCommand (15ms) [Parameters=[], CommandType='"Text"', CommandTimeout='30']
SELECT 1
2025-10-25 19:10:09.962 +03:00 [INF] Executed DbCommand (17ms) [Parameters=[], CommandType='"Text"', CommandTimeout='30']
SELECT OBJECT_ID(N'[__EFMigrationsHistory]');
2025-10-25 19:10:09.969 +03:00 [INF] Executed DbCommand (1ms) [Parameters=[], CommandType='"Text"', CommandTimeout='30']
SELECT 1
2025-10-25 19:10:09.976 +03:00 [INF] Executed DbCommand (1ms) [Parameters=[], CommandType='"Text"', CommandTimeout='30']
SELECT OBJECT_ID(N'[__EFMigrationsHistory]');
2025-10-25 19:10:09.993 +03:00 [INF] Executed DbCommand (5ms) [Parameters=[], CommandType='"Text"', CommandTimeout='30']
SELECT [MigrationId], [ProductVersion]
FROM [__EFMigrationsHistory]
ORDER BY [MigrationId];
2025-10-25 19:10:10.007 +03:00 [INF] No migrations were applied. The database is already up to date.
2025-10-25 19:10:10.166 +03:00 [INF] Executed DbCommand (23ms) [Parameters=[@__role_0='?' (Size = 256)], CommandType='"Text"', CommandTimeout='30']
SELECT CASE
    WHEN EXISTS (
        SELECT 1
        FROM [AspNetRoles] AS [a]
        WHERE [a].[Name] = @__role_0) THEN CAST(1 AS bit)
    ELSE CAST(0 AS bit)
END
2025-10-25 19:10:10.190 +03:00 [INF] Executed DbCommand (7ms) [Parameters=[@__role_0='?' (Size = 256)], CommandType='"Text"', CommandTimeout='30']
SELECT CASE
    WHEN EXISTS (
        SELECT 1
        FROM [AspNetRoles] AS [a]
        WHERE [a].[Name] = @__role_0) THEN CAST(1 AS bit)
    ELSE CAST(0 AS bit)
END
2025-10-25 19:10:10.244 +03:00 [INF] Executed DbCommand (4ms) [Parameters=[@__adminEmail_0='?' (Size = 256)], CommandType='"Text"', CommandTimeout='30']
SELECT TOP(1) [a].[Id], [a].[AccessFailedCount], [a].[ConcurrencyStamp], [a].[Email], [a].[EmailConfirmed], [a].[FullName], [a].[LockoutEnabled], [a].[LockoutEnd], [a].[NormalizedEmail], [a].[NormalizedUserName], [a].[PasswordHash], [a].[PhoneNumber], [a].[PhoneNumberConfirmed], [a].[SecurityStamp], [a].[TwoFactorEnabled], [a].[UserName]
FROM [AspNetUsers] AS [a]
WHERE [a].[Email] = @__adminEmail_0
2025-10-25 19:10:10.298 +03:00 [INF] Executed DbCommand (5ms) [Parameters=[@__inspEmail_0='?' (Size = 256)], CommandType='"Text"', CommandTimeout='30']
SELECT TOP(1) [a].[Id], [a].[AccessFailedCount], [a].[ConcurrencyStamp], [a].[Email], [a].[EmailConfirmed], [a].[FullName], [a].[LockoutEnabled], [a].[LockoutEnd], [a].[NormalizedEmail], [a].[NormalizedUserName], [a].[PasswordHash], [a].[PhoneNumber], [a].[PhoneNumberConfirmed], [a].[SecurityStamp], [a].[TwoFactorEnabled], [a].[UserName]
FROM [AspNetUsers] AS [a]
WHERE [a].[Email] = @__inspEmail_0
2025-10-25 19:10:10.314 +03:00 [INF] Executed DbCommand (4ms) [Parameters=[], CommandType='"Text"', CommandTimeout='30']
SELECT CASE
    WHEN EXISTS (
        SELECT 1
        FROM [Inspectors] AS [i]) THEN CAST(1 AS bit)
    ELSE CAST(0 AS bit)
END
2025-10-25 19:10:10.326 +03:00 [INF] Executed DbCommand (3ms) [Parameters=[], CommandType='"Text"', CommandTimeout='30']
SELECT CASE
    WHEN EXISTS (
        SELECT 1
        FROM [EntitiesToInspect] AS [e]) THEN CAST(1 AS bit)
    ELSE CAST(0 AS bit)
END
2025-10-25 19:10:10.357 +03:00 [INF] Database seeded.
2025-10-25 19:10:48.251 +03:00 [INF] User profile is available. Using 'C:\Users\Youssef Ghonem\AppData\Local\ASP.NET\DataProtection-Keys' as key repository and Windows DPAPI to encrypt keys at rest.
2025-10-25 19:10:48.879 +03:00 [INF] Executed DbCommand (15ms) [Parameters=[], CommandType='"Text"', CommandTimeout='30']
SELECT 1
2025-10-25 19:10:48.910 +03:00 [INF] Executed DbCommand (19ms) [Parameters=[], CommandType='"Text"', CommandTimeout='30']
SELECT OBJECT_ID(N'[__EFMigrationsHistory]');
2025-10-25 19:10:48.917 +03:00 [INF] Executed DbCommand (3ms) [Parameters=[], CommandType='"Text"', CommandTimeout='30']
SELECT 1
2025-10-25 19:10:48.920 +03:00 [INF] Executed DbCommand (0ms) [Parameters=[], CommandType='"Text"', CommandTimeout='30']
SELECT OBJECT_ID(N'[__EFMigrationsHistory]');
2025-10-25 19:10:48.935 +03:00 [INF] Executed DbCommand (5ms) [Parameters=[], CommandType='"Text"', CommandTimeout='30']
SELECT [MigrationId], [ProductVersion]
FROM [__EFMigrationsHistory]
ORDER BY [MigrationId];
2025-10-25 19:10:48.948 +03:00 [INF] No migrations were applied. The database is already up to date.
2025-10-25 19:10:49.093 +03:00 [INF] Executed DbCommand (17ms) [Parameters=[@__role_0='?' (Size = 256)], CommandType='"Text"', CommandTimeout='30']
SELECT CASE
    WHEN EXISTS (
        SELECT 1
        FROM [AspNetRoles] AS [a]
        WHERE [a].[Name] = @__role_0) THEN CAST(1 AS bit)
    ELSE CAST(0 AS bit)
END
2025-10-25 19:10:49.103 +03:00 [INF] Executed DbCommand (4ms) [Parameters=[@__role_0='?' (Size = 256)], CommandType='"Text"', CommandTimeout='30']
SELECT CASE
    WHEN EXISTS (
        SELECT 1
        FROM [AspNetRoles] AS [a]
        WHERE [a].[Name] = @__role_0) THEN CAST(1 AS bit)
    ELSE CAST(0 AS bit)
END
2025-10-25 19:10:49.134 +03:00 [INF] Executed DbCommand (5ms) [Parameters=[@__adminEmail_0='?' (Size = 256)], CommandType='"Text"', CommandTimeout='30']
SELECT TOP(1) [a].[Id], [a].[AccessFailedCount], [a].[ConcurrencyStamp], [a].[Email], [a].[EmailConfirmed], [a].[FullName], [a].[LockoutEnabled], [a].[LockoutEnd], [a].[NormalizedEmail], [a].[NormalizedUserName], [a].[PasswordHash], [a].[PhoneNumber], [a].[PhoneNumberConfirmed], [a].[SecurityStamp], [a].[TwoFactorEnabled], [a].[UserName]
FROM [AspNetUsers] AS [a]
WHERE [a].[Email] = @__adminEmail_0
2025-10-25 19:10:49.181 +03:00 [INF] Executed DbCommand (3ms) [Parameters=[@__inspEmail_0='?' (Size = 256)], CommandType='"Text"', CommandTimeout='30']
SELECT TOP(1) [a].[Id], [a].[AccessFailedCount], [a].[ConcurrencyStamp], [a].[Email], [a].[EmailConfirmed], [a].[FullName], [a].[LockoutEnabled], [a].[LockoutEnd], [a].[NormalizedEmail], [a].[NormalizedUserName], [a].[PasswordHash], [a].[PhoneNumber], [a].[PhoneNumberConfirmed], [a].[SecurityStamp], [a].[TwoFactorEnabled], [a].[UserName]
FROM [AspNetUsers] AS [a]
WHERE [a].[Email] = @__inspEmail_0
2025-10-25 19:10:49.188 +03:00 [INF] Executed DbCommand (2ms) [Parameters=[], CommandType='"Text"', CommandTimeout='30']
SELECT CASE
    WHEN EXISTS (
        SELECT 1
        FROM [Inspectors] AS [i]) THEN CAST(1 AS bit)
    ELSE CAST(0 AS bit)
END
2025-10-25 19:10:49.194 +03:00 [INF] Executed DbCommand (1ms) [Parameters=[], CommandType='"Text"', CommandTimeout='30']
SELECT CASE
    WHEN EXISTS (
        SELECT 1
        FROM [EntitiesToInspect] AS [e]) THEN CAST(1 AS bit)
    ELSE CAST(0 AS bit)
END
2025-10-25 19:10:49.212 +03:00 [INF] Database seeded.
