2025-10-25 19:17:18.402 +03:00 [INF] User profile is available. Using 'C:\Users\Youssef Ghonem\AppData\Local\ASP.NET\DataProtection-Keys' as key repository and Windows DPAPI to encrypt keys at rest.
2025-10-25 19:17:20.331 +03:00 [INF] Executed DbCommand (57ms) [Parameters=[], CommandType='"Text"', CommandTimeout='30']
SELECT 1
2025-10-25 19:17:20.422 +03:00 [INF] Executed DbCommand (55ms) [Parameters=[], CommandType='"Text"', CommandTimeout='30']
SELECT OBJECT_ID(N'[__EFMigrationsHistory]');
2025-10-25 19:17:20.434 +03:00 [INF] Executed DbCommand (2ms) [Parameters=[], CommandType='"Text"', CommandTimeout='30']
SELECT 1
2025-10-25 19:17:20.441 +03:00 [INF] Executed DbCommand (1ms) [Parameters=[], CommandType='"Text"', CommandTimeout='30']
SELECT OBJECT_ID(N'[__EFMigrationsHistory]');
2025-10-25 19:17:20.476 +03:00 [INF] Executed DbCommand (7ms) [Parameters=[], CommandType='"Text"', CommandTimeout='30']
SELECT [MigrationId], [ProductVersion]
FROM [__EFMigrationsHistory]
ORDER BY [MigrationId];
2025-10-25 19:17:20.496 +03:00 [INF] No migrations were applied. The database is already up to date.
2025-10-25 19:17:20.925 +03:00 [INF] Executed DbCommand (31ms) [Parameters=[@__role_0='?' (Size = 256)], CommandType='"Text"', CommandTimeout='30']
SELECT CASE
    WHEN EXISTS (
        SELECT 1
        FROM [AspNetRoles] AS [a]
        WHERE [a].[Name] = @__role_0) THEN CAST(1 AS bit)
    ELSE CAST(0 AS bit)
END
2025-10-25 19:17:20.957 +03:00 [INF] Executed DbCommand (12ms) [Parameters=[@__role_0='?' (Size = 256)], CommandType='"Text"', CommandTimeout='30']
SELECT CASE
    WHEN EXISTS (
        SELECT 1
        FROM [AspNetRoles] AS [a]
        WHERE [a].[Name] = @__role_0) THEN CAST(1 AS bit)
    ELSE CAST(0 AS bit)
END
2025-10-25 19:17:21.059 +03:00 [INF] Executed DbCommand (6ms) [Parameters=[@__adminEmail_0='?' (Size = 256)], CommandType='"Text"', CommandTimeout='30']
SELECT TOP(1) [a].[Id], [a].[AccessFailedCount], [a].[ConcurrencyStamp], [a].[Email], [a].[EmailConfirmed], [a].[FullName], [a].[LockoutEnabled], [a].[LockoutEnd], [a].[NormalizedEmail], [a].[NormalizedUserName], [a].[PasswordHash], [a].[PhoneNumber], [a].[PhoneNumberConfirmed], [a].[SecurityStamp], [a].[TwoFactorEnabled], [a].[UserName]
FROM [AspNetUsers] AS [a]
WHERE [a].[Email] = @__adminEmail_0
2025-10-25 19:17:21.220 +03:00 [INF] Executed DbCommand (5ms) [Parameters=[@__inspEmail_0='?' (Size = 256)], CommandType='"Text"', CommandTimeout='30']
SELECT TOP(1) [a].[Id], [a].[AccessFailedCount], [a].[ConcurrencyStamp], [a].[Email], [a].[EmailConfirmed], [a].[FullName], [a].[LockoutEnabled], [a].[LockoutEnd], [a].[NormalizedEmail], [a].[NormalizedUserName], [a].[PasswordHash], [a].[PhoneNumber], [a].[PhoneNumberConfirmed], [a].[SecurityStamp], [a].[TwoFactorEnabled], [a].[UserName]
FROM [AspNetUsers] AS [a]
WHERE [a].[Email] = @__inspEmail_0
2025-10-25 19:17:21.240 +03:00 [INF] Executed DbCommand (7ms) [Parameters=[], CommandType='"Text"', CommandTimeout='30']
SELECT CASE
    WHEN EXISTS (
        SELECT 1
        FROM [Inspectors] AS [i]) THEN CAST(1 AS bit)
    ELSE CAST(0 AS bit)
END
2025-10-25 19:17:21.265 +03:00 [INF] Executed DbCommand (5ms) [Parameters=[], CommandType='"Text"', CommandTimeout='30']
SELECT CASE
    WHEN EXISTS (
        SELECT 1
        FROM [EntitiesToInspect] AS [e]) THEN CAST(1 AS bit)
    ELSE CAST(0 AS bit)
END
2025-10-25 19:17:21.328 +03:00 [INF] Database seeded.
2025-10-25 19:17:21.784 +03:00 [INF] Now listening on: https://localhost:63886
2025-10-25 19:17:21.815 +03:00 [INF] Now listening on: http://localhost:63887
2025-10-25 19:17:21.901 +03:00 [INF] Application started. Press Ctrl+C to shut down.
2025-10-25 19:17:21.904 +03:00 [INF] Hosting environment: Development
2025-10-25 19:17:21.908 +03:00 [INF] Content root path: C:\Users\Youssef Ghonem\Downloads\inspection-visits-backend-with-controllers\src\InspectionVisits.Api
2025-10-25 19:17:22.108 +03:00 [INF] Request starting HTTP/2 GET https://localhost:63886/ - null null
2025-10-25 19:17:22.324 +03:00 [INF] HTTP GET / responded 404 in 50.2553 ms
2025-10-25 19:17:22.335 +03:00 [INF] Request finished HTTP/2 GET https://localhost:63886/ - 404 0 null 234.5403ms
2025-10-25 19:17:22.352 +03:00 [INF] Request reached the end of the middleware pipeline without being handled by application code. Request path: GET https://localhost:63886/, Response status code: 404
2025-10-25 19:17:26.824 +03:00 [INF] Request starting HTTP/2 GET https://localhost:63886/swagger/index.html - null null
2025-10-25 19:17:26.943 +03:00 [INF] Request finished HTTP/2 GET https://localhost:63886/swagger/index.html - 200 null text/html;charset=utf-8 119.3573ms
2025-10-25 19:17:26.970 +03:00 [INF] Request starting HTTP/2 GET https://localhost:63886/_framework/aspnetcore-browser-refresh.js - null null
2025-10-25 19:17:26.970 +03:00 [INF] Request starting HTTP/2 GET https://localhost:63886/_vs/browserLink - null null
2025-10-25 19:17:26.984 +03:00 [INF] Request finished HTTP/2 GET https://localhost:63886/_framework/aspnetcore-browser-refresh.js - 200 16525 application/javascript; charset=utf-8 14.3649ms
2025-10-25 19:17:27.030 +03:00 [INF] Request finished HTTP/2 GET https://localhost:63886/_vs/browserLink - 200 null text/javascript; charset=UTF-8 60.639ms
2025-10-25 19:17:27.092 +03:00 [INF] Request starting HTTP/2 GET https://localhost:63886/swagger/v1/swagger.json - null null
2025-10-25 19:17:27.121 +03:00 [INF] Request finished HTTP/2 GET https://localhost:63886/swagger/v1/swagger.json - 200 null application/json;charset=utf-8 29.8194ms
2025-10-25 19:17:41.632 +03:00 [INF] Request starting HTTP/2 POST https://localhost:63886/api/Auth/login - application/json 60
2025-10-25 19:17:41.641 +03:00 [INF] Executing endpoint 'InspectionVisits.Api.Controllers.AuthController.Login (InspectionVisits.Api)'
2025-10-25 19:17:41.669 +03:00 [INF] Route matched with {action = "Login", controller = "Auth"}. Executing controller action with signature System.Threading.Tasks.Task`1[Microsoft.AspNetCore.Mvc.IActionResult] Login(LoginRequest) on controller InspectionVisits.Api.Controllers.AuthController (InspectionVisits.Api).
2025-10-25 19:17:46.004 +03:00 [INF] Executed DbCommand (13ms) [Parameters=[@__normalizedEmail_0='?' (Size = 256)], CommandType='"Text"', CommandTimeout='30']
SELECT TOP(2) [a].[Id], [a].[AccessFailedCount], [a].[ConcurrencyStamp], [a].[Email], [a].[EmailConfirmed], [a].[FullName], [a].[LockoutEnabled], [a].[LockoutEnd], [a].[NormalizedEmail], [a].[NormalizedUserName], [a].[PasswordHash], [a].[PhoneNumber], [a].[PhoneNumberConfirmed], [a].[SecurityStamp], [a].[TwoFactorEnabled], [a].[UserName]
FROM [AspNetUsers] AS [a]
WHERE [a].[NormalizedEmail] = @__normalizedEmail_0
2025-10-25 19:17:46.258 +03:00 [INF] Executed DbCommand (51ms) [Parameters=[@__userId_0='?' (DbType = Int32)], CommandType='"Text"', CommandTimeout='30']
SELECT [a0].[Name]
FROM [AspNetUserRoles] AS [a]
INNER JOIN [AspNetRoles] AS [a0] ON [a].[RoleId] = [a0].[Id]
WHERE [a].[UserId] = @__userId_0
2025-10-25 19:17:46.483 +03:00 [INF] Executed action InspectionVisits.Api.Controllers.AuthController.Login (InspectionVisits.Api) in 4800.3215ms
2025-10-25 19:17:46.522 +03:00 [INF] Executed endpoint 'InspectionVisits.Api.Controllers.AuthController.Login (InspectionVisits.Api)'
2025-10-25 19:17:46.555 +03:00 [ERR] HTTP POST /api/Auth/login responded 500 in 4915.2431 ms
System.ArgumentOutOfRangeException: IDX10720: Unable to create KeyedHashAlgorithm for algorithm 'HS256', the key size must be greater than: '256' bits, key has '192' bits. (Parameter 'keyBytes')
   at Microsoft.IdentityModel.Tokens.CryptoProviderFactory.ValidateKeySize(Byte[] keyBytes, String algorithm, Int32 expectedNumberOfBytes)
   at Microsoft.IdentityModel.Tokens.CryptoProviderFactory.CreateKeyedHashAlgorithm(Byte[] keyBytes, String algorithm)
   at Microsoft.IdentityModel.Tokens.SymmetricSignatureProvider.CreateKeyedHashAlgorithm()
   at Microsoft.IdentityModel.Tokens.DisposableObjectPool`1.CreateInstance()
   at Microsoft.IdentityModel.Tokens.DisposableObjectPool`1.Allocate()
   at Microsoft.IdentityModel.Tokens.SymmetricSignatureProvider.GetKeyedHashAlgorithm(Byte[] keyBytes, String algorithm)
   at Microsoft.IdentityModel.Tokens.SymmetricSignatureProvider.Sign(Byte[] input)
   at Microsoft.IdentityModel.JsonWebTokens.JwtTokenUtilities.CreateEncodedSignature(String input, SigningCredentials signingCredentials)
   at System.IdentityModel.Tokens.Jwt.JwtSecurityTokenHandler.WriteToken(SecurityToken token)
   at InspectionVisits.Api.Utils.JwtTokenHelper.GenerateToken(ApplicationUser user, IEnumerable`1 roles, String signingKey, Int32 expiresInHours, String issuer, String audience, IEnumerable`1 additionalClaims) in C:\Users\Youssef Ghonem\Downloads\inspection-visits-backend-with-controllers\src\InspectionVisits.Api\Utils\JwtTokenHelper.cs:line 78
   at InspectionVisits.Api.Controllers.AuthController.Login(LoginRequest req) in C:\Users\Youssef Ghonem\Downloads\inspection-visits-backend-with-controllers\src\InspectionVisits.Api\Controllers\AuthController.cs:line 34
   at Microsoft.AspNetCore.Mvc.Infrastructure.ActionMethodExecutor.TaskOfIActionResultExecutor.Execute(ActionContext actionContext, IActionResultTypeMapper mapper, ObjectMethodExecutor executor, Object controller, Object[] arguments)
   at Microsoft.AspNetCore.Mvc.Infrastructure.ControllerActionInvoker.<InvokeActionMethodAsync>g__Awaited|12_0(ControllerActionInvoker invoker, ValueTask`1 actionResultValueTask)
   at Microsoft.AspNetCore.Mvc.Infrastructure.ControllerActionInvoker.<InvokeNextActionFilterAsync>g__Awaited|10_0(ControllerActionInvoker invoker, Task lastTask, State next, Scope scope, Object state, Boolean isCompleted)
   at Microsoft.AspNetCore.Mvc.Infrastructure.ControllerActionInvoker.Rethrow(ActionExecutedContextSealed context)
   at Microsoft.AspNetCore.Mvc.Infrastructure.ControllerActionInvoker.Next(State& next, Scope& scope, Object& state, Boolean& isCompleted)
   at Microsoft.AspNetCore.Mvc.Infrastructure.ControllerActionInvoker.<InvokeInnerFilterAsync>g__Awaited|13_0(ControllerActionInvoker invoker, Task lastTask, State next, Scope scope, Object state, Boolean isCompleted)
   at Microsoft.AspNetCore.Mvc.Infrastructure.ResourceInvoker.<InvokeFilterPipelineAsync>g__Awaited|20_0(ResourceInvoker invoker, Task lastTask, State next, Scope scope, Object state, Boolean isCompleted)
   at Microsoft.AspNetCore.Mvc.Infrastructure.ResourceInvoker.<InvokeAsync>g__Logged|17_1(ResourceInvoker invoker)
   at Microsoft.AspNetCore.Mvc.Infrastructure.ResourceInvoker.<InvokeAsync>g__Logged|17_1(ResourceInvoker invoker)
   at Microsoft.AspNetCore.Routing.EndpointMiddleware.<Invoke>g__AwaitRequestTask|7_0(Endpoint endpoint, Task requestTask, ILogger logger)
   at Microsoft.AspNetCore.Authorization.AuthorizationMiddleware.Invoke(HttpContext context)
   at Microsoft.AspNetCore.Authentication.AuthenticationMiddleware.Invoke(HttpContext context)
   at Serilog.AspNetCore.RequestLoggingMiddleware.Invoke(HttpContext httpContext)
2025-10-25 19:17:46.630 +03:00 [ERR] An unhandled exception has occurred while executing the request.
System.ArgumentOutOfRangeException: IDX10720: Unable to create KeyedHashAlgorithm for algorithm 'HS256', the key size must be greater than: '256' bits, key has '192' bits. (Parameter 'keyBytes')
   at Microsoft.IdentityModel.Tokens.CryptoProviderFactory.ValidateKeySize(Byte[] keyBytes, String algorithm, Int32 expectedNumberOfBytes)
   at Microsoft.IdentityModel.Tokens.CryptoProviderFactory.CreateKeyedHashAlgorithm(Byte[] keyBytes, String algorithm)
   at Microsoft.IdentityModel.Tokens.SymmetricSignatureProvider.CreateKeyedHashAlgorithm()
   at Microsoft.IdentityModel.Tokens.DisposableObjectPool`1.CreateInstance()
   at Microsoft.IdentityModel.Tokens.DisposableObjectPool`1.Allocate()
   at Microsoft.IdentityModel.Tokens.SymmetricSignatureProvider.GetKeyedHashAlgorithm(Byte[] keyBytes, String algorithm)
   at Microsoft.IdentityModel.Tokens.SymmetricSignatureProvider.Sign(Byte[] input)
   at Microsoft.IdentityModel.JsonWebTokens.JwtTokenUtilities.CreateEncodedSignature(String input, SigningCredentials signingCredentials)
   at System.IdentityModel.Tokens.Jwt.JwtSecurityTokenHandler.WriteToken(SecurityToken token)
   at InspectionVisits.Api.Utils.JwtTokenHelper.GenerateToken(ApplicationUser user, IEnumerable`1 roles, String signingKey, Int32 expiresInHours, String issuer, String audience, IEnumerable`1 additionalClaims) in C:\Users\Youssef Ghonem\Downloads\inspection-visits-backend-with-controllers\src\InspectionVisits.Api\Utils\JwtTokenHelper.cs:line 78
   at InspectionVisits.Api.Controllers.AuthController.Login(LoginRequest req) in C:\Users\Youssef Ghonem\Downloads\inspection-visits-backend-with-controllers\src\InspectionVisits.Api\Controllers\AuthController.cs:line 34
   at Microsoft.AspNetCore.Mvc.Infrastructure.ActionMethodExecutor.TaskOfIActionResultExecutor.Execute(ActionContext actionContext, IActionResultTypeMapper mapper, ObjectMethodExecutor executor, Object controller, Object[] arguments)
   at Microsoft.AspNetCore.Mvc.Infrastructure.ControllerActionInvoker.<InvokeActionMethodAsync>g__Awaited|12_0(ControllerActionInvoker invoker, ValueTask`1 actionResultValueTask)
   at Microsoft.AspNetCore.Mvc.Infrastructure.ControllerActionInvoker.<InvokeNextActionFilterAsync>g__Awaited|10_0(ControllerActionInvoker invoker, Task lastTask, State next, Scope scope, Object state, Boolean isCompleted)
   at Microsoft.AspNetCore.Mvc.Infrastructure.ControllerActionInvoker.Rethrow(ActionExecutedContextSealed context)
   at Microsoft.AspNetCore.Mvc.Infrastructure.ControllerActionInvoker.Next(State& next, Scope& scope, Object& state, Boolean& isCompleted)
   at Microsoft.AspNetCore.Mvc.Infrastructure.ControllerActionInvoker.<InvokeInnerFilterAsync>g__Awaited|13_0(ControllerActionInvoker invoker, Task lastTask, State next, Scope scope, Object state, Boolean isCompleted)
   at Microsoft.AspNetCore.Mvc.Infrastructure.ResourceInvoker.<InvokeFilterPipelineAsync>g__Awaited|20_0(ResourceInvoker invoker, Task lastTask, State next, Scope scope, Object state, Boolean isCompleted)
   at Microsoft.AspNetCore.Mvc.Infrastructure.ResourceInvoker.<InvokeAsync>g__Logged|17_1(ResourceInvoker invoker)
   at Microsoft.AspNetCore.Mvc.Infrastructure.ResourceInvoker.<InvokeAsync>g__Logged|17_1(ResourceInvoker invoker)
   at Microsoft.AspNetCore.Routing.EndpointMiddleware.<Invoke>g__AwaitRequestTask|7_0(Endpoint endpoint, Task requestTask, ILogger logger)
   at Microsoft.AspNetCore.Authorization.AuthorizationMiddleware.Invoke(HttpContext context)
   at Microsoft.AspNetCore.Authentication.AuthenticationMiddleware.Invoke(HttpContext context)
   at Serilog.AspNetCore.RequestLoggingMiddleware.Invoke(HttpContext httpContext)
   at Swashbuckle.AspNetCore.SwaggerUI.SwaggerUIMiddleware.Invoke(HttpContext httpContext)
   at Swashbuckle.AspNetCore.Swagger.SwaggerMiddleware.Invoke(HttpContext httpContext, ISwaggerProvider swaggerProvider)
   at Microsoft.AspNetCore.Diagnostics.ExceptionHandlerMiddlewareImpl.<Invoke>g__Awaited|10_0(ExceptionHandlerMiddlewareImpl middleware, HttpContext context, Task task)
2025-10-25 19:17:46.642 +03:00 [INF] Executing endpoint '/error'
2025-10-25 19:17:46.655 +03:00 [INF] Setting HTTP status code 500.
2025-10-25 19:17:46.667 +03:00 [INF] Executed endpoint '/error'
2025-10-25 19:17:46.669 +03:00 [ERR] HTTP POST /error responded 500 in 28.0480 ms
2025-10-25 19:17:46.675 +03:00 [INF] Request finished HTTP/2 POST https://localhost:63886/api/Auth/login - 500 null application/problem+json 5042.6103ms
2025-10-25 19:18:22.996 +03:00 [INF] User profile is available. Using 'C:\Users\Youssef Ghonem\AppData\Local\ASP.NET\DataProtection-Keys' as key repository and Windows DPAPI to encrypt keys at rest.
2025-10-25 19:18:24.697 +03:00 [INF] Executed DbCommand (41ms) [Parameters=[], CommandType='"Text"', CommandTimeout='30']
SELECT 1
2025-10-25 19:18:24.780 +03:00 [INF] Executed DbCommand (48ms) [Parameters=[], CommandType='"Text"', CommandTimeout='30']
SELECT OBJECT_ID(N'[__EFMigrationsHistory]');
2025-10-25 19:18:24.792 +03:00 [INF] Executed DbCommand (2ms) [Parameters=[], CommandType='"Text"', CommandTimeout='30']
SELECT 1
2025-10-25 19:18:24.806 +03:00 [INF] Executed DbCommand (1ms) [Parameters=[], CommandType='"Text"', CommandTimeout='30']
SELECT OBJECT_ID(N'[__EFMigrationsHistory]');
2025-10-25 19:18:24.847 +03:00 [INF] Executed DbCommand (10ms) [Parameters=[], CommandType='"Text"', CommandTimeout='30']
SELECT [MigrationId], [ProductVersion]
FROM [__EFMigrationsHistory]
ORDER BY [MigrationId];
2025-10-25 19:18:24.890 +03:00 [INF] No migrations were applied. The database is already up to date.
2025-10-25 19:18:25.314 +03:00 [INF] Executed DbCommand (41ms) [Parameters=[@__role_0='?' (Size = 256)], CommandType='"Text"', CommandTimeout='30']
SELECT CASE
    WHEN EXISTS (
        SELECT 1
        FROM [AspNetRoles] AS [a]
        WHERE [a].[Name] = @__role_0) THEN CAST(1 AS bit)
    ELSE CAST(0 AS bit)
END
2025-10-25 19:18:25.325 +03:00 [INF] Executed DbCommand (1ms) [Parameters=[@__role_0='?' (Size = 256)], CommandType='"Text"', CommandTimeout='30']
SELECT CASE
    WHEN EXISTS (
        SELECT 1
        FROM [AspNetRoles] AS [a]
        WHERE [a].[Name] = @__role_0) THEN CAST(1 AS bit)
    ELSE CAST(0 AS bit)
END
2025-10-25 19:18:25.390 +03:00 [INF] Executed DbCommand (4ms) [Parameters=[@__adminEmail_0='?' (Size = 256)], CommandType='"Text"', CommandTimeout='30']
SELECT TOP(1) [a].[Id], [a].[AccessFailedCount], [a].[ConcurrencyStamp], [a].[Email], [a].[EmailConfirmed], [a].[FullName], [a].[LockoutEnabled], [a].[LockoutEnd], [a].[NormalizedEmail], [a].[NormalizedUserName], [a].[PasswordHash], [a].[PhoneNumber], [a].[PhoneNumberConfirmed], [a].[SecurityStamp], [a].[TwoFactorEnabled], [a].[UserName]
FROM [AspNetUsers] AS [a]
WHERE [a].[Email] = @__adminEmail_0
2025-10-25 19:18:25.529 +03:00 [INF] Executed DbCommand (6ms) [Parameters=[@__inspEmail_0='?' (Size = 256)], CommandType='"Text"', CommandTimeout='30']
SELECT TOP(1) [a].[Id], [a].[AccessFailedCount], [a].[ConcurrencyStamp], [a].[Email], [a].[EmailConfirmed], [a].[FullName], [a].[LockoutEnabled], [a].[LockoutEnd], [a].[NormalizedEmail], [a].[NormalizedUserName], [a].[PasswordHash], [a].[PhoneNumber], [a].[PhoneNumberConfirmed], [a].[SecurityStamp], [a].[TwoFactorEnabled], [a].[UserName]
FROM [AspNetUsers] AS [a]
WHERE [a].[Email] = @__inspEmail_0
2025-10-25 19:18:25.567 +03:00 [INF] Executed DbCommand (19ms) [Parameters=[], CommandType='"Text"', CommandTimeout='30']
SELECT CASE
    WHEN EXISTS (
        SELECT 1
        FROM [Inspectors] AS [i]) THEN CAST(1 AS bit)
    ELSE CAST(0 AS bit)
END
2025-10-25 19:18:25.582 +03:00 [INF] Executed DbCommand (4ms) [Parameters=[], CommandType='"Text"', CommandTimeout='30']
SELECT CASE
    WHEN EXISTS (
        SELECT 1
        FROM [EntitiesToInspect] AS [e]) THEN CAST(1 AS bit)
    ELSE CAST(0 AS bit)
END
2025-10-25 19:18:25.614 +03:00 [INF] Database seeded.
2025-10-25 19:18:25.913 +03:00 [INF] Now listening on: https://localhost:63886
2025-10-25 19:18:25.915 +03:00 [INF] Now listening on: http://localhost:63887
2025-10-25 19:18:26.027 +03:00 [INF] Application started. Press Ctrl+C to shut down.
2025-10-25 19:18:26.030 +03:00 [INF] Hosting environment: Development
2025-10-25 19:18:26.033 +03:00 [INF] Content root path: C:\Users\Youssef Ghonem\Downloads\inspection-visits-backend-with-controllers\src\InspectionVisits.Api
2025-10-25 19:18:26.332 +03:00 [INF] Request starting HTTP/2 GET https://localhost:63886/ - null null
2025-10-25 19:18:26.564 +03:00 [INF] HTTP GET / responded 404 in 50.7202 ms
2025-10-25 19:18:26.578 +03:00 [INF] Request finished HTTP/2 GET https://localhost:63886/ - 404 0 null 251.1415ms
2025-10-25 19:18:26.590 +03:00 [INF] Request reached the end of the middleware pipeline without being handled by application code. Request path: GET https://localhost:63886/, Response status code: 404
2025-10-25 19:18:29.814 +03:00 [INF] Request starting HTTP/2 GET https://localhost:63886/swagger/index.html - null null
2025-10-25 19:18:29.921 +03:00 [INF] Request finished HTTP/2 GET https://localhost:63886/swagger/index.html - 200 null text/html;charset=utf-8 107.5414ms
2025-10-25 19:18:29.948 +03:00 [INF] Request starting HTTP/2 GET https://localhost:63886/_framework/aspnetcore-browser-refresh.js - null null
2025-10-25 19:18:29.949 +03:00 [INF] Request starting HTTP/2 GET https://localhost:63886/_vs/browserLink - null null
2025-10-25 19:18:29.974 +03:00 [INF] Request finished HTTP/2 GET https://localhost:63886/_framework/aspnetcore-browser-refresh.js - 200 16525 application/javascript; charset=utf-8 26.0452ms
2025-10-25 19:18:30.011 +03:00 [INF] Request finished HTTP/2 GET https://localhost:63886/_vs/browserLink - 200 null text/javascript; charset=UTF-8 61.8932ms
2025-10-25 19:18:30.033 +03:00 [INF] Request starting HTTP/2 GET https://localhost:63886/swagger/v1/swagger.json - null null
2025-10-25 19:18:30.063 +03:00 [INF] Request finished HTTP/2 GET https://localhost:63886/swagger/v1/swagger.json - 200 null application/json;charset=utf-8 29.6679ms
2025-10-25 19:18:34.127 +03:00 [INF] Request starting HTTP/2 POST https://localhost:63886/api/Auth/login - application/json 60
2025-10-25 19:18:34.138 +03:00 [INF] Executing endpoint 'InspectionVisits.Api.Controllers.AuthController.Login (InspectionVisits.Api)'
2025-10-25 19:18:34.167 +03:00 [INF] Route matched with {action = "Login", controller = "Auth"}. Executing controller action with signature System.Threading.Tasks.Task`1[Microsoft.AspNetCore.Mvc.IActionResult] Login(LoginRequest) on controller InspectionVisits.Api.Controllers.AuthController (InspectionVisits.Api).
2025-10-25 19:18:36.294 +03:00 [INF] Executed DbCommand (9ms) [Parameters=[@__normalizedEmail_0='?' (Size = 256)], CommandType='"Text"', CommandTimeout='30']
SELECT TOP(2) [a].[Id], [a].[AccessFailedCount], [a].[ConcurrencyStamp], [a].[Email], [a].[EmailConfirmed], [a].[FullName], [a].[LockoutEnabled], [a].[LockoutEnd], [a].[NormalizedEmail], [a].[NormalizedUserName], [a].[PasswordHash], [a].[PhoneNumber], [a].[PhoneNumberConfirmed], [a].[SecurityStamp], [a].[TwoFactorEnabled], [a].[UserName]
FROM [AspNetUsers] AS [a]
WHERE [a].[NormalizedEmail] = @__normalizedEmail_0
2025-10-25 19:18:36.497 +03:00 [INF] Executed DbCommand (8ms) [Parameters=[@__userId_0='?' (DbType = Int32)], CommandType='"Text"', CommandTimeout='30']
SELECT [a0].[Name]
FROM [AspNetUserRoles] AS [a]
INNER JOIN [AspNetRoles] AS [a0] ON [a].[RoleId] = [a0].[Id]
WHERE [a].[UserId] = @__userId_0
2025-10-25 19:18:36.566 +03:00 [INF] Executed action InspectionVisits.Api.Controllers.AuthController.Login (InspectionVisits.Api) in 2388.9996ms
2025-10-25 19:18:36.570 +03:00 [INF] Executed endpoint 'InspectionVisits.Api.Controllers.AuthController.Login (InspectionVisits.Api)'
2025-10-25 19:18:36.573 +03:00 [ERR] HTTP POST /api/Auth/login responded 500 in 2438.5885 ms
System.ArgumentOutOfRangeException: IDX10720: Unable to create KeyedHashAlgorithm for algorithm 'HS256', the key size must be greater than: '256' bits, key has '192' bits. (Parameter 'keyBytes')
   at Microsoft.IdentityModel.Tokens.CryptoProviderFactory.ValidateKeySize(Byte[] keyBytes, String algorithm, Int32 expectedNumberOfBytes)
   at Microsoft.IdentityModel.Tokens.CryptoProviderFactory.CreateKeyedHashAlgorithm(Byte[] keyBytes, String algorithm)
   at Microsoft.IdentityModel.Tokens.SymmetricSignatureProvider.CreateKeyedHashAlgorithm()
   at Microsoft.IdentityModel.Tokens.DisposableObjectPool`1.CreateInstance()
   at Microsoft.IdentityModel.Tokens.DisposableObjectPool`1.Allocate()
   at Microsoft.IdentityModel.Tokens.SymmetricSignatureProvider.GetKeyedHashAlgorithm(Byte[] keyBytes, String algorithm)
   at Microsoft.IdentityModel.Tokens.SymmetricSignatureProvider.Sign(Byte[] input)
   at Microsoft.IdentityModel.JsonWebTokens.JwtTokenUtilities.CreateEncodedSignature(String input, SigningCredentials signingCredentials)
   at System.IdentityModel.Tokens.Jwt.JwtSecurityTokenHandler.WriteToken(SecurityToken token)
   at InspectionVisits.Api.Utils.JwtTokenHelper.GenerateToken(ApplicationUser user, IEnumerable`1 roles, String signingKey, Int32 expiresInHours, String issuer, String audience, IEnumerable`1 additionalClaims) in C:\Users\Youssef Ghonem\Downloads\inspection-visits-backend-with-controllers\src\InspectionVisits.Api\Utils\JwtTokenHelper.cs:line 78
   at InspectionVisits.Api.Controllers.AuthController.Login(LoginRequest req) in C:\Users\Youssef Ghonem\Downloads\inspection-visits-backend-with-controllers\src\InspectionVisits.Api\Controllers\AuthController.cs:line 35
   at Microsoft.AspNetCore.Mvc.Infrastructure.ActionMethodExecutor.TaskOfIActionResultExecutor.Execute(ActionContext actionContext, IActionResultTypeMapper mapper, ObjectMethodExecutor executor, Object controller, Object[] arguments)
   at Microsoft.AspNetCore.Mvc.Infrastructure.ControllerActionInvoker.<InvokeActionMethodAsync>g__Awaited|12_0(ControllerActionInvoker invoker, ValueTask`1 actionResultValueTask)
   at Microsoft.AspNetCore.Mvc.Infrastructure.ControllerActionInvoker.<InvokeNextActionFilterAsync>g__Awaited|10_0(ControllerActionInvoker invoker, Task lastTask, State next, Scope scope, Object state, Boolean isCompleted)
   at Microsoft.AspNetCore.Mvc.Infrastructure.ControllerActionInvoker.Rethrow(ActionExecutedContextSealed context)
   at Microsoft.AspNetCore.Mvc.Infrastructure.ControllerActionInvoker.Next(State& next, Scope& scope, Object& state, Boolean& isCompleted)
   at Microsoft.AspNetCore.Mvc.Infrastructure.ControllerActionInvoker.<InvokeInnerFilterAsync>g__Awaited|13_0(ControllerActionInvoker invoker, Task lastTask, State next, Scope scope, Object state, Boolean isCompleted)
   at Microsoft.AspNetCore.Mvc.Infrastructure.ResourceInvoker.<InvokeFilterPipelineAsync>g__Awaited|20_0(ResourceInvoker invoker, Task lastTask, State next, Scope scope, Object state, Boolean isCompleted)
   at Microsoft.AspNetCore.Mvc.Infrastructure.ResourceInvoker.<InvokeAsync>g__Logged|17_1(ResourceInvoker invoker)
   at Microsoft.AspNetCore.Mvc.Infrastructure.ResourceInvoker.<InvokeAsync>g__Logged|17_1(ResourceInvoker invoker)
   at Microsoft.AspNetCore.Routing.EndpointMiddleware.<Invoke>g__AwaitRequestTask|7_0(Endpoint endpoint, Task requestTask, ILogger logger)
   at Microsoft.AspNetCore.Authorization.AuthorizationMiddleware.Invoke(HttpContext context)
   at Microsoft.AspNetCore.Authentication.AuthenticationMiddleware.Invoke(HttpContext context)
   at Serilog.AspNetCore.RequestLoggingMiddleware.Invoke(HttpContext httpContext)
2025-10-25 19:18:36.622 +03:00 [ERR] An unhandled exception has occurred while executing the request.
System.ArgumentOutOfRangeException: IDX10720: Unable to create KeyedHashAlgorithm for algorithm 'HS256', the key size must be greater than: '256' bits, key has '192' bits. (Parameter 'keyBytes')
   at Microsoft.IdentityModel.Tokens.CryptoProviderFactory.ValidateKeySize(Byte[] keyBytes, String algorithm, Int32 expectedNumberOfBytes)
   at Microsoft.IdentityModel.Tokens.CryptoProviderFactory.CreateKeyedHashAlgorithm(Byte[] keyBytes, String algorithm)
   at Microsoft.IdentityModel.Tokens.SymmetricSignatureProvider.CreateKeyedHashAlgorithm()
   at Microsoft.IdentityModel.Tokens.DisposableObjectPool`1.CreateInstance()
   at Microsoft.IdentityModel.Tokens.DisposableObjectPool`1.Allocate()
   at Microsoft.IdentityModel.Tokens.SymmetricSignatureProvider.GetKeyedHashAlgorithm(Byte[] keyBytes, String algorithm)
   at Microsoft.IdentityModel.Tokens.SymmetricSignatureProvider.Sign(Byte[] input)
   at Microsoft.IdentityModel.JsonWebTokens.JwtTokenUtilities.CreateEncodedSignature(String input, SigningCredentials signingCredentials)
   at System.IdentityModel.Tokens.Jwt.JwtSecurityTokenHandler.WriteToken(SecurityToken token)
   at InspectionVisits.Api.Utils.JwtTokenHelper.GenerateToken(ApplicationUser user, IEnumerable`1 roles, String signingKey, Int32 expiresInHours, String issuer, String audience, IEnumerable`1 additionalClaims) in C:\Users\Youssef Ghonem\Downloads\inspection-visits-backend-with-controllers\src\InspectionVisits.Api\Utils\JwtTokenHelper.cs:line 78
   at InspectionVisits.Api.Controllers.AuthController.Login(LoginRequest req) in C:\Users\Youssef Ghonem\Downloads\inspection-visits-backend-with-controllers\src\InspectionVisits.Api\Controllers\AuthController.cs:line 35
   at Microsoft.AspNetCore.Mvc.Infrastructure.ActionMethodExecutor.TaskOfIActionResultExecutor.Execute(ActionContext actionContext, IActionResultTypeMapper mapper, ObjectMethodExecutor executor, Object controller, Object[] arguments)
   at Microsoft.AspNetCore.Mvc.Infrastructure.ControllerActionInvoker.<InvokeActionMethodAsync>g__Awaited|12_0(ControllerActionInvoker invoker, ValueTask`1 actionResultValueTask)
   at Microsoft.AspNetCore.Mvc.Infrastructure.ControllerActionInvoker.<InvokeNextActionFilterAsync>g__Awaited|10_0(ControllerActionInvoker invoker, Task lastTask, State next, Scope scope, Object state, Boolean isCompleted)
   at Microsoft.AspNetCore.Mvc.Infrastructure.ControllerActionInvoker.Rethrow(ActionExecutedContextSealed context)
   at Microsoft.AspNetCore.Mvc.Infrastructure.ControllerActionInvoker.Next(State& next, Scope& scope, Object& state, Boolean& isCompleted)
   at Microsoft.AspNetCore.Mvc.Infrastructure.ControllerActionInvoker.<InvokeInnerFilterAsync>g__Awaited|13_0(ControllerActionInvoker invoker, Task lastTask, State next, Scope scope, Object state, Boolean isCompleted)
   at Microsoft.AspNetCore.Mvc.Infrastructure.ResourceInvoker.<InvokeFilterPipelineAsync>g__Awaited|20_0(ResourceInvoker invoker, Task lastTask, State next, Scope scope, Object state, Boolean isCompleted)
   at Microsoft.AspNetCore.Mvc.Infrastructure.ResourceInvoker.<InvokeAsync>g__Logged|17_1(ResourceInvoker invoker)
   at Microsoft.AspNetCore.Mvc.Infrastructure.ResourceInvoker.<InvokeAsync>g__Logged|17_1(ResourceInvoker invoker)
   at Microsoft.AspNetCore.Routing.EndpointMiddleware.<Invoke>g__AwaitRequestTask|7_0(Endpoint endpoint, Task requestTask, ILogger logger)
   at Microsoft.AspNetCore.Authorization.AuthorizationMiddleware.Invoke(HttpContext context)
   at Microsoft.AspNetCore.Authentication.AuthenticationMiddleware.Invoke(HttpContext context)
   at Serilog.AspNetCore.RequestLoggingMiddleware.Invoke(HttpContext httpContext)
   at Swashbuckle.AspNetCore.SwaggerUI.SwaggerUIMiddleware.Invoke(HttpContext httpContext)
   at Swashbuckle.AspNetCore.Swagger.SwaggerMiddleware.Invoke(HttpContext httpContext, ISwaggerProvider swaggerProvider)
   at Microsoft.AspNetCore.Diagnostics.ExceptionHandlerMiddlewareImpl.<Invoke>g__Awaited|10_0(ExceptionHandlerMiddlewareImpl middleware, HttpContext context, Task task)
2025-10-25 19:18:36.634 +03:00 [INF] Executing endpoint '/error'
2025-10-25 19:18:36.646 +03:00 [INF] Setting HTTP status code 500.
2025-10-25 19:18:36.675 +03:00 [INF] Executed endpoint '/error'
2025-10-25 19:18:36.682 +03:00 [ERR] HTTP POST /error responded 500 in 48.7576 ms
2025-10-25 19:18:36.701 +03:00 [INF] Request finished HTTP/2 POST https://localhost:63886/api/Auth/login - 500 null application/problem+json 2574.4083ms
