2025-10-25 21:13:56.458 +03:00 [INF] User profile is available. Using 'C:\Users\Youssef Ghonem\AppData\Local\ASP.NET\DataProtection-Keys' as key repository and Windows DPAPI to encrypt keys at rest.
2025-10-25 21:13:58.452 +03:00 [INF] Executed DbCommand (47ms) [Parameters=[], CommandType='"Text"', CommandTimeout='30']
SELECT 1
2025-10-25 21:13:58.530 +03:00 [INF] Executed DbCommand (48ms) [Parameters=[], CommandType='"Text"', CommandTimeout='30']
SELECT OBJECT_ID(N'[__EFMigrationsHistory]');
2025-10-25 21:13:58.543 +03:00 [INF] Executed DbCommand (1ms) [Parameters=[], CommandType='"Text"', CommandTimeout='30']
SELECT 1
2025-10-25 21:13:58.561 +03:00 [INF] Executed DbCommand (3ms) [Parameters=[], CommandType='"Text"', CommandTimeout='30']
SELECT OBJECT_ID(N'[__EFMigrationsHistory]');
2025-10-25 21:13:58.647 +03:00 [INF] Executed DbCommand (50ms) [Parameters=[], CommandType='"Text"', CommandTimeout='30']
SELECT [MigrationId], [ProductVersion]
FROM [__EFMigrationsHistory]
ORDER BY [MigrationId];
2025-10-25 21:13:58.685 +03:00 [INF] No migrations were applied. The database is already up to date.
2025-10-25 21:13:59.165 +03:00 [INF] Executed DbCommand (68ms) [Parameters=[@__role_0='?' (Size = 256)], CommandType='"Text"', CommandTimeout='30']
SELECT CASE
    WHEN EXISTS (
        SELECT 1
        FROM [AspNetRoles] AS [a]
        WHERE [a].[Name] = @__role_0) THEN CAST(1 AS bit)
    ELSE CAST(0 AS bit)
END
2025-10-25 21:13:59.193 +03:00 [INF] Executed DbCommand (3ms) [Parameters=[@__role_0='?' (Size = 256)], CommandType='"Text"', CommandTimeout='30']
SELECT CASE
    WHEN EXISTS (
        SELECT 1
        FROM [AspNetRoles] AS [a]
        WHERE [a].[Name] = @__role_0) THEN CAST(1 AS bit)
    ELSE CAST(0 AS bit)
END
2025-10-25 21:13:59.316 +03:00 [INF] Executed DbCommand (21ms) [Parameters=[@__adminEmail_0='?' (Size = 256)], CommandType='"Text"', CommandTimeout='30']
SELECT TOP(1) [a].[Id], [a].[AccessFailedCount], [a].[ConcurrencyStamp], [a].[Email], [a].[EmailConfirmed], [a].[FullName], [a].[LockoutEnabled], [a].[LockoutEnd], [a].[NormalizedEmail], [a].[NormalizedUserName], [a].[PasswordHash], [a].[PhoneNumber], [a].[PhoneNumberConfirmed], [a].[SecurityStamp], [a].[TwoFactorEnabled], [a].[UserName]
FROM [AspNetUsers] AS [a]
WHERE [a].[Email] = @__adminEmail_0
2025-10-25 21:13:59.443 +03:00 [INF] Executed DbCommand (5ms) [Parameters=[@__inspEmail_0='?' (Size = 256)], CommandType='"Text"', CommandTimeout='30']
SELECT TOP(1) [a].[Id], [a].[AccessFailedCount], [a].[ConcurrencyStamp], [a].[Email], [a].[EmailConfirmed], [a].[FullName], [a].[LockoutEnabled], [a].[LockoutEnd], [a].[NormalizedEmail], [a].[NormalizedUserName], [a].[PasswordHash], [a].[PhoneNumber], [a].[PhoneNumberConfirmed], [a].[SecurityStamp], [a].[TwoFactorEnabled], [a].[UserName]
FROM [AspNetUsers] AS [a]
WHERE [a].[Email] = @__inspEmail_0
2025-10-25 21:13:59.474 +03:00 [INF] Executed DbCommand (7ms) [Parameters=[], CommandType='"Text"', CommandTimeout='30']
SELECT CASE
    WHEN EXISTS (
        SELECT 1
        FROM [Inspectors] AS [i]) THEN CAST(1 AS bit)
    ELSE CAST(0 AS bit)
END
2025-10-25 21:13:59.491 +03:00 [INF] Executed DbCommand (4ms) [Parameters=[], CommandType='"Text"', CommandTimeout='30']
SELECT CASE
    WHEN EXISTS (
        SELECT 1
        FROM [EntitiesToInspect] AS [e]) THEN CAST(1 AS bit)
    ELSE CAST(0 AS bit)
END
2025-10-25 21:13:59.546 +03:00 [INF] Database seeded.
2025-10-25 21:14:00.156 +03:00 [INF] Now listening on: https://localhost:63886
2025-10-25 21:14:00.161 +03:00 [INF] Now listening on: http://localhost:63887
2025-10-25 21:14:00.329 +03:00 [INF] Application started. Press Ctrl+C to shut down.
2025-10-25 21:14:00.332 +03:00 [INF] Hosting environment: Development
2025-10-25 21:14:00.336 +03:00 [INF] Content root path: C:\Users\Youssef Ghonem\Downloads\adreeTask\inspection-visits-backend\src\InspectionVisits.Api
2025-10-25 21:14:00.668 +03:00 [INF] Request starting HTTP/2 GET https://localhost:63886/ - null null
2025-10-25 21:14:00.933 +03:00 [INF] HTTP GET / responded 404 in 57.4164 ms
2025-10-25 21:14:00.951 +03:00 [INF] Request finished HTTP/2 GET https://localhost:63886/ - 404 0 null 291.8032ms
2025-10-25 21:14:00.968 +03:00 [INF] Request reached the end of the middleware pipeline without being handled by application code. Request path: GET https://localhost:63886/, Response status code: 404
2025-10-25 21:15:25.516 +03:00 [INF] Request starting HTTP/2 OPTIONS https://localhost:63886//api/entities - null null
2025-10-25 21:15:25.536 +03:00 [INF] CORS policy execution successful.
2025-10-25 21:15:25.545 +03:00 [INF] Request finished HTTP/2 OPTIONS https://localhost:63886//api/entities - 204 null null 29.0735ms
2025-10-25 21:15:25.557 +03:00 [INF] Request starting HTTP/2 GET https://localhost:63886//api/entities - null null
2025-10-25 21:15:25.584 +03:00 [INF] CORS policy execution successful.
2025-10-25 21:15:25.729 +03:00 [INF] HTTP GET //api/entities responded 404 in 126.9066 ms
2025-10-25 21:15:25.743 +03:00 [INF] Request finished HTTP/2 GET https://localhost:63886//api/entities - 404 0 null 186.0534ms
2025-10-25 21:15:25.766 +03:00 [INF] Request reached the end of the middleware pipeline without being handled by application code. Request path: GET https://localhost:63886//api/entities, Response status code: 404
2025-10-25 21:15:26.549 +03:00 [INF] Request starting HTTP/2 OPTIONS https://localhost:63886/api/entities - null null
2025-10-25 21:15:26.563 +03:00 [INF] CORS policy execution successful.
2025-10-25 21:15:26.566 +03:00 [INF] Request finished HTTP/2 OPTIONS https://localhost:63886/api/entities - 204 null null 17.8095ms
2025-10-25 21:15:26.577 +03:00 [INF] Request starting HTTP/2 GET https://localhost:63886/api/entities - null null
2025-10-25 21:15:26.592 +03:00 [INF] CORS policy execution successful.
2025-10-25 21:15:26.612 +03:00 [INF] Executing endpoint 'InspectionVisits.Api.Controllers.EntitiesController.List (InspectionVisits.Api)'
2025-10-25 21:15:26.654 +03:00 [INF] Route matched with {action = "List", controller = "Entities"}. Executing controller action with signature System.Threading.Tasks.Task`1[System.Collections.Generic.List`1[InspectionVisits.Application.DTOs.EntityToInspectDto]] List(System.String) on controller InspectionVisits.Api.Controllers.EntitiesController (InspectionVisits.Api).
2025-10-25 21:15:26.949 +03:00 [INF] Executed DbCommand (11ms) [Parameters=[], CommandType='"Text"', CommandTimeout='30']
SELECT [e].[Id], [e].[Name], [e].[Address], [e].[Category]
FROM [EntitiesToInspect] AS [e]
2025-10-25 21:15:26.973 +03:00 [INF] Executing ObjectResult, writing value of type 'System.Collections.Generic.List`1[[InspectionVisits.Application.DTOs.EntityToInspectDto, InspectionVisits.Application, Version=1.0.0.0, Culture=neutral, PublicKeyToken=null]]'.
2025-10-25 21:15:27.003 +03:00 [INF] Executed action InspectionVisits.Api.Controllers.EntitiesController.List (InspectionVisits.Api) in 333.6848ms
2025-10-25 21:15:27.008 +03:00 [INF] Executed endpoint 'InspectionVisits.Api.Controllers.EntitiesController.List (InspectionVisits.Api)'
2025-10-25 21:15:27.013 +03:00 [INF] HTTP GET /api/entities responded 200 in 416.4733 ms
2025-10-25 21:15:27.029 +03:00 [INF] Request finished HTTP/2 GET https://localhost:63886/api/entities - 200 null application/json; charset=utf-8 451.7292ms
2025-10-25 21:17:07.976 +03:00 [INF] User profile is available. Using 'C:\Users\Youssef Ghonem\AppData\Local\ASP.NET\DataProtection-Keys' as key repository and Windows DPAPI to encrypt keys at rest.
2025-10-25 21:17:09.495 +03:00 [INF] Executed DbCommand (39ms) [Parameters=[], CommandType='"Text"', CommandTimeout='30']
SELECT 1
2025-10-25 21:17:09.584 +03:00 [INF] Executed DbCommand (54ms) [Parameters=[], CommandType='"Text"', CommandTimeout='30']
SELECT OBJECT_ID(N'[__EFMigrationsHistory]');
2025-10-25 21:17:09.598 +03:00 [INF] Executed DbCommand (2ms) [Parameters=[], CommandType='"Text"', CommandTimeout='30']
SELECT 1
2025-10-25 21:17:09.612 +03:00 [INF] Executed DbCommand (1ms) [Parameters=[], CommandType='"Text"', CommandTimeout='30']
SELECT OBJECT_ID(N'[__EFMigrationsHistory]');
2025-10-25 21:17:09.670 +03:00 [INF] Executed DbCommand (28ms) [Parameters=[], CommandType='"Text"', CommandTimeout='30']
SELECT [MigrationId], [ProductVersion]
FROM [__EFMigrationsHistory]
ORDER BY [MigrationId];
2025-10-25 21:17:09.707 +03:00 [INF] No migrations were applied. The database is already up to date.
2025-10-25 21:17:10.105 +03:00 [INF] Executed DbCommand (33ms) [Parameters=[@__role_0='?' (Size = 256)], CommandType='"Text"', CommandTimeout='30']
SELECT CASE
    WHEN EXISTS (
        SELECT 1
        FROM [AspNetRoles] AS [a]
        WHERE [a].[Name] = @__role_0) THEN CAST(1 AS bit)
    ELSE CAST(0 AS bit)
END
2025-10-25 21:17:10.126 +03:00 [INF] Executed DbCommand (2ms) [Parameters=[@__role_0='?' (Size = 256)], CommandType='"Text"', CommandTimeout='30']
SELECT CASE
    WHEN EXISTS (
        SELECT 1
        FROM [AspNetRoles] AS [a]
        WHERE [a].[Name] = @__role_0) THEN CAST(1 AS bit)
    ELSE CAST(0 AS bit)
END
2025-10-25 21:17:10.205 +03:00 [INF] Executed DbCommand (3ms) [Parameters=[@__adminEmail_0='?' (Size = 256)], CommandType='"Text"', CommandTimeout='30']
SELECT TOP(1) [a].[Id], [a].[AccessFailedCount], [a].[ConcurrencyStamp], [a].[Email], [a].[EmailConfirmed], [a].[FullName], [a].[LockoutEnabled], [a].[LockoutEnd], [a].[NormalizedEmail], [a].[NormalizedUserName], [a].[PasswordHash], [a].[PhoneNumber], [a].[PhoneNumberConfirmed], [a].[SecurityStamp], [a].[TwoFactorEnabled], [a].[UserName]
FROM [AspNetUsers] AS [a]
WHERE [a].[Email] = @__adminEmail_0
2025-10-25 21:17:10.342 +03:00 [INF] Executed DbCommand (4ms) [Parameters=[@__inspEmail_0='?' (Size = 256)], CommandType='"Text"', CommandTimeout='30']
SELECT TOP(1) [a].[Id], [a].[AccessFailedCount], [a].[ConcurrencyStamp], [a].[Email], [a].[EmailConfirmed], [a].[FullName], [a].[LockoutEnabled], [a].[LockoutEnd], [a].[NormalizedEmail], [a].[NormalizedUserName], [a].[PasswordHash], [a].[PhoneNumber], [a].[PhoneNumberConfirmed], [a].[SecurityStamp], [a].[TwoFactorEnabled], [a].[UserName]
FROM [AspNetUsers] AS [a]
WHERE [a].[Email] = @__inspEmail_0
2025-10-25 21:17:10.357 +03:00 [INF] Executed DbCommand (3ms) [Parameters=[], CommandType='"Text"', CommandTimeout='30']
SELECT CASE
    WHEN EXISTS (
        SELECT 1
        FROM [Inspectors] AS [i]) THEN CAST(1 AS bit)
    ELSE CAST(0 AS bit)
END
2025-10-25 21:17:10.372 +03:00 [INF] Executed DbCommand (4ms) [Parameters=[], CommandType='"Text"', CommandTimeout='30']
SELECT CASE
    WHEN EXISTS (
        SELECT 1
        FROM [EntitiesToInspect] AS [e]) THEN CAST(1 AS bit)
    ELSE CAST(0 AS bit)
END
2025-10-25 21:17:10.426 +03:00 [INF] Database seeded.
2025-10-25 21:17:10.838 +03:00 [INF] Now listening on: https://localhost:63886
2025-10-25 21:17:10.843 +03:00 [INF] Now listening on: http://localhost:63887
2025-10-25 21:17:10.928 +03:00 [INF] Application started. Press Ctrl+C to shut down.
2025-10-25 21:17:10.934 +03:00 [INF] Hosting environment: Development
2025-10-25 21:17:10.939 +03:00 [INF] Content root path: C:\Users\Youssef Ghonem\Downloads\adreeTask\inspection-visits-backend\src\InspectionVisits.Api
2025-10-25 21:17:11.597 +03:00 [INF] Request starting HTTP/2 GET https://localhost:63886/ - null null
2025-10-25 21:17:11.826 +03:00 [INF] HTTP GET / responded 404 in 52.7173 ms
2025-10-25 21:17:11.837 +03:00 [INF] Request finished HTTP/2 GET https://localhost:63886/ - 404 0 null 246.0365ms
2025-10-25 21:17:11.852 +03:00 [INF] Request reached the end of the middleware pipeline without being handled by application code. Request path: GET https://localhost:63886/, Response status code: 404
2025-10-25 21:17:20.479 +03:00 [INF] Request starting HTTP/2 OPTIONS https://localhost:63886/api/entities - null null
2025-10-25 21:17:20.493 +03:00 [INF] CORS policy execution successful.
2025-10-25 21:17:20.499 +03:00 [INF] Request finished HTTP/2 OPTIONS https://localhost:63886/api/entities - 204 null null 20.3568ms
2025-10-25 21:17:20.514 +03:00 [INF] Request starting HTTP/2 GET https://localhost:63886/api/entities - null null
2025-10-25 21:17:20.528 +03:00 [INF] CORS policy execution successful.
2025-10-25 21:17:20.621 +03:00 [INF] Executing endpoint 'InspectionVisits.Api.Controllers.EntitiesController.List (InspectionVisits.Api)'
2025-10-25 21:17:20.653 +03:00 [INF] Route matched with {action = "List", controller = "Entities"}. Executing controller action with signature System.Threading.Tasks.Task`1[System.Collections.Generic.List`1[InspectionVisits.Application.DTOs.EntityToInspectDto]] List(System.String) on controller InspectionVisits.Api.Controllers.EntitiesController (InspectionVisits.Api).
2025-10-25 21:17:20.940 +03:00 [INF] Executed DbCommand (25ms) [Parameters=[], CommandType='"Text"', CommandTimeout='30']
SELECT [e].[Id], [e].[Name], [e].[Address], [e].[Category]
FROM [EntitiesToInspect] AS [e]
2025-10-25 21:17:20.966 +03:00 [INF] Executing ObjectResult, writing value of type 'System.Collections.Generic.List`1[[InspectionVisits.Application.DTOs.EntityToInspectDto, InspectionVisits.Application, Version=1.0.0.0, Culture=neutral, PublicKeyToken=null]]'.
2025-10-25 21:17:20.996 +03:00 [INF] Executed action InspectionVisits.Api.Controllers.EntitiesController.List (InspectionVisits.Api) in 326.6879ms
2025-10-25 21:17:21.004 +03:00 [INF] Executed endpoint 'InspectionVisits.Api.Controllers.EntitiesController.List (InspectionVisits.Api)'
2025-10-25 21:17:21.013 +03:00 [INF] HTTP GET /api/entities responded 200 in 479.1656 ms
2025-10-25 21:17:21.028 +03:00 [INF] Request finished HTTP/2 GET https://localhost:63886/api/entities - 200 null application/json; charset=utf-8 513.8306ms
2025-10-25 21:17:56.603 +03:00 [INF] Request starting HTTP/2 OPTIONS https://localhost:63886/api/entities - null null
2025-10-25 21:17:56.630 +03:00 [INF] CORS policy execution successful.
2025-10-25 21:17:56.633 +03:00 [INF] Request finished HTTP/2 OPTIONS https://localhost:63886/api/entities - 204 null null 55.5128ms
2025-10-25 21:17:56.637 +03:00 [INF] Request starting HTTP/2 GET https://localhost:63886/api/entities - null null
2025-10-25 21:17:56.655 +03:00 [INF] CORS policy execution successful.
2025-10-25 21:17:56.671 +03:00 [INF] Executing endpoint 'InspectionVisits.Api.Controllers.EntitiesController.List (InspectionVisits.Api)'
2025-10-25 21:17:56.677 +03:00 [INF] Route matched with {action = "List", controller = "Entities"}. Executing controller action with signature System.Threading.Tasks.Task`1[System.Collections.Generic.List`1[InspectionVisits.Application.DTOs.EntityToInspectDto]] List(System.String) on controller InspectionVisits.Api.Controllers.EntitiesController (InspectionVisits.Api).
2025-10-25 21:17:56.793 +03:00 [INF] Executed DbCommand (32ms) [Parameters=[], CommandType='"Text"', CommandTimeout='30']
SELECT [e].[Id], [e].[Name], [e].[Address], [e].[Category]
FROM [EntitiesToInspect] AS [e]
2025-10-25 21:17:56.822 +03:00 [INF] Executing ObjectResult, writing value of type 'System.Collections.Generic.List`1[[InspectionVisits.Application.DTOs.EntityToInspectDto, InspectionVisits.Application, Version=1.0.0.0, Culture=neutral, PublicKeyToken=null]]'.
2025-10-25 21:17:56.829 +03:00 [INF] Executed action InspectionVisits.Api.Controllers.EntitiesController.List (InspectionVisits.Api) in 144.6225ms
2025-10-25 21:17:56.836 +03:00 [INF] Executed endpoint 'InspectionVisits.Api.Controllers.EntitiesController.List (InspectionVisits.Api)'
2025-10-25 21:17:56.840 +03:00 [INF] HTTP GET /api/entities responded 200 in 175.4072 ms
2025-10-25 21:17:56.849 +03:00 [INF] Request finished HTTP/2 GET https://localhost:63886/api/entities - 200 null application/json; charset=utf-8 211.7131ms
2025-10-25 21:17:59.173 +03:00 [INF] Request starting HTTP/2 OPTIONS https://localhost:63886/api/entities - null null
2025-10-25 21:17:59.190 +03:00 [INF] CORS policy execution successful.
2025-10-25 21:17:59.197 +03:00 [INF] Request finished HTTP/2 OPTIONS https://localhost:63886/api/entities - 204 null null 25.1126ms
2025-10-25 21:17:59.202 +03:00 [INF] Request starting HTTP/2 POST https://localhost:63886/api/entities - application/json 53
2025-10-25 21:17:59.231 +03:00 [INF] CORS policy execution successful.
2025-10-25 21:17:59.238 +03:00 [INF] Executing endpoint 'InspectionVisits.Api.Controllers.EntitiesController.Create (InspectionVisits.Api)'
2025-10-25 21:17:59.251 +03:00 [INF] Route matched with {action = "Create", controller = "Entities"}. Executing controller action with signature System.Threading.Tasks.Task`1[InspectionVisits.Application.DTOs.EntityToInspectDto] Create(UpsertEntityBody) on controller InspectionVisits.Api.Controllers.EntitiesController (InspectionVisits.Api).
2025-10-25 21:17:59.558 +03:00 [INF] Executed DbCommand (39ms) [Parameters=[@p0='?' (Size = 400), @p1='?' (Size = 100), @p2='?' (DbType = DateTime2), @p3='?' (Size = 200), @p4='?' (DbType = DateTime2)], CommandType='"Text"', CommandTimeout='30']
SET IMPLICIT_TRANSACTIONS OFF;
SET NOCOUNT ON;
INSERT INTO [EntitiesToInspect] ([Address], [Category], [CreatedAt], [Name], [UpdatedAt])
OUTPUT INSERTED.[Id]
VALUES (@p0, @p1, @p2, @p3, @p4);
2025-10-25 21:17:59.628 +03:00 [INF] Executing ObjectResult, writing value of type 'InspectionVisits.Application.DTOs.EntityToInspectDto'.
2025-10-25 21:17:59.636 +03:00 [INF] Executed action InspectionVisits.Api.Controllers.EntitiesController.Create (InspectionVisits.Api) in 369.9202ms
2025-10-25 21:17:59.647 +03:00 [INF] Executed endpoint 'InspectionVisits.Api.Controllers.EntitiesController.Create (InspectionVisits.Api)'
2025-10-25 21:17:59.650 +03:00 [INF] HTTP POST /api/entities responded 200 in 415.2903 ms
2025-10-25 21:17:59.671 +03:00 [INF] Request finished HTTP/2 POST https://localhost:63886/api/entities - 200 null application/json; charset=utf-8 468.7045ms
2025-10-25 21:17:59.677 +03:00 [INF] Request starting HTTP/2 OPTIONS https://localhost:63886/api/entities - null null
2025-10-25 21:17:59.693 +03:00 [INF] CORS policy execution successful.
2025-10-25 21:17:59.698 +03:00 [INF] Request finished HTTP/2 OPTIONS https://localhost:63886/api/entities - 204 null null 20.5878ms
2025-10-25 21:17:59.701 +03:00 [INF] Request starting HTTP/2 GET https://localhost:63886/api/entities - null null
2025-10-25 21:17:59.721 +03:00 [INF] CORS policy execution successful.
2025-10-25 21:17:59.732 +03:00 [INF] Executing endpoint 'InspectionVisits.Api.Controllers.EntitiesController.List (InspectionVisits.Api)'
2025-10-25 21:17:59.735 +03:00 [INF] Route matched with {action = "List", controller = "Entities"}. Executing controller action with signature System.Threading.Tasks.Task`1[System.Collections.Generic.List`1[InspectionVisits.Application.DTOs.EntityToInspectDto]] List(System.String) on controller InspectionVisits.Api.Controllers.EntitiesController (InspectionVisits.Api).
2025-10-25 21:17:59.750 +03:00 [INF] Executed DbCommand (4ms) [Parameters=[], CommandType='"Text"', CommandTimeout='30']
SELECT [e].[Id], [e].[Name], [e].[Address], [e].[Category]
FROM [EntitiesToInspect] AS [e]
2025-10-25 21:17:59.760 +03:00 [INF] Executing ObjectResult, writing value of type 'System.Collections.Generic.List`1[[InspectionVisits.Application.DTOs.EntityToInspectDto, InspectionVisits.Application, Version=1.0.0.0, Culture=neutral, PublicKeyToken=null]]'.
2025-10-25 21:17:59.769 +03:00 [INF] Executed action InspectionVisits.Api.Controllers.EntitiesController.List (InspectionVisits.Api) in 27.6726ms
2025-10-25 21:17:59.780 +03:00 [INF] Executed endpoint 'InspectionVisits.Api.Controllers.EntitiesController.List (InspectionVisits.Api)'
2025-10-25 21:17:59.783 +03:00 [INF] HTTP GET /api/entities responded 200 in 52.0400 ms
2025-10-25 21:17:59.789 +03:00 [INF] Request finished HTTP/2 GET https://localhost:63886/api/entities - 200 null application/json; charset=utf-8 88.1422ms
2025-10-25 21:18:02.370 +03:00 [INF] Request starting HTTP/2 OPTIONS https://localhost:63886/api/entities - null null
2025-10-25 21:18:02.383 +03:00 [INF] CORS policy execution successful.
2025-10-25 21:18:02.385 +03:00 [INF] Request finished HTTP/2 OPTIONS https://localhost:63886/api/entities - 204 null null 17.0148ms
2025-10-25 21:18:02.388 +03:00 [INF] Request starting HTTP/2 GET https://localhost:63886/api/entities - null null
2025-10-25 21:18:02.410 +03:00 [INF] CORS policy execution successful.
2025-10-25 21:18:02.413 +03:00 [INF] Executing endpoint 'InspectionVisits.Api.Controllers.EntitiesController.List (InspectionVisits.Api)'
2025-10-25 21:18:02.417 +03:00 [INF] Route matched with {action = "List", controller = "Entities"}. Executing controller action with signature System.Threading.Tasks.Task`1[System.Collections.Generic.List`1[InspectionVisits.Application.DTOs.EntityToInspectDto]] List(System.String) on controller InspectionVisits.Api.Controllers.EntitiesController (InspectionVisits.Api).
2025-10-25 21:18:02.448 +03:00 [INF] Executed DbCommand (23ms) [Parameters=[], CommandType='"Text"', CommandTimeout='30']
SELECT [e].[Id], [e].[Name], [e].[Address], [e].[Category]
FROM [EntitiesToInspect] AS [e]
2025-10-25 21:18:02.463 +03:00 [INF] Executing ObjectResult, writing value of type 'System.Collections.Generic.List`1[[InspectionVisits.Application.DTOs.EntityToInspectDto, InspectionVisits.Application, Version=1.0.0.0, Culture=neutral, PublicKeyToken=null]]'.
2025-10-25 21:18:02.470 +03:00 [INF] Executed action InspectionVisits.Api.Controllers.EntitiesController.List (InspectionVisits.Api) in 47.3334ms
2025-10-25 21:18:02.476 +03:00 [INF] Executed endpoint 'InspectionVisits.Api.Controllers.EntitiesController.List (InspectionVisits.Api)'
2025-10-25 21:18:02.479 +03:00 [INF] HTTP GET /api/entities responded 200 in 67.2733 ms
2025-10-25 21:18:02.488 +03:00 [INF] Request finished HTTP/2 GET https://localhost:63886/api/entities - 200 null application/json; charset=utf-8 100.0029ms
2025-10-25 21:18:04.650 +03:00 [INF] Request starting HTTP/2 OPTIONS https://localhost:63886/api/entities - null null
2025-10-25 21:18:04.680 +03:00 [INF] CORS policy execution successful.
2025-10-25 21:18:04.684 +03:00 [INF] Request finished HTTP/2 OPTIONS https://localhost:63886/api/entities - 204 null null 34.0992ms
2025-10-25 21:18:04.690 +03:00 [INF] Request starting HTTP/2 GET https://localhost:63886/api/entities - null null
2025-10-25 21:18:04.716 +03:00 [INF] CORS policy execution successful.
2025-10-25 21:18:04.719 +03:00 [INF] Executing endpoint 'InspectionVisits.Api.Controllers.EntitiesController.List (InspectionVisits.Api)'
2025-10-25 21:18:04.724 +03:00 [INF] Route matched with {action = "List", controller = "Entities"}. Executing controller action with signature System.Threading.Tasks.Task`1[System.Collections.Generic.List`1[InspectionVisits.Application.DTOs.EntityToInspectDto]] List(System.String) on controller InspectionVisits.Api.Controllers.EntitiesController (InspectionVisits.Api).
2025-10-25 21:18:04.741 +03:00 [INF] Executed DbCommand (2ms) [Parameters=[], CommandType='"Text"', CommandTimeout='30']
SELECT [e].[Id], [e].[Name], [e].[Address], [e].[Category]
FROM [EntitiesToInspect] AS [e]
2025-10-25 21:18:04.751 +03:00 [INF] Executing ObjectResult, writing value of type 'System.Collections.Generic.List`1[[InspectionVisits.Application.DTOs.EntityToInspectDto, InspectionVisits.Application, Version=1.0.0.0, Culture=neutral, PublicKeyToken=null]]'.
2025-10-25 21:18:04.758 +03:00 [INF] Executed action InspectionVisits.Api.Controllers.EntitiesController.List (InspectionVisits.Api) in 21.7843ms
2025-10-25 21:18:04.762 +03:00 [INF] Executed endpoint 'InspectionVisits.Api.Controllers.EntitiesController.List (InspectionVisits.Api)'
2025-10-25 21:18:04.769 +03:00 [INF] HTTP GET /api/entities responded 200 in 49.9548 ms
2025-10-25 21:18:04.775 +03:00 [INF] Request finished HTTP/2 GET https://localhost:63886/api/entities - 200 null application/json; charset=utf-8 85.8321ms
2025-10-25 21:18:14.015 +03:00 [INF] Request starting HTTP/2 OPTIONS https://localhost:63886/api/entities/1 - null null
2025-10-25 21:18:14.029 +03:00 [INF] CORS policy execution successful.
2025-10-25 21:18:14.031 +03:00 [INF] Request finished HTTP/2 OPTIONS https://localhost:63886/api/entities/1 - 204 null null 16.5398ms
2025-10-25 21:18:14.037 +03:00 [INF] Request starting HTTP/2 PUT https://localhost:63886/api/entities/1 - application/json 72
2025-10-25 21:18:14.050 +03:00 [INF] CORS policy execution successful.
2025-10-25 21:18:14.055 +03:00 [INF] Executing endpoint 'InspectionVisits.Api.Controllers.EntitiesController.Update (InspectionVisits.Api)'
2025-10-25 21:18:14.069 +03:00 [INF] Route matched with {action = "Update", controller = "Entities"}. Executing controller action with signature System.Threading.Tasks.Task`1[InspectionVisits.Application.DTOs.EntityToInspectDto] Update(Int32, UpsertEntityBody) on controller InspectionVisits.Api.Controllers.EntitiesController (InspectionVisits.Api).
2025-10-25 21:18:14.147 +03:00 [INF] Executed DbCommand (23ms) [Parameters=[@__req_Id_0='?' (DbType = Int32)], CommandType='"Text"', CommandTimeout='30']
SELECT TOP(1) [e].[Id], [e].[Address], [e].[Category], [e].[CreatedAt], [e].[Name], [e].[UpdatedAt]
FROM [EntitiesToInspect] AS [e]
WHERE [e].[Id] = @__req_Id_0
2025-10-25 21:18:14.187 +03:00 [INF] Executed DbCommand (17ms) [Parameters=[@p3='?' (DbType = Int32), @p0='?' (Size = 100), @p1='?' (Size = 200), @p2='?' (DbType = DateTime2)], CommandType='"Text"', CommandTimeout='30']
SET IMPLICIT_TRANSACTIONS OFF;
SET NOCOUNT ON;
UPDATE [EntitiesToInspect] SET [Category] = @p0, [Name] = @p1, [UpdatedAt] = @p2
OUTPUT 1
WHERE [Id] = @p3;
2025-10-25 21:18:14.201 +03:00 [INF] Executing ObjectResult, writing value of type 'InspectionVisits.Application.DTOs.EntityToInspectDto'.
2025-10-25 21:18:14.207 +03:00 [INF] Executed action InspectionVisits.Api.Controllers.EntitiesController.Update (InspectionVisits.Api) in 116.1317ms
2025-10-25 21:18:14.213 +03:00 [INF] Executed endpoint 'InspectionVisits.Api.Controllers.EntitiesController.Update (InspectionVisits.Api)'
2025-10-25 21:18:14.218 +03:00 [INF] HTTP PUT /api/entities/1 responded 200 in 163.7900 ms
2025-10-25 21:18:14.228 +03:00 [INF] Request finished HTTP/2 PUT https://localhost:63886/api/entities/1 - 200 null application/json; charset=utf-8 191.9822ms
2025-10-25 21:18:14.233 +03:00 [INF] Request starting HTTP/2 OPTIONS https://localhost:63886/api/entities - null null
2025-10-25 21:18:14.248 +03:00 [INF] CORS policy execution successful.
2025-10-25 21:18:14.258 +03:00 [INF] Request finished HTTP/2 OPTIONS https://localhost:63886/api/entities - 204 null null 25.389ms
2025-10-25 21:18:14.262 +03:00 [INF] Request starting HTTP/2 GET https://localhost:63886/api/entities - null null
2025-10-25 21:18:14.286 +03:00 [INF] CORS policy execution successful.
2025-10-25 21:18:14.292 +03:00 [INF] Executing endpoint 'InspectionVisits.Api.Controllers.EntitiesController.List (InspectionVisits.Api)'
2025-10-25 21:18:14.299 +03:00 [INF] Route matched with {action = "List", controller = "Entities"}. Executing controller action with signature System.Threading.Tasks.Task`1[System.Collections.Generic.List`1[InspectionVisits.Application.DTOs.EntityToInspectDto]] List(System.String) on controller InspectionVisits.Api.Controllers.EntitiesController (InspectionVisits.Api).
2025-10-25 21:18:14.314 +03:00 [INF] Executed DbCommand (3ms) [Parameters=[], CommandType='"Text"', CommandTimeout='30']
SELECT [e].[Id], [e].[Name], [e].[Address], [e].[Category]
FROM [EntitiesToInspect] AS [e]
2025-10-25 21:18:14.326 +03:00 [INF] Executing ObjectResult, writing value of type 'System.Collections.Generic.List`1[[InspectionVisits.Application.DTOs.EntityToInspectDto, InspectionVisits.Application, Version=1.0.0.0, Culture=neutral, PublicKeyToken=null]]'.
2025-10-25 21:18:14.333 +03:00 [INF] Executed action InspectionVisits.Api.Controllers.EntitiesController.List (InspectionVisits.Api) in 24.5022ms
2025-10-25 21:18:14.342 +03:00 [INF] Executed endpoint 'InspectionVisits.Api.Controllers.EntitiesController.List (InspectionVisits.Api)'
2025-10-25 21:18:14.347 +03:00 [INF] HTTP GET /api/entities responded 200 in 56.0445 ms
2025-10-25 21:18:14.358 +03:00 [INF] Request finished HTTP/2 GET https://localhost:63886/api/entities - 200 null application/json; charset=utf-8 96.6912ms
2025-10-25 21:18:16.958 +03:00 [INF] Request starting HTTP/2 OPTIONS https://localhost:63886/api/entities - null null
2025-10-25 21:18:16.970 +03:00 [INF] CORS policy execution successful.
2025-10-25 21:18:16.976 +03:00 [INF] Request finished HTTP/2 OPTIONS https://localhost:63886/api/entities - 204 null null 18.0932ms
2025-10-25 21:18:16.980 +03:00 [INF] Request starting HTTP/2 GET https://localhost:63886/api/entities - null null
2025-10-25 21:18:16.996 +03:00 [INF] CORS policy execution successful.
2025-10-25 21:18:16.999 +03:00 [INF] Executing endpoint 'InspectionVisits.Api.Controllers.EntitiesController.List (InspectionVisits.Api)'
2025-10-25 21:18:17.005 +03:00 [INF] Route matched with {action = "List", controller = "Entities"}. Executing controller action with signature System.Threading.Tasks.Task`1[System.Collections.Generic.List`1[InspectionVisits.Application.DTOs.EntityToInspectDto]] List(System.String) on controller InspectionVisits.Api.Controllers.EntitiesController (InspectionVisits.Api).
2025-10-25 21:18:17.019 +03:00 [INF] Executed DbCommand (6ms) [Parameters=[], CommandType='"Text"', CommandTimeout='30']
SELECT [e].[Id], [e].[Name], [e].[Address], [e].[Category]
FROM [EntitiesToInspect] AS [e]
2025-10-25 21:18:17.029 +03:00 [INF] Executing ObjectResult, writing value of type 'System.Collections.Generic.List`1[[InspectionVisits.Application.DTOs.EntityToInspectDto, InspectionVisits.Application, Version=1.0.0.0, Culture=neutral, PublicKeyToken=null]]'.
2025-10-25 21:18:17.036 +03:00 [INF] Executed action InspectionVisits.Api.Controllers.EntitiesController.List (InspectionVisits.Api) in 24.7484ms
2025-10-25 21:18:17.041 +03:00 [INF] Executed endpoint 'InspectionVisits.Api.Controllers.EntitiesController.List (InspectionVisits.Api)'
2025-10-25 21:18:17.046 +03:00 [INF] HTTP GET /api/entities responded 200 in 46.9082 ms
2025-10-25 21:18:17.056 +03:00 [INF] Request finished HTTP/2 GET https://localhost:63886/api/entities - 200 null application/json; charset=utf-8 75.6161ms
2025-10-25 21:18:18.865 +03:00 [INF] Request starting HTTP/2 OPTIONS https://localhost:63886/api/entities - null null
2025-10-25 21:18:18.883 +03:00 [INF] CORS policy execution successful.
2025-10-25 21:18:18.890 +03:00 [INF] Request finished HTTP/2 OPTIONS https://localhost:63886/api/entities - 204 null null 25.3411ms
2025-10-25 21:18:18.895 +03:00 [INF] Request starting HTTP/2 GET https://localhost:63886/api/entities - null null
2025-10-25 21:18:18.919 +03:00 [INF] CORS policy execution successful.
2025-10-25 21:18:18.925 +03:00 [INF] Executing endpoint 'InspectionVisits.Api.Controllers.EntitiesController.List (InspectionVisits.Api)'
2025-10-25 21:18:18.931 +03:00 [INF] Route matched with {action = "List", controller = "Entities"}. Executing controller action with signature System.Threading.Tasks.Task`1[System.Collections.Generic.List`1[InspectionVisits.Application.DTOs.EntityToInspectDto]] List(System.String) on controller InspectionVisits.Api.Controllers.EntitiesController (InspectionVisits.Api).
2025-10-25 21:18:18.945 +03:00 [INF] Executed DbCommand (6ms) [Parameters=[], CommandType='"Text"', CommandTimeout='30']
SELECT [e].[Id], [e].[Name], [e].[Address], [e].[Category]
FROM [EntitiesToInspect] AS [e]
2025-10-25 21:18:18.955 +03:00 [INF] Executing ObjectResult, writing value of type 'System.Collections.Generic.List`1[[InspectionVisits.Application.DTOs.EntityToInspectDto, InspectionVisits.Application, Version=1.0.0.0, Culture=neutral, PublicKeyToken=null]]'.
2025-10-25 21:18:18.962 +03:00 [INF] Executed action InspectionVisits.Api.Controllers.EntitiesController.List (InspectionVisits.Api) in 25.0839ms
2025-10-25 21:18:18.966 +03:00 [INF] Executed endpoint 'InspectionVisits.Api.Controllers.EntitiesController.List (InspectionVisits.Api)'
2025-10-25 21:18:18.969 +03:00 [INF] HTTP GET /api/entities responded 200 in 44.4873 ms
2025-10-25 21:18:18.975 +03:00 [INF] Request finished HTTP/2 GET https://localhost:63886/api/entities - 200 null application/json; charset=utf-8 81.1779ms
2025-10-25 21:18:21.223 +03:00 [INF] Request starting HTTP/2 OPTIONS https://localhost:63886/api/entities/1 - null null
2025-10-25 21:18:21.231 +03:00 [INF] CORS policy execution successful.
2025-10-25 21:18:21.235 +03:00 [INF] Request finished HTTP/2 OPTIONS https://localhost:63886/api/entities/1 - 204 null null 12.7951ms
2025-10-25 21:18:21.238 +03:00 [INF] Request starting HTTP/2 PUT https://localhost:63886/api/entities/1 - application/json 75
2025-10-25 21:18:21.257 +03:00 [INF] CORS policy execution successful.
2025-10-25 21:18:21.261 +03:00 [INF] Executing endpoint 'InspectionVisits.Api.Controllers.EntitiesController.Update (InspectionVisits.Api)'
2025-10-25 21:18:21.266 +03:00 [INF] Route matched with {action = "Update", controller = "Entities"}. Executing controller action with signature System.Threading.Tasks.Task`1[InspectionVisits.Application.DTOs.EntityToInspectDto] Update(Int32, UpsertEntityBody) on controller InspectionVisits.Api.Controllers.EntitiesController (InspectionVisits.Api).
2025-10-25 21:18:21.286 +03:00 [INF] Executed DbCommand (6ms) [Parameters=[@__req_Id_0='?' (DbType = Int32)], CommandType='"Text"', CommandTimeout='30']
SELECT TOP(1) [e].[Id], [e].[Address], [e].[Category], [e].[CreatedAt], [e].[Name], [e].[UpdatedAt]
FROM [EntitiesToInspect] AS [e]
WHERE [e].[Id] = @__req_Id_0
2025-10-25 21:18:21.310 +03:00 [INF] Executed DbCommand (10ms) [Parameters=[@p3='?' (DbType = Int32), @p0='?' (Size = 100), @p1='?' (Size = 200), @p2='?' (DbType = DateTime2)], CommandType='"Text"', CommandTimeout='30']
SET IMPLICIT_TRANSACTIONS OFF;
SET NOCOUNT ON;
UPDATE [EntitiesToInspect] SET [Category] = @p0, [Name] = @p1, [UpdatedAt] = @p2
OUTPUT 1
WHERE [Id] = @p3;
2025-10-25 21:18:21.321 +03:00 [INF] Executing ObjectResult, writing value of type 'InspectionVisits.Application.DTOs.EntityToInspectDto'.
2025-10-25 21:18:21.329 +03:00 [INF] Executed action InspectionVisits.Api.Controllers.EntitiesController.Update (InspectionVisits.Api) in 52.1201ms
2025-10-25 21:18:21.334 +03:00 [INF] Executed endpoint 'InspectionVisits.Api.Controllers.EntitiesController.Update (InspectionVisits.Api)'
2025-10-25 21:18:21.339 +03:00 [INF] HTTP PUT /api/entities/1 responded 200 in 78.2252 ms
2025-10-25 21:18:21.347 +03:00 [INF] Request finished HTTP/2 PUT https://localhost:63886/api/entities/1 - 200 null application/json; charset=utf-8 108.4107ms
2025-10-25 21:18:21.352 +03:00 [INF] Request starting HTTP/2 OPTIONS https://localhost:63886/api/entities - null null
2025-10-25 21:18:21.369 +03:00 [INF] CORS policy execution successful.
2025-10-25 21:18:21.372 +03:00 [INF] Request finished HTTP/2 OPTIONS https://localhost:63886/api/entities - 204 null null 20.8263ms
2025-10-25 21:18:21.375 +03:00 [INF] Request starting HTTP/2 GET https://localhost:63886/api/entities - null null
2025-10-25 21:18:21.396 +03:00 [INF] CORS policy execution successful.
2025-10-25 21:18:21.400 +03:00 [INF] Executing endpoint 'InspectionVisits.Api.Controllers.EntitiesController.List (InspectionVisits.Api)'
2025-10-25 21:18:21.404 +03:00 [INF] Route matched with {action = "List", controller = "Entities"}. Executing controller action with signature System.Threading.Tasks.Task`1[System.Collections.Generic.List`1[InspectionVisits.Application.DTOs.EntityToInspectDto]] List(System.String) on controller InspectionVisits.Api.Controllers.EntitiesController (InspectionVisits.Api).
2025-10-25 21:18:21.460 +03:00 [INF] Executed DbCommand (46ms) [Parameters=[], CommandType='"Text"', CommandTimeout='30']
SELECT [e].[Id], [e].[Name], [e].[Address], [e].[Category]
FROM [EntitiesToInspect] AS [e]
2025-10-25 21:18:21.470 +03:00 [INF] Executing ObjectResult, writing value of type 'System.Collections.Generic.List`1[[InspectionVisits.Application.DTOs.EntityToInspectDto, InspectionVisits.Application, Version=1.0.0.0, Culture=neutral, PublicKeyToken=null]]'.
2025-10-25 21:18:21.476 +03:00 [INF] Executed action InspectionVisits.Api.Controllers.EntitiesController.List (InspectionVisits.Api) in 63.5735ms
2025-10-25 21:18:21.482 +03:00 [INF] Executed endpoint 'InspectionVisits.Api.Controllers.EntitiesController.List (InspectionVisits.Api)'
2025-10-25 21:18:21.489 +03:00 [INF] HTTP GET /api/entities responded 200 in 88.9450 ms
2025-10-25 21:18:21.501 +03:00 [INF] Request finished HTTP/2 GET https://localhost:63886/api/entities - 200 null application/json; charset=utf-8 126.1036ms
2025-10-25 21:18:28.305 +03:00 [INF] Request starting HTTP/2 OPTIONS https://localhost:63886/api/entities/5 - null null
2025-10-25 21:18:28.314 +03:00 [INF] CORS policy execution successful.
2025-10-25 21:18:28.319 +03:00 [INF] Request finished HTTP/2 OPTIONS https://localhost:63886/api/entities/5 - 204 null null 13.5527ms
2025-10-25 21:18:28.321 +03:00 [INF] Request starting HTTP/2 DELETE https://localhost:63886/api/entities/5 - null null
2025-10-25 21:18:28.339 +03:00 [INF] CORS policy execution successful.
2025-10-25 21:18:28.343 +03:00 [INF] Executing endpoint 'InspectionVisits.Api.Controllers.EntitiesController.Delete (InspectionVisits.Api)'
2025-10-25 21:18:28.351 +03:00 [INF] Route matched with {action = "Delete", controller = "Entities"}. Executing controller action with signature System.Threading.Tasks.Task`1[Microsoft.AspNetCore.Mvc.IActionResult] Delete(Int32) on controller InspectionVisits.Api.Controllers.EntitiesController (InspectionVisits.Api).
2025-10-25 21:18:28.383 +03:00 [INF] Executed DbCommand (13ms) [Parameters=[@__req_Id_0='?' (DbType = Int32)], CommandType='"Text"', CommandTimeout='30']
SELECT TOP(1) [e].[Id], [e].[Address], [e].[Category], [e].[CreatedAt], [e].[Name], [e].[UpdatedAt]
FROM [EntitiesToInspect] AS [e]
WHERE [e].[Id] = @__req_Id_0
2025-10-25 21:18:28.497 +03:00 [INF] Executed DbCommand (87ms) [Parameters=[@p0='?' (DbType = Int32)], CommandType='"Text"', CommandTimeout='30']
SET IMPLICIT_TRANSACTIONS OFF;
SET NOCOUNT ON;
DELETE FROM [EntitiesToInspect]
OUTPUT 1
WHERE [Id] = @p0;
2025-10-25 21:18:28.525 +03:00 [INF] Executing StatusCodeResult, setting HTTP status code 204
2025-10-25 21:18:28.530 +03:00 [INF] Executed action InspectionVisits.Api.Controllers.EntitiesController.Delete (InspectionVisits.Api) in 173.9752ms
2025-10-25 21:18:28.534 +03:00 [INF] Executed endpoint 'InspectionVisits.Api.Controllers.EntitiesController.Delete (InspectionVisits.Api)'
2025-10-25 21:18:28.537 +03:00 [INF] HTTP DELETE /api/entities/5 responded 204 in 195.0081 ms
2025-10-25 21:18:28.545 +03:00 [INF] Request finished HTTP/2 DELETE https://localhost:63886/api/entities/5 - 204 null null 223.9547ms
2025-10-25 21:18:28.550 +03:00 [INF] Request starting HTTP/2 OPTIONS https://localhost:63886/api/entities - null null
2025-10-25 21:18:28.561 +03:00 [INF] CORS policy execution successful.
2025-10-25 21:18:28.574 +03:00 [INF] Request finished HTTP/2 OPTIONS https://localhost:63886/api/entities - 204 null null 23.7208ms
2025-10-25 21:18:28.578 +03:00 [INF] Request starting HTTP/2 GET https://localhost:63886/api/entities - null null
2025-10-25 21:18:28.591 +03:00 [INF] CORS policy execution successful.
2025-10-25 21:18:28.596 +03:00 [INF] Executing endpoint 'InspectionVisits.Api.Controllers.EntitiesController.List (InspectionVisits.Api)'
2025-10-25 21:18:28.599 +03:00 [INF] Route matched with {action = "List", controller = "Entities"}. Executing controller action with signature System.Threading.Tasks.Task`1[System.Collections.Generic.List`1[InspectionVisits.Application.DTOs.EntityToInspectDto]] List(System.String) on controller InspectionVisits.Api.Controllers.EntitiesController (InspectionVisits.Api).
2025-10-25 21:18:28.606 +03:00 [INF] Executed DbCommand (2ms) [Parameters=[], CommandType='"Text"', CommandTimeout='30']
SELECT [e].[Id], [e].[Name], [e].[Address], [e].[Category]
FROM [EntitiesToInspect] AS [e]
2025-10-25 21:18:28.646 +03:00 [INF] Executing ObjectResult, writing value of type 'System.Collections.Generic.List`1[[InspectionVisits.Application.DTOs.EntityToInspectDto, InspectionVisits.Application, Version=1.0.0.0, Culture=neutral, PublicKeyToken=null]]'.
2025-10-25 21:18:28.654 +03:00 [INF] Executed action InspectionVisits.Api.Controllers.EntitiesController.List (InspectionVisits.Api) in 50.8772ms
2025-10-25 21:18:28.660 +03:00 [INF] Executed endpoint 'InspectionVisits.Api.Controllers.EntitiesController.List (InspectionVisits.Api)'
2025-10-25 21:18:28.680 +03:00 [INF] HTTP GET /api/entities responded 200 in 83.9441 ms
2025-10-25 21:18:28.689 +03:00 [INF] Request finished HTTP/2 GET https://localhost:63886/api/entities - 200 null application/json; charset=utf-8 111.0677ms
2025-10-25 21:18:30.995 +03:00 [INF] Request starting HTTP/2 OPTIONS https://localhost:63886/api/entities - null null
2025-10-25 21:18:31.013 +03:00 [INF] CORS policy execution successful.
2025-10-25 21:18:31.023 +03:00 [INF] Request finished HTTP/2 OPTIONS https://localhost:63886/api/entities - 204 null null 27.7494ms
2025-10-25 21:18:31.047 +03:00 [INF] Request starting HTTP/2 GET https://localhost:63886/api/entities - null null
2025-10-25 21:18:31.076 +03:00 [INF] CORS policy execution successful.
2025-10-25 21:18:31.079 +03:00 [INF] Executing endpoint 'InspectionVisits.Api.Controllers.EntitiesController.List (InspectionVisits.Api)'
2025-10-25 21:18:31.085 +03:00 [INF] Route matched with {action = "List", controller = "Entities"}. Executing controller action with signature System.Threading.Tasks.Task`1[System.Collections.Generic.List`1[InspectionVisits.Application.DTOs.EntityToInspectDto]] List(System.String) on controller InspectionVisits.Api.Controllers.EntitiesController (InspectionVisits.Api).
2025-10-25 21:18:31.103 +03:00 [INF] Executed DbCommand (1ms) [Parameters=[], CommandType='"Text"', CommandTimeout='30']
SELECT [e].[Id], [e].[Name], [e].[Address], [e].[Category]
FROM [EntitiesToInspect] AS [e]
2025-10-25 21:18:31.111 +03:00 [INF] Executing ObjectResult, writing value of type 'System.Collections.Generic.List`1[[InspectionVisits.Application.DTOs.EntityToInspectDto, InspectionVisits.Application, Version=1.0.0.0, Culture=neutral, PublicKeyToken=null]]'.
2025-10-25 21:18:31.115 +03:00 [INF] Executed action InspectionVisits.Api.Controllers.EntitiesController.List (InspectionVisits.Api) in 15.8358ms
2025-10-25 21:18:31.121 +03:00 [INF] Executed endpoint 'InspectionVisits.Api.Controllers.EntitiesController.List (InspectionVisits.Api)'
2025-10-25 21:18:31.126 +03:00 [INF] HTTP GET /api/entities responded 200 in 47.8317 ms
2025-10-25 21:18:31.134 +03:00 [INF] Request finished HTTP/2 GET https://localhost:63886/api/entities - 200 null application/json; charset=utf-8 87.2624ms
2025-10-25 21:18:33.238 +03:00 [INF] Request starting HTTP/2 OPTIONS https://localhost:63886/api/entities - null null
2025-10-25 21:18:33.239 +03:00 [INF] Request starting HTTP/2 OPTIONS https://localhost:63886/api/inspectors - null null
2025-10-25 21:18:33.239 +03:00 [INF] Request starting HTTP/2 OPTIONS https://localhost:63886/api/visits?pageIndex=0&pageSize=10 - null null
2025-10-25 21:18:33.270 +03:00 [INF] CORS policy execution successful.
2025-10-25 21:18:33.278 +03:00 [INF] CORS policy execution successful.
2025-10-25 21:18:33.286 +03:00 [INF] CORS policy execution successful.
2025-10-25 21:18:33.292 +03:00 [INF] Request finished HTTP/2 OPTIONS https://localhost:63886/api/entities - 204 null null 54.3271ms
2025-10-25 21:18:33.298 +03:00 [INF] Request finished HTTP/2 OPTIONS https://localhost:63886/api/visits?pageIndex=0&pageSize=10 - 204 null null 59.3849ms
2025-10-25 21:18:33.295 +03:00 [INF] Request starting HTTP/2 GET https://localhost:63886/api/entities - null null
2025-10-25 21:18:33.301 +03:00 [INF] Request starting HTTP/2 GET https://localhost:63886/api/inspectors - null null
2025-10-25 21:18:33.293 +03:00 [INF] Request finished HTTP/2 OPTIONS https://localhost:63886/api/inspectors - 204 null null 55.1782ms
2025-10-25 21:18:33.309 +03:00 [INF] Request starting HTTP/2 GET https://localhost:63886/api/visits?pageIndex=0&pageSize=10 - null null
2025-10-25 21:18:33.358 +03:00 [INF] CORS policy execution successful.
2025-10-25 21:18:33.361 +03:00 [INF] CORS policy execution successful.
2025-10-25 21:18:33.373 +03:00 [INF] CORS policy execution successful.
2025-10-25 21:18:33.380 +03:00 [INF] Executing endpoint 'InspectionVisits.Api.Controllers.EntitiesController.List (InspectionVisits.Api)'
2025-10-25 21:18:33.381 +03:00 [INF] HTTP GET /api/inspectors responded 404 in 0.2070 ms
2025-10-25 21:18:33.383 +03:00 [INF] Executing endpoint 'InspectionVisits.Api.Controllers.VisitsController.List (InspectionVisits.Api)'
2025-10-25 21:18:33.393 +03:00 [INF] Route matched with {action = "List", controller = "Entities"}. Executing controller action with signature System.Threading.Tasks.Task`1[System.Collections.Generic.List`1[InspectionVisits.Application.DTOs.EntityToInspectDto]] List(System.String) on controller InspectionVisits.Api.Controllers.EntitiesController (InspectionVisits.Api).
2025-10-25 21:18:33.396 +03:00 [INF] Request finished HTTP/2 GET https://localhost:63886/api/inspectors - 404 0 null 95.4906ms
2025-10-25 21:18:33.414 +03:00 [INF] Executed DbCommand (2ms) [Parameters=[], CommandType='"Text"', CommandTimeout='30']
SELECT [e].[Id], [e].[Name], [e].[Address], [e].[Category]
FROM [EntitiesToInspect] AS [e]
2025-10-25 21:18:33.416 +03:00 [INF] Route matched with {action = "List", controller = "Visits"}. Executing controller action with signature System.Threading.Tasks.Task`1[System.Collections.Generic.List`1[InspectionVisits.Application.DTOs.InspectionVisitDto]] List(System.Nullable`1[System.DateTime], System.Nullable`1[System.DateTime], System.Nullable`1[InspectionVisits.Domain.Enums.VisitStatus], System.Nullable`1[System.Int32], System.String) on controller InspectionVisits.Api.Controllers.VisitsController (InspectionVisits.Api).
2025-10-25 21:18:33.421 +03:00 [INF] Request reached the end of the middleware pipeline without being handled by application code. Request path: GET https://localhost:63886/api/inspectors, Response status code: 404
2025-10-25 21:18:33.440 +03:00 [INF] Executing ObjectResult, writing value of type 'System.Collections.Generic.List`1[[InspectionVisits.Application.DTOs.EntityToInspectDto, InspectionVisits.Application, Version=1.0.0.0, Culture=neutral, PublicKeyToken=null]]'.
2025-10-25 21:18:33.453 +03:00 [INF] Executed action InspectionVisits.Api.Controllers.EntitiesController.List (InspectionVisits.Api) in 41.83ms
2025-10-25 21:18:33.460 +03:00 [INF] Executed endpoint 'InspectionVisits.Api.Controllers.EntitiesController.List (InspectionVisits.Api)'
2025-10-25 21:18:33.466 +03:00 [INF] HTTP GET /api/entities responded 200 in 86.4764 ms
2025-10-25 21:18:33.474 +03:00 [INF] Request finished HTTP/2 GET https://localhost:63886/api/entities - 200 null application/json; charset=utf-8 179.1026ms
2025-10-25 21:18:33.576 +03:00 [INF] Executed DbCommand (5ms) [Parameters=[], CommandType='"Text"', CommandTimeout='30']
SELECT [i].[Id], [i].[EntityToInspectId], [i].[InspectorId], [i].[ScheduledAt], [i].[Status], [i].[Score], [i].[Notes], [v].[Id], [v].[Code], [v].[Description], [v].[Severity]
FROM [InspectionVisits] AS [i]
LEFT JOIN [Violations] AS [v] ON [i].[Id] = [v].[InspectionVisitId]
ORDER BY [i].[Id]
2025-10-25 21:18:33.586 +03:00 [INF] Executing ObjectResult, writing value of type 'System.Collections.Generic.List`1[[InspectionVisits.Application.DTOs.InspectionVisitDto, InspectionVisits.Application, Version=1.0.0.0, Culture=neutral, PublicKeyToken=null]]'.
2025-10-25 21:18:33.611 +03:00 [INF] Executed action InspectionVisits.Api.Controllers.VisitsController.List (InspectionVisits.Api) in 167.8767ms
2025-10-25 21:18:33.620 +03:00 [INF] Executed endpoint 'InspectionVisits.Api.Controllers.VisitsController.List (InspectionVisits.Api)'
2025-10-25 21:18:33.627 +03:00 [INF] HTTP GET /api/visits responded 200 in 244.7396 ms
2025-10-25 21:18:33.638 +03:00 [INF] Request finished HTTP/2 GET https://localhost:63886/api/visits?pageIndex=0&pageSize=10 - 200 null application/json; charset=utf-8 329.3023ms
