2025-10-25 19:21:39.364 +03:00 [INF] User profile is available. Using 'C:\Users\Youssef Ghonem\AppData\Local\ASP.NET\DataProtection-Keys' as key repository and Windows DPAPI to encrypt keys at rest.
2025-10-25 19:21:41.035 +03:00 [INF] Executed DbCommand (41ms) [Parameters=[], CommandType='"Text"', CommandTimeout='30']
SELECT 1
2025-10-25 19:21:41.146 +03:00 [INF] Executed DbCommand (49ms) [Parameters=[], CommandType='"Text"', CommandTimeout='30']
SELECT OBJECT_ID(N'[__EFMigrationsHistory]');
2025-10-25 19:21:41.169 +03:00 [INF] Executed DbCommand (4ms) [Parameters=[], CommandType='"Text"', CommandTimeout='30']
SELECT 1
2025-10-25 19:21:41.183 +03:00 [INF] Executed DbCommand (1ms) [Parameters=[], CommandType='"Text"', CommandTimeout='30']
SELECT OBJECT_ID(N'[__EFMigrationsHistory]');
2025-10-25 19:21:41.215 +03:00 [INF] Executed DbCommand (9ms) [Parameters=[], CommandType='"Text"', CommandTimeout='30']
SELECT [MigrationId], [ProductVersion]
FROM [__EFMigrationsHistory]
ORDER BY [MigrationId];
2025-10-25 19:21:41.258 +03:00 [INF] No migrations were applied. The database is already up to date.
2025-10-25 19:21:41.594 +03:00 [INF] Executed DbCommand (43ms) [Parameters=[@__role_0='?' (Size = 256)], CommandType='"Text"', CommandTimeout='30']
SELECT CASE
    WHEN EXISTS (
        SELECT 1
        FROM [AspNetRoles] AS [a]
        WHERE [a].[Name] = @__role_0) THEN CAST(1 AS bit)
    ELSE CAST(0 AS bit)
END
2025-10-25 19:21:41.606 +03:00 [INF] Executed DbCommand (1ms) [Parameters=[@__role_0='?' (Size = 256)], CommandType='"Text"', CommandTimeout='30']
SELECT CASE
    WHEN EXISTS (
        SELECT 1
        FROM [AspNetRoles] AS [a]
        WHERE [a].[Name] = @__role_0) THEN CAST(1 AS bit)
    ELSE CAST(0 AS bit)
END
2025-10-25 19:21:41.671 +03:00 [INF] Executed DbCommand (7ms) [Parameters=[@__adminEmail_0='?' (Size = 256)], CommandType='"Text"', CommandTimeout='30']
SELECT TOP(1) [a].[Id], [a].[AccessFailedCount], [a].[ConcurrencyStamp], [a].[Email], [a].[EmailConfirmed], [a].[FullName], [a].[LockoutEnabled], [a].[LockoutEnd], [a].[NormalizedEmail], [a].[NormalizedUserName], [a].[PasswordHash], [a].[PhoneNumber], [a].[PhoneNumberConfirmed], [a].[SecurityStamp], [a].[TwoFactorEnabled], [a].[UserName]
FROM [AspNetUsers] AS [a]
WHERE [a].[Email] = @__adminEmail_0
2025-10-25 19:21:41.797 +03:00 [INF] Executed DbCommand (4ms) [Parameters=[@__inspEmail_0='?' (Size = 256)], CommandType='"Text"', CommandTimeout='30']
SELECT TOP(1) [a].[Id], [a].[AccessFailedCount], [a].[ConcurrencyStamp], [a].[Email], [a].[EmailConfirmed], [a].[FullName], [a].[LockoutEnabled], [a].[LockoutEnd], [a].[NormalizedEmail], [a].[NormalizedUserName], [a].[PasswordHash], [a].[PhoneNumber], [a].[PhoneNumberConfirmed], [a].[SecurityStamp], [a].[TwoFactorEnabled], [a].[UserName]
FROM [AspNetUsers] AS [a]
WHERE [a].[Email] = @__inspEmail_0
2025-10-25 19:21:41.813 +03:00 [INF] Executed DbCommand (3ms) [Parameters=[], CommandType='"Text"', CommandTimeout='30']
SELECT CASE
    WHEN EXISTS (
        SELECT 1
        FROM [Inspectors] AS [i]) THEN CAST(1 AS bit)
    ELSE CAST(0 AS bit)
END
2025-10-25 19:21:41.826 +03:00 [INF] Executed DbCommand (3ms) [Parameters=[], CommandType='"Text"', CommandTimeout='30']
SELECT CASE
    WHEN EXISTS (
        SELECT 1
        FROM [EntitiesToInspect] AS [e]) THEN CAST(1 AS bit)
    ELSE CAST(0 AS bit)
END
2025-10-25 19:21:41.858 +03:00 [INF] Database seeded.
2025-10-25 19:21:42.140 +03:00 [INF] Now listening on: https://localhost:63886
2025-10-25 19:21:42.147 +03:00 [INF] Now listening on: http://localhost:63887
2025-10-25 19:21:42.246 +03:00 [INF] Application started. Press Ctrl+C to shut down.
2025-10-25 19:21:42.253 +03:00 [INF] Hosting environment: Development
2025-10-25 19:21:42.345 +03:00 [INF] Content root path: C:\Users\Youssef Ghonem\Downloads\inspection-visits-backend-with-controllers\src\InspectionVisits.Api
2025-10-25 19:21:42.726 +03:00 [INF] Request starting HTTP/2 GET https://localhost:63886/ - null null
2025-10-25 19:21:42.941 +03:00 [INF] HTTP GET / responded 404 in 46.6651 ms
2025-10-25 19:21:42.962 +03:00 [INF] Request finished HTTP/2 GET https://localhost:63886/ - 404 0 null 241.4811ms
2025-10-25 19:21:42.974 +03:00 [INF] Request reached the end of the middleware pipeline without being handled by application code. Request path: GET https://localhost:63886/, Response status code: 404
2025-10-25 19:21:45.800 +03:00 [INF] Request starting HTTP/2 GET https://localhost:63886/swagger/index.html - null null
2025-10-25 19:21:45.909 +03:00 [INF] Request finished HTTP/2 GET https://localhost:63886/swagger/index.html - 200 null text/html;charset=utf-8 109.6429ms
2025-10-25 19:21:45.932 +03:00 [INF] Request starting HTTP/2 GET https://localhost:63886/_framework/aspnetcore-browser-refresh.js - null null
2025-10-25 19:21:45.933 +03:00 [INF] Request starting HTTP/2 GET https://localhost:63886/_vs/browserLink - null null
2025-10-25 19:21:45.946 +03:00 [INF] Request finished HTTP/2 GET https://localhost:63886/_framework/aspnetcore-browser-refresh.js - 200 16525 application/javascript; charset=utf-8 14.4869ms
2025-10-25 19:21:45.986 +03:00 [INF] Request finished HTTP/2 GET https://localhost:63886/_vs/browserLink - 200 null text/javascript; charset=UTF-8 54.0173ms
2025-10-25 19:21:46.012 +03:00 [INF] Request starting HTTP/2 GET https://localhost:63886/swagger/v1/swagger.json - null null
2025-10-25 19:21:46.043 +03:00 [INF] Request finished HTTP/2 GET https://localhost:63886/swagger/v1/swagger.json - 200 null application/json;charset=utf-8 31.8616ms
2025-10-25 19:21:58.169 +03:00 [INF] Request starting HTTP/2 GET https://localhost:63886/api/Dashboard - null null
2025-10-25 19:21:58.261 +03:00 [INF] Executing endpoint 'InspectionVisits.Api.Controllers.DashboardController.Get (InspectionVisits.Api)'
2025-10-25 19:21:58.293 +03:00 [INF] Route matched with {action = "Get", controller = "Dashboard"}. Executing controller action with signature System.Threading.Tasks.Task`1[InspectionVisits.Application.Features.Dashboard.Queries.DashboardVm] Get() on controller InspectionVisits.Api.Controllers.DashboardController (InspectionVisits.Api).
2025-10-25 19:21:58.468 +03:00 [INF] Executed DbCommand (6ms) [Parameters=[], CommandType='"Text"', CommandTimeout='30']
SELECT [i].[Status], COUNT(*)
FROM [InspectionVisits] AS [i]
GROUP BY [i].[Status]
2025-10-25 19:21:58.490 +03:00 [INF] Executed DbCommand (5ms) [Parameters=[@__monthStart_0='?' (DbType = DateTime2)], CommandType='"Text"', CommandTimeout='30']
SELECT AVG(CAST([i].[Score] AS float))
FROM [InspectionVisits] AS [i]
WHERE [i].[ScheduledAt] >= @__monthStart_0 AND [i].[Score] IS NOT NULL
2025-10-25 19:21:58.500 +03:00 [INF] Executing ObjectResult, writing value of type 'InspectionVisits.Application.Features.Dashboard.Queries.DashboardVm'.
2025-10-25 19:21:58.513 +03:00 [INF] Executed action InspectionVisits.Api.Controllers.DashboardController.Get (InspectionVisits.Api) in 208.7656ms
2025-10-25 19:21:58.516 +03:00 [INF] Executed endpoint 'InspectionVisits.Api.Controllers.DashboardController.Get (InspectionVisits.Api)'
2025-10-25 19:21:58.518 +03:00 [INF] HTTP GET /api/Dashboard responded 200 in 338.7969 ms
2025-10-25 19:21:58.524 +03:00 [INF] Request finished HTTP/2 GET https://localhost:63886/api/Dashboard - 200 null application/json; charset=utf-8 355.8302ms
2025-10-25 19:22:11.709 +03:00 [INF] Request starting HTTP/2 GET https://localhost:63886/api/Entities - null null
2025-10-25 19:22:11.727 +03:00 [INF] Executing endpoint 'InspectionVisits.Api.Controllers.EntitiesController.List (InspectionVisits.Api)'
2025-10-25 19:22:11.749 +03:00 [INF] Route matched with {action = "List", controller = "Entities"}. Executing controller action with signature System.Threading.Tasks.Task`1[System.Collections.Generic.List`1[InspectionVisits.Application.DTOs.EntityToInspectDto]] List(System.String) on controller InspectionVisits.Api.Controllers.EntitiesController (InspectionVisits.Api).
2025-10-25 19:22:12.032 +03:00 [INF] Executed DbCommand (6ms) [Parameters=[], CommandType='"Text"', CommandTimeout='30']
SELECT [e].[Id], [e].[Name], [e].[Address], [e].[Category]
FROM [EntitiesToInspect] AS [e]
2025-10-25 19:22:12.043 +03:00 [INF] Executing ObjectResult, writing value of type 'System.Collections.Generic.List`1[[InspectionVisits.Application.DTOs.EntityToInspectDto, InspectionVisits.Application, Version=1.0.0.0, Culture=neutral, PublicKeyToken=null]]'.
2025-10-25 19:22:12.053 +03:00 [INF] Executed action InspectionVisits.Api.Controllers.EntitiesController.List (InspectionVisits.Api) in 298.7722ms
2025-10-25 19:22:12.061 +03:00 [INF] Executed endpoint 'InspectionVisits.Api.Controllers.EntitiesController.List (InspectionVisits.Api)'
2025-10-25 19:22:12.066 +03:00 [INF] HTTP GET /api/Entities responded 200 in 345.6224 ms
2025-10-25 19:22:12.072 +03:00 [INF] Request finished HTTP/2 GET https://localhost:63886/api/Entities - 200 null application/json; charset=utf-8 364.5897ms
2025-10-25 19:22:22.765 +03:00 [INF] Request starting HTTP/2 POST https://localhost:63886/api/Entities - application/json 69
2025-10-25 19:22:22.777 +03:00 [INF] Executing endpoint 'InspectionVisits.Api.Controllers.EntitiesController.Create (InspectionVisits.Api)'
2025-10-25 19:22:22.784 +03:00 [INF] Route matched with {action = "Create", controller = "Entities"}. Executing controller action with signature System.Threading.Tasks.Task`1[InspectionVisits.Application.DTOs.EntityToInspectDto] Create(UpsertEntityBody) on controller InspectionVisits.Api.Controllers.EntitiesController (InspectionVisits.Api).
2025-10-25 19:22:23.008 +03:00 [INF] Executed DbCommand (6ms) [Parameters=[@p0='?' (Size = 400), @p1='?' (Size = 100), @p2='?' (DbType = DateTime2), @p3='?' (Size = 200), @p4='?' (DbType = DateTime2)], CommandType='"Text"', CommandTimeout='30']
SET IMPLICIT_TRANSACTIONS OFF;
SET NOCOUNT ON;
INSERT INTO [EntitiesToInspect] ([Address], [Category], [CreatedAt], [Name], [UpdatedAt])
OUTPUT INSERTED.[Id]
VALUES (@p0, @p1, @p2, @p3, @p4);
2025-10-25 19:22:23.074 +03:00 [INF] Executing ObjectResult, writing value of type 'InspectionVisits.Application.DTOs.EntityToInspectDto'.
2025-10-25 19:22:23.079 +03:00 [INF] Executed action InspectionVisits.Api.Controllers.EntitiesController.Create (InspectionVisits.Api) in 290.753ms
2025-10-25 19:22:23.083 +03:00 [INF] Executed endpoint 'InspectionVisits.Api.Controllers.EntitiesController.Create (InspectionVisits.Api)'
2025-10-25 19:22:23.085 +03:00 [INF] HTTP POST /api/Entities responded 200 in 313.0684 ms
2025-10-25 19:22:23.090 +03:00 [INF] Request finished HTTP/2 POST https://localhost:63886/api/Entities - 200 null application/json; charset=utf-8 325.1929ms
2025-10-25 19:22:28.562 +03:00 [INF] Request starting HTTP/2 GET https://localhost:63886/api/Entities - null null
2025-10-25 19:22:28.572 +03:00 [INF] Executing endpoint 'InspectionVisits.Api.Controllers.EntitiesController.List (InspectionVisits.Api)'
2025-10-25 19:22:28.574 +03:00 [INF] Route matched with {action = "List", controller = "Entities"}. Executing controller action with signature System.Threading.Tasks.Task`1[System.Collections.Generic.List`1[InspectionVisits.Application.DTOs.EntityToInspectDto]] List(System.String) on controller InspectionVisits.Api.Controllers.EntitiesController (InspectionVisits.Api).
2025-10-25 19:22:28.583 +03:00 [INF] Executed DbCommand (1ms) [Parameters=[], CommandType='"Text"', CommandTimeout='30']
SELECT [e].[Id], [e].[Name], [e].[Address], [e].[Category]
FROM [EntitiesToInspect] AS [e]
2025-10-25 19:22:28.588 +03:00 [INF] Executing ObjectResult, writing value of type 'System.Collections.Generic.List`1[[InspectionVisits.Application.DTOs.EntityToInspectDto, InspectionVisits.Application, Version=1.0.0.0, Culture=neutral, PublicKeyToken=null]]'.
2025-10-25 19:22:28.590 +03:00 [INF] Executed action InspectionVisits.Api.Controllers.EntitiesController.List (InspectionVisits.Api) in 13.3075ms
2025-10-25 19:22:28.593 +03:00 [INF] Executed endpoint 'InspectionVisits.Api.Controllers.EntitiesController.List (InspectionVisits.Api)'
2025-10-25 19:22:28.594 +03:00 [INF] HTTP GET /api/Entities responded 200 in 23.2580 ms
2025-10-25 19:22:28.598 +03:00 [INF] Request finished HTTP/2 GET https://localhost:63886/api/Entities - 200 null application/json; charset=utf-8 35.0502ms
2025-10-25 19:22:36.024 +03:00 [INF] Request starting HTTP/2 GET https://localhost:63886/api/Visits - null null
2025-10-25 19:22:36.031 +03:00 [INF] Executing endpoint 'InspectionVisits.Api.Controllers.VisitsController.List (InspectionVisits.Api)'
2025-10-25 19:22:36.044 +03:00 [INF] Route matched with {action = "List", controller = "Visits"}. Executing controller action with signature System.Threading.Tasks.Task`1[System.Collections.Generic.List`1[InspectionVisits.Application.DTOs.InspectionVisitDto]] List(System.Nullable`1[System.DateTime], System.Nullable`1[System.DateTime], System.Nullable`1[InspectionVisits.Domain.Enums.VisitStatus], System.Nullable`1[System.Int32], System.String) on controller InspectionVisits.Api.Controllers.VisitsController (InspectionVisits.Api).
2025-10-25 19:22:36.129 +03:00 [INF] Executed DbCommand (18ms) [Parameters=[], CommandType='"Text"', CommandTimeout='30']
SELECT [i].[Id], [i].[EntityToInspectId], [i].[InspectorId], [i].[ScheduledAt], [i].[Status], [i].[Score], [i].[Notes], [v].[Id], [v].[Code], [v].[Description], [v].[Severity]
FROM [InspectionVisits] AS [i]
LEFT JOIN [Violations] AS [v] ON [i].[Id] = [v].[InspectionVisitId]
ORDER BY [i].[Id]
2025-10-25 19:22:36.136 +03:00 [INF] Executing ObjectResult, writing value of type 'System.Collections.Generic.List`1[[InspectionVisits.Application.DTOs.InspectionVisitDto, InspectionVisits.Application, Version=1.0.0.0, Culture=neutral, PublicKeyToken=null]]'.
2025-10-25 19:22:36.155 +03:00 [INF] Executed action InspectionVisits.Api.Controllers.VisitsController.List (InspectionVisits.Api) in 105.357ms
2025-10-25 19:22:36.159 +03:00 [INF] Executed endpoint 'InspectionVisits.Api.Controllers.VisitsController.List (InspectionVisits.Api)'
2025-10-25 19:22:36.160 +03:00 [INF] HTTP GET /api/Visits responded 200 in 130.3749 ms
2025-10-25 19:22:36.165 +03:00 [INF] Request finished HTTP/2 GET https://localhost:63886/api/Visits - 200 null application/json; charset=utf-8 141.2608ms
2025-10-25 20:18:36.036 +03:00 [INF] User profile is available. Using 'C:\Users\Youssef Ghonem\AppData\Local\ASP.NET\DataProtection-Keys' as key repository and Windows DPAPI to encrypt keys at rest.
2025-10-25 20:18:38.035 +03:00 [INF] Executed DbCommand (53ms) [Parameters=[], CommandType='"Text"', CommandTimeout='30']
SELECT 1
2025-10-25 20:18:38.134 +03:00 [INF] Executed DbCommand (60ms) [Parameters=[], CommandType='"Text"', CommandTimeout='30']
SELECT OBJECT_ID(N'[__EFMigrationsHistory]');
2025-10-25 20:18:38.155 +03:00 [INF] Executed DbCommand (3ms) [Parameters=[], CommandType='"Text"', CommandTimeout='30']
SELECT 1
2025-10-25 20:18:38.179 +03:00 [INF] Executed DbCommand (1ms) [Parameters=[], CommandType='"Text"', CommandTimeout='30']
SELECT OBJECT_ID(N'[__EFMigrationsHistory]');
2025-10-25 20:18:38.298 +03:00 [INF] Executed DbCommand (87ms) [Parameters=[], CommandType='"Text"', CommandTimeout='30']
SELECT [MigrationId], [ProductVersion]
FROM [__EFMigrationsHistory]
ORDER BY [MigrationId];
2025-10-25 20:18:38.350 +03:00 [INF] No migrations were applied. The database is already up to date.
2025-10-25 20:18:38.813 +03:00 [INF] Executed DbCommand (65ms) [Parameters=[@__role_0='?' (Size = 256)], CommandType='"Text"', CommandTimeout='30']
SELECT CASE
    WHEN EXISTS (
        SELECT 1
        FROM [AspNetRoles] AS [a]
        WHERE [a].[Name] = @__role_0) THEN CAST(1 AS bit)
    ELSE CAST(0 AS bit)
END
2025-10-25 20:18:38.835 +03:00 [INF] Executed DbCommand (1ms) [Parameters=[@__role_0='?' (Size = 256)], CommandType='"Text"', CommandTimeout='30']
SELECT CASE
    WHEN EXISTS (
        SELECT 1
        FROM [AspNetRoles] AS [a]
        WHERE [a].[Name] = @__role_0) THEN CAST(1 AS bit)
    ELSE CAST(0 AS bit)
END
2025-10-25 20:18:38.949 +03:00 [INF] Executed DbCommand (34ms) [Parameters=[@__adminEmail_0='?' (Size = 256)], CommandType='"Text"', CommandTimeout='30']
SELECT TOP(1) [a].[Id], [a].[AccessFailedCount], [a].[ConcurrencyStamp], [a].[Email], [a].[EmailConfirmed], [a].[FullName], [a].[LockoutEnabled], [a].[LockoutEnd], [a].[NormalizedEmail], [a].[NormalizedUserName], [a].[PasswordHash], [a].[PhoneNumber], [a].[PhoneNumberConfirmed], [a].[SecurityStamp], [a].[TwoFactorEnabled], [a].[UserName]
FROM [AspNetUsers] AS [a]
WHERE [a].[Email] = @__adminEmail_0
2025-10-25 20:18:39.101 +03:00 [INF] Executed DbCommand (6ms) [Parameters=[@__inspEmail_0='?' (Size = 256)], CommandType='"Text"', CommandTimeout='30']
SELECT TOP(1) [a].[Id], [a].[AccessFailedCount], [a].[ConcurrencyStamp], [a].[Email], [a].[EmailConfirmed], [a].[FullName], [a].[LockoutEnabled], [a].[LockoutEnd], [a].[NormalizedEmail], [a].[NormalizedUserName], [a].[PasswordHash], [a].[PhoneNumber], [a].[PhoneNumberConfirmed], [a].[SecurityStamp], [a].[TwoFactorEnabled], [a].[UserName]
FROM [AspNetUsers] AS [a]
WHERE [a].[Email] = @__inspEmail_0
2025-10-25 20:18:39.125 +03:00 [INF] Executed DbCommand (6ms) [Parameters=[], CommandType='"Text"', CommandTimeout='30']
SELECT CASE
    WHEN EXISTS (
        SELECT 1
        FROM [Inspectors] AS [i]) THEN CAST(1 AS bit)
    ELSE CAST(0 AS bit)
END
2025-10-25 20:18:39.158 +03:00 [INF] Executed DbCommand (5ms) [Parameters=[], CommandType='"Text"', CommandTimeout='30']
SELECT CASE
    WHEN EXISTS (
        SELECT 1
        FROM [EntitiesToInspect] AS [e]) THEN CAST(1 AS bit)
    ELSE CAST(0 AS bit)
END
2025-10-25 20:18:39.233 +03:00 [INF] Database seeded.
2025-10-25 20:18:40.012 +03:00 [INF] Now listening on: https://localhost:63886
2025-10-25 20:18:40.020 +03:00 [INF] Now listening on: http://localhost:63887
2025-10-25 20:18:40.138 +03:00 [INF] Application started. Press Ctrl+C to shut down.
2025-10-25 20:18:40.143 +03:00 [INF] Hosting environment: Development
2025-10-25 20:18:40.153 +03:00 [INF] Content root path: C:\Users\Youssef Ghonem\Downloads\adreeTask\inspection-visits-backend\src\InspectionVisits.Api
2025-10-25 20:18:41.095 +03:00 [INF] Request starting HTTP/2 GET https://localhost:63886/ - null null
2025-10-25 20:18:41.427 +03:00 [INF] HTTP GET / responded 404 in 63.3131 ms
2025-10-25 20:18:41.449 +03:00 [INF] Request finished HTTP/2 GET https://localhost:63886/ - 404 0 null 365.0716ms
2025-10-25 20:18:41.475 +03:00 [INF] Request reached the end of the middleware pipeline without being handled by application code. Request path: GET https://localhost:63886/, Response status code: 404
