2025-10-25 21:29:40.361 +03:00 [INF] User profile is available. Using 'C:\Users\Youssef Ghonem\AppData\Local\ASP.NET\DataProtection-Keys' as key repository and Windows DPAPI to encrypt keys at rest.
2025-10-25 21:29:42.682 +03:00 [INF] Executed DbCommand (61ms) [Parameters=[], CommandType='"Text"', CommandTimeout='30']
SELECT 1
2025-10-25 21:29:42.808 +03:00 [INF] Executed DbCommand (75ms) [Parameters=[], CommandType='"Text"', CommandTimeout='30']
SELECT OBJECT_ID(N'[__EFMigrationsHistory]');
2025-10-25 21:29:42.824 +03:00 [INF] Executed DbCommand (1ms) [Parameters=[], CommandType='"Text"', CommandTimeout='30']
SELECT 1
2025-10-25 21:29:42.834 +03:00 [INF] Executed DbCommand (1ms) [Parameters=[], CommandType='"Text"', CommandTimeout='30']
SELECT OBJECT_ID(N'[__EFMigrationsHistory]');
2025-10-25 21:29:42.876 +03:00 [INF] Executed DbCommand (11ms) [Parameters=[], CommandType='"Text"', CommandTimeout='30']
SELECT [MigrationId], [ProductVersion]
FROM [__EFMigrationsHistory]
ORDER BY [MigrationId];
2025-10-25 21:29:42.914 +03:00 [INF] No migrations were applied. The database is already up to date.
2025-10-25 21:29:43.400 +03:00 [INF] Executed DbCommand (57ms) [Parameters=[@__role_0='?' (Size = 256)], CommandType='"Text"', CommandTimeout='30']
SELECT CASE
    WHEN EXISTS (
        SELECT 1
        FROM [AspNetRoles] AS [a]
        WHERE [a].[Name] = @__role_0) THEN CAST(1 AS bit)
    ELSE CAST(0 AS bit)
END
2025-10-25 21:29:43.424 +03:00 [INF] Executed DbCommand (2ms) [Parameters=[@__role_0='?' (Size = 256)], CommandType='"Text"', CommandTimeout='30']
SELECT CASE
    WHEN EXISTS (
        SELECT 1
        FROM [AspNetRoles] AS [a]
        WHERE [a].[Name] = @__role_0) THEN CAST(1 AS bit)
    ELSE CAST(0 AS bit)
END
2025-10-25 21:29:43.512 +03:00 [INF] Executed DbCommand (6ms) [Parameters=[@__adminEmail_0='?' (Size = 256)], CommandType='"Text"', CommandTimeout='30']
SELECT TOP(1) [a].[Id], [a].[AccessFailedCount], [a].[ConcurrencyStamp], [a].[Email], [a].[EmailConfirmed], [a].[FullName], [a].[LockoutEnabled], [a].[LockoutEnd], [a].[NormalizedEmail], [a].[NormalizedUserName], [a].[PasswordHash], [a].[PhoneNumber], [a].[PhoneNumberConfirmed], [a].[SecurityStamp], [a].[TwoFactorEnabled], [a].[UserName]
FROM [AspNetUsers] AS [a]
WHERE [a].[Email] = @__adminEmail_0
2025-10-25 21:29:43.669 +03:00 [INF] Executed DbCommand (5ms) [Parameters=[@__inspEmail_0='?' (Size = 256)], CommandType='"Text"', CommandTimeout='30']
SELECT TOP(1) [a].[Id], [a].[AccessFailedCount], [a].[ConcurrencyStamp], [a].[Email], [a].[EmailConfirmed], [a].[FullName], [a].[LockoutEnabled], [a].[LockoutEnd], [a].[NormalizedEmail], [a].[NormalizedUserName], [a].[PasswordHash], [a].[PhoneNumber], [a].[PhoneNumberConfirmed], [a].[SecurityStamp], [a].[TwoFactorEnabled], [a].[UserName]
FROM [AspNetUsers] AS [a]
WHERE [a].[Email] = @__inspEmail_0
2025-10-25 21:29:43.691 +03:00 [INF] Executed DbCommand (6ms) [Parameters=[], CommandType='"Text"', CommandTimeout='30']
SELECT CASE
    WHEN EXISTS (
        SELECT 1
        FROM [Inspectors] AS [i]) THEN CAST(1 AS bit)
    ELSE CAST(0 AS bit)
END
2025-10-25 21:29:43.708 +03:00 [INF] Executed DbCommand (5ms) [Parameters=[], CommandType='"Text"', CommandTimeout='30']
SELECT CASE
    WHEN EXISTS (
        SELECT 1
        FROM [EntitiesToInspect] AS [e]) THEN CAST(1 AS bit)
    ELSE CAST(0 AS bit)
END
2025-10-25 21:29:43.764 +03:00 [INF] Database seeded.
2025-10-25 21:29:44.383 +03:00 [INF] Now listening on: https://localhost:63886
2025-10-25 21:29:44.387 +03:00 [INF] Now listening on: http://localhost:63887
2025-10-25 21:29:44.492 +03:00 [INF] Application started. Press Ctrl+C to shut down.
2025-10-25 21:29:44.498 +03:00 [INF] Hosting environment: Development
2025-10-25 21:29:44.503 +03:00 [INF] Content root path: C:\Users\Youssef Ghonem\Downloads\adreeTask\inspection-visits-backend\src\InspectionVisits.Api
2025-10-25 21:29:44.967 +03:00 [INF] Request starting HTTP/2 GET https://localhost:63886/ - null null
2025-10-25 21:29:45.283 +03:00 [INF] HTTP GET / responded 404 in 107.8727 ms
2025-10-25 21:29:45.303 +03:00 [INF] Request finished HTTP/2 GET https://localhost:63886/ - 404 0 null 345.4817ms
2025-10-25 21:29:45.320 +03:00 [INF] Request reached the end of the middleware pipeline without being handled by application code. Request path: GET https://localhost:63886/, Response status code: 404
2025-10-25 21:31:54.330 +03:00 [INF] Request starting HTTP/2 OPTIONS https://localhost:63886/api/entities - null null
2025-10-25 21:31:54.331 +03:00 [INF] Request starting HTTP/2 OPTIONS https://localhost:63886/api/visits?pageIndex=0&pageSize=10 - null null
2025-10-25 21:31:54.330 +03:00 [INF] Request starting HTTP/2 OPTIONS https://localhost:63886/api/inspectors - null null
2025-10-25 21:31:54.378 +03:00 [INF] CORS policy execution successful.
2025-10-25 21:31:54.378 +03:00 [INF] CORS policy execution successful.
2025-10-25 21:31:54.388 +03:00 [INF] CORS policy execution successful.
2025-10-25 21:31:54.397 +03:00 [INF] Request finished HTTP/2 OPTIONS https://localhost:63886/api/inspectors - 204 null null 67.5266ms
2025-10-25 21:31:54.397 +03:00 [INF] Request finished HTTP/2 OPTIONS https://localhost:63886/api/entities - 204 null null 67.4359ms
2025-10-25 21:31:54.404 +03:00 [INF] Request starting HTTP/2 GET https://localhost:63886/api/visits?pageIndex=0&pageSize=10 - null null
2025-10-25 21:31:54.397 +03:00 [INF] Request finished HTTP/2 OPTIONS https://localhost:63886/api/visits?pageIndex=0&pageSize=10 - 204 null null 65.4682ms
2025-10-25 21:31:54.405 +03:00 [INF] Request starting HTTP/2 GET https://localhost:63886/api/inspectors - null null
2025-10-25 21:31:54.404 +03:00 [INF] Request starting HTTP/2 GET https://localhost:63886/api/entities - null null
2025-10-25 21:31:54.455 +03:00 [INF] CORS policy execution successful.
2025-10-25 21:31:54.461 +03:00 [INF] CORS policy execution successful.
2025-10-25 21:31:54.465 +03:00 [INF] CORS policy execution successful.
2025-10-25 21:31:54.614 +03:00 [INF] Executing endpoint 'InspectionVisits.Api.Controllers.InspectorsController.GetAll (InspectionVisits.Api)'
2025-10-25 21:31:54.614 +03:00 [INF] Executing endpoint 'InspectionVisits.Api.Controllers.VisitsController.List (InspectionVisits.Api)'
2025-10-25 21:31:54.614 +03:00 [INF] Executing endpoint 'InspectionVisits.Api.Controllers.EntitiesController.List (InspectionVisits.Api)'
2025-10-25 21:31:54.661 +03:00 [INF] Route matched with {action = "GetAll", controller = "Inspectors"}. Executing controller action with signature System.Threading.Tasks.Task`1[Microsoft.AspNetCore.Mvc.ActionResult`1[System.Collections.Generic.IReadOnlyList`1[InspectionVisits.Application.Features.Inspectors.Queries.InspectorDto]]] GetAll(System.Threading.CancellationToken) on controller InspectionVisits.Api.Controllers.InspectorsController (InspectionVisits.Api).
2025-10-25 21:31:54.661 +03:00 [INF] Route matched with {action = "List", controller = "Visits"}. Executing controller action with signature System.Threading.Tasks.Task`1[System.Collections.Generic.List`1[InspectionVisits.Application.DTOs.InspectionVisitDto]] List(System.Nullable`1[System.DateTime], System.Nullable`1[System.DateTime], System.Nullable`1[InspectionVisits.Domain.Enums.VisitStatus], System.Nullable`1[System.Int32], System.String) on controller InspectionVisits.Api.Controllers.VisitsController (InspectionVisits.Api).
2025-10-25 21:31:54.661 +03:00 [INF] Route matched with {action = "List", controller = "Entities"}. Executing controller action with signature System.Threading.Tasks.Task`1[System.Collections.Generic.List`1[InspectionVisits.Application.DTOs.EntityToInspectDto]] List(System.String) on controller InspectionVisits.Api.Controllers.EntitiesController (InspectionVisits.Api).
2025-10-25 21:31:55.198 +03:00 [INF] Executed action InspectionVisits.Api.Controllers.InspectorsController.GetAll (InspectionVisits.Api) in 518.3243ms
2025-10-25 21:31:55.204 +03:00 [INF] Executed endpoint 'InspectionVisits.Api.Controllers.InspectorsController.GetAll (InspectionVisits.Api)'
2025-10-25 21:31:55.212 +03:00 [ERR] HTTP GET /api/inspectors responded 500 in 737.5041 ms
System.InvalidOperationException: Missing map from InspectionVisits.Domain.Entities.Inspector to InspectionVisits.Application.Features.Inspectors.Queries.InspectorDto. Create using CreateMap<Inspector, InspectorDto>.
   at AutoMapper.QueryableExtensions.Impl.ProjectionBuilder.PolymorphicMaps(ProjectionRequest& request)
   at AutoMapper.QueryableExtensions.Impl.ProjectionBuilder.CreateProjection(ProjectionRequest request)
   at AutoMapper.Internal.LockingConcurrentDictionary`2.<>c__DisplayClass2_1.<.ctor>b__1()
   at System.Lazy`1.ViaFactory(LazyThreadSafetyMode mode)
   at System.Lazy`1.ExecutionAndPublication(LazyHelper executionAndPublication, Boolean useDefaultConstructor)
   at System.Lazy`1.CreateValue()
   at System.Lazy`1.get_Value()
   at AutoMapper.Internal.LockingConcurrentDictionary`2.GetOrAdd(TKey& key)
   at AutoMapper.QueryableExtensions.Impl.ProjectionBuilder.GetProjection(Type sourceType, Type destinationType, Object parameters, MemberPath[] membersToExpand)
   at AutoMapper.QueryableExtensions.Extensions.ToCore(IQueryable source, Type destinationType, IConfigurationProvider configuration, Object parameters, IEnumerable`1 memberPathsToExpand)
   at AutoMapper.QueryableExtensions.Extensions.ToCore[TResult](IQueryable source, IConfigurationProvider configuration, Object parameters, IEnumerable`1 memberPathsToExpand)
   at AutoMapper.QueryableExtensions.Extensions.ProjectTo[TDestination](IQueryable source, IConfigurationProvider configuration, Object parameters, Expression`1[] membersToExpand)
   at AutoMapper.QueryableExtensions.Extensions.ProjectTo[TDestination](IQueryable source, IConfigurationProvider configuration, Expression`1[] membersToExpand)
   at InspectionVisits.Application.Features.Inspectors.Queries.Handler.Handle(GetInspectorsQuery request, CancellationToken ct) in C:\Users\Youssef Ghonem\Downloads\adreeTask\inspection-visits-backend\src\InspectionVisits.Application\Features\Inspectors\Queries\GetInspectorsQuery.cs:line 25
   at InspectionVisits.Application.Common.Behaviors.ValidationBehavior`2.Handle(TRequest request, RequestHandlerDelegate`1 next, CancellationToken cancellationToken) in C:\Users\Youssef Ghonem\Downloads\adreeTask\inspection-visits-backend\src\InspectionVisits.Application\Common\Behaviors\ValidationBehavior.cs:line 24
   at InspectionVisits.Api.Controllers.InspectorsController.GetAll(CancellationToken ct) in C:\Users\Youssef Ghonem\Downloads\adreeTask\inspection-visits-backend\src\InspectionVisits.Api\Controllers\InspectorsController.cs:line 18
   at lambda_method207(Closure, Object)
   at Microsoft.AspNetCore.Mvc.Infrastructure.ActionMethodExecutor.AwaitableObjectResultExecutor.Execute(ActionContext actionContext, IActionResultTypeMapper mapper, ObjectMethodExecutor executor, Object controller, Object[] arguments)
   at Microsoft.AspNetCore.Mvc.Infrastructure.ControllerActionInvoker.<InvokeActionMethodAsync>g__Awaited|12_0(ControllerActionInvoker invoker, ValueTask`1 actionResultValueTask)
   at Microsoft.AspNetCore.Mvc.Infrastructure.ControllerActionInvoker.<InvokeNextActionFilterAsync>g__Awaited|10_0(ControllerActionInvoker invoker, Task lastTask, State next, Scope scope, Object state, Boolean isCompleted)
   at Microsoft.AspNetCore.Mvc.Infrastructure.ControllerActionInvoker.Rethrow(ActionExecutedContextSealed context)
   at Microsoft.AspNetCore.Mvc.Infrastructure.ControllerActionInvoker.Next(State& next, Scope& scope, Object& state, Boolean& isCompleted)
   at Microsoft.AspNetCore.Mvc.Infrastructure.ControllerActionInvoker.InvokeInnerFilterAsync()
--- End of stack trace from previous location ---
   at Microsoft.AspNetCore.Mvc.Infrastructure.ResourceInvoker.<InvokeFilterPipelineAsync>g__Awaited|20_0(ResourceInvoker invoker, Task lastTask, State next, Scope scope, Object state, Boolean isCompleted)
   at Microsoft.AspNetCore.Mvc.Infrastructure.ResourceInvoker.<InvokeAsync>g__Logged|17_1(ResourceInvoker invoker)
   at Microsoft.AspNetCore.Mvc.Infrastructure.ResourceInvoker.<InvokeAsync>g__Logged|17_1(ResourceInvoker invoker)
   at Microsoft.AspNetCore.Routing.EndpointMiddleware.<Invoke>g__AwaitRequestTask|7_0(Endpoint endpoint, Task requestTask, ILogger logger)
   at Microsoft.AspNetCore.Authorization.AuthorizationMiddleware.Invoke(HttpContext context)
   at Microsoft.AspNetCore.Authentication.AuthenticationMiddleware.Invoke(HttpContext context)
   at Serilog.AspNetCore.RequestLoggingMiddleware.Invoke(HttpContext httpContext)
2025-10-25 21:31:55.236 +03:00 [INF] Executed DbCommand (11ms) [Parameters=[], CommandType='"Text"', CommandTimeout='30']
SELECT [e].[Id], [e].[Name], [e].[Address], [e].[Category]
FROM [EntitiesToInspect] AS [e]
2025-10-25 21:31:55.320 +03:00 [ERR] An unhandled exception has occurred while executing the request.
System.InvalidOperationException: Missing map from InspectionVisits.Domain.Entities.Inspector to InspectionVisits.Application.Features.Inspectors.Queries.InspectorDto. Create using CreateMap<Inspector, InspectorDto>.
   at AutoMapper.QueryableExtensions.Impl.ProjectionBuilder.PolymorphicMaps(ProjectionRequest& request)
   at AutoMapper.QueryableExtensions.Impl.ProjectionBuilder.CreateProjection(ProjectionRequest request)
   at AutoMapper.Internal.LockingConcurrentDictionary`2.<>c__DisplayClass2_1.<.ctor>b__1()
   at System.Lazy`1.ViaFactory(LazyThreadSafetyMode mode)
   at System.Lazy`1.ExecutionAndPublication(LazyHelper executionAndPublication, Boolean useDefaultConstructor)
   at System.Lazy`1.CreateValue()
   at System.Lazy`1.get_Value()
   at AutoMapper.Internal.LockingConcurrentDictionary`2.GetOrAdd(TKey& key)
   at AutoMapper.QueryableExtensions.Impl.ProjectionBuilder.GetProjection(Type sourceType, Type destinationType, Object parameters, MemberPath[] membersToExpand)
   at AutoMapper.QueryableExtensions.Extensions.ToCore(IQueryable source, Type destinationType, IConfigurationProvider configuration, Object parameters, IEnumerable`1 memberPathsToExpand)
   at AutoMapper.QueryableExtensions.Extensions.ToCore[TResult](IQueryable source, IConfigurationProvider configuration, Object parameters, IEnumerable`1 memberPathsToExpand)
   at AutoMapper.QueryableExtensions.Extensions.ProjectTo[TDestination](IQueryable source, IConfigurationProvider configuration, Object parameters, Expression`1[] membersToExpand)
   at AutoMapper.QueryableExtensions.Extensions.ProjectTo[TDestination](IQueryable source, IConfigurationProvider configuration, Expression`1[] membersToExpand)
   at InspectionVisits.Application.Features.Inspectors.Queries.Handler.Handle(GetInspectorsQuery request, CancellationToken ct) in C:\Users\Youssef Ghonem\Downloads\adreeTask\inspection-visits-backend\src\InspectionVisits.Application\Features\Inspectors\Queries\GetInspectorsQuery.cs:line 25
   at InspectionVisits.Application.Common.Behaviors.ValidationBehavior`2.Handle(TRequest request, RequestHandlerDelegate`1 next, CancellationToken cancellationToken) in C:\Users\Youssef Ghonem\Downloads\adreeTask\inspection-visits-backend\src\InspectionVisits.Application\Common\Behaviors\ValidationBehavior.cs:line 24
   at InspectionVisits.Api.Controllers.InspectorsController.GetAll(CancellationToken ct) in C:\Users\Youssef Ghonem\Downloads\adreeTask\inspection-visits-backend\src\InspectionVisits.Api\Controllers\InspectorsController.cs:line 18
   at lambda_method207(Closure, Object)
   at Microsoft.AspNetCore.Mvc.Infrastructure.ActionMethodExecutor.AwaitableObjectResultExecutor.Execute(ActionContext actionContext, IActionResultTypeMapper mapper, ObjectMethodExecutor executor, Object controller, Object[] arguments)
   at Microsoft.AspNetCore.Mvc.Infrastructure.ControllerActionInvoker.<InvokeActionMethodAsync>g__Awaited|12_0(ControllerActionInvoker invoker, ValueTask`1 actionResultValueTask)
   at Microsoft.AspNetCore.Mvc.Infrastructure.ControllerActionInvoker.<InvokeNextActionFilterAsync>g__Awaited|10_0(ControllerActionInvoker invoker, Task lastTask, State next, Scope scope, Object state, Boolean isCompleted)
   at Microsoft.AspNetCore.Mvc.Infrastructure.ControllerActionInvoker.Rethrow(ActionExecutedContextSealed context)
   at Microsoft.AspNetCore.Mvc.Infrastructure.ControllerActionInvoker.Next(State& next, Scope& scope, Object& state, Boolean& isCompleted)
   at Microsoft.AspNetCore.Mvc.Infrastructure.ControllerActionInvoker.InvokeInnerFilterAsync()
--- End of stack trace from previous location ---
   at Microsoft.AspNetCore.Mvc.Infrastructure.ResourceInvoker.<InvokeFilterPipelineAsync>g__Awaited|20_0(ResourceInvoker invoker, Task lastTask, State next, Scope scope, Object state, Boolean isCompleted)
   at Microsoft.AspNetCore.Mvc.Infrastructure.ResourceInvoker.<InvokeAsync>g__Logged|17_1(ResourceInvoker invoker)
   at Microsoft.AspNetCore.Mvc.Infrastructure.ResourceInvoker.<InvokeAsync>g__Logged|17_1(ResourceInvoker invoker)
   at Microsoft.AspNetCore.Routing.EndpointMiddleware.<Invoke>g__AwaitRequestTask|7_0(Endpoint endpoint, Task requestTask, ILogger logger)
   at Microsoft.AspNetCore.Authorization.AuthorizationMiddleware.Invoke(HttpContext context)
   at Microsoft.AspNetCore.Authentication.AuthenticationMiddleware.Invoke(HttpContext context)
   at Serilog.AspNetCore.RequestLoggingMiddleware.Invoke(HttpContext httpContext)
   at Swashbuckle.AspNetCore.SwaggerUI.SwaggerUIMiddleware.Invoke(HttpContext httpContext)
   at Swashbuckle.AspNetCore.Swagger.SwaggerMiddleware.Invoke(HttpContext httpContext, ISwaggerProvider swaggerProvider)
   at Microsoft.AspNetCore.Diagnostics.ExceptionHandlerMiddlewareImpl.<Invoke>g__Awaited|10_0(ExceptionHandlerMiddlewareImpl middleware, HttpContext context, Task task)
2025-10-25 21:31:55.336 +03:00 [INF] Executing ObjectResult, writing value of type 'System.Collections.Generic.List`1[[InspectionVisits.Application.DTOs.EntityToInspectDto, InspectionVisits.Application, Version=1.0.0.0, Culture=neutral, PublicKeyToken=null]]'.
2025-10-25 21:31:55.369 +03:00 [INF] Executed DbCommand (11ms) [Parameters=[], CommandType='"Text"', CommandTimeout='30']
SELECT [i].[Id], [i].[EntityToInspectId], [i].[InspectorId], [i].[ScheduledAt], [i].[Status], [i].[Score], [i].[Notes], [v].[Id], [v].[Code], [v].[Description], [v].[Severity]
FROM [InspectionVisits] AS [i]
LEFT JOIN [Violations] AS [v] ON [i].[Id] = [v].[InspectionVisitId]
ORDER BY [i].[Id]
2025-10-25 21:31:55.385 +03:00 [INF] Executing endpoint '/error'
2025-10-25 21:31:55.394 +03:00 [INF] Executed action InspectionVisits.Api.Controllers.EntitiesController.List (InspectionVisits.Api) in 713.3741ms
2025-10-25 21:31:55.396 +03:00 [INF] Executing ObjectResult, writing value of type 'System.Collections.Generic.List`1[[InspectionVisits.Application.DTOs.InspectionVisitDto, InspectionVisits.Application, Version=1.0.0.0, Culture=neutral, PublicKeyToken=null]]'.
2025-10-25 21:31:55.419 +03:00 [INF] Executed endpoint 'InspectionVisits.Api.Controllers.EntitiesController.List (InspectionVisits.Api)'
2025-10-25 21:31:55.423 +03:00 [INF] Setting HTTP status code 400.
2025-10-25 21:31:55.432 +03:00 [INF] HTTP GET /api/entities responded 200 in 957.8168 ms
2025-10-25 21:31:55.446 +03:00 [INF] Executed action InspectionVisits.Api.Controllers.VisitsController.List (InspectionVisits.Api) in 768.8163ms
2025-10-25 21:31:55.454 +03:00 [INF] Request finished HTTP/2 GET https://localhost:63886/api/entities - 200 null application/json; charset=utf-8 1049.9184ms
2025-10-25 21:31:55.456 +03:00 [INF] Executed endpoint 'InspectionVisits.Api.Controllers.VisitsController.List (InspectionVisits.Api)'
2025-10-25 21:31:55.465 +03:00 [INF] Executed endpoint '/error'
2025-10-25 21:31:55.483 +03:00 [INF] HTTP GET /api/visits responded 200 in 1010.0153 ms
2025-10-25 21:31:55.486 +03:00 [INF] HTTP GET /error responded 400 in 101.2969 ms
2025-10-25 21:31:55.502 +03:00 [INF] Request finished HTTP/2 GET https://localhost:63886/api/visits?pageIndex=0&pageSize=10 - 200 null application/json; charset=utf-8 1098.7468ms
2025-10-25 21:31:55.508 +03:00 [INF] Request finished HTTP/2 GET https://localhost:63886/api/inspectors - 400 null application/problem+json 1103.1219ms
2025-10-25 21:32:00.038 +03:00 [INF] Request starting HTTP/2 OPTIONS https://localhost:63886/api/entities - null null
2025-10-25 21:32:00.038 +03:00 [INF] Request starting HTTP/2 OPTIONS https://localhost:63886/api/inspectors - null null
2025-10-25 21:32:00.039 +03:00 [INF] Request starting HTTP/2 OPTIONS https://localhost:63886/api/visits?pageIndex=0&pageSize=10 - null null
2025-10-25 21:32:00.064 +03:00 [INF] CORS policy execution successful.
2025-10-25 21:32:00.069 +03:00 [INF] CORS policy execution successful.
2025-10-25 21:32:00.078 +03:00 [INF] CORS policy execution successful.
2025-10-25 21:32:00.083 +03:00 [INF] Request finished HTTP/2 OPTIONS https://localhost:63886/api/entities - 204 null null 45.7964ms
2025-10-25 21:32:00.087 +03:00 [INF] Request starting HTTP/2 GET https://localhost:63886/api/inspectors - null null
2025-10-25 21:32:00.087 +03:00 [INF] Request starting HTTP/2 GET https://localhost:63886/api/entities - null null
2025-10-25 21:32:00.085 +03:00 [INF] Request finished HTTP/2 OPTIONS https://localhost:63886/api/inspectors - 204 null null 46.7958ms
2025-10-25 21:32:00.087 +03:00 [INF] Request finished HTTP/2 OPTIONS https://localhost:63886/api/visits?pageIndex=0&pageSize=10 - 204 null null 48.8404ms
2025-10-25 21:32:00.089 +03:00 [INF] Request starting HTTP/2 GET https://localhost:63886/api/visits?pageIndex=0&pageSize=10 - null null
2025-10-25 21:32:00.150 +03:00 [INF] CORS policy execution successful.
2025-10-25 21:32:00.156 +03:00 [INF] CORS policy execution successful.
2025-10-25 21:32:00.177 +03:00 [INF] CORS policy execution successful.
2025-10-25 21:32:00.187 +03:00 [INF] Executing endpoint 'InspectionVisits.Api.Controllers.InspectorsController.GetAll (InspectionVisits.Api)'
2025-10-25 21:32:00.187 +03:00 [INF] Executing endpoint 'InspectionVisits.Api.Controllers.EntitiesController.List (InspectionVisits.Api)'
2025-10-25 21:32:00.187 +03:00 [INF] Executing endpoint 'InspectionVisits.Api.Controllers.VisitsController.List (InspectionVisits.Api)'
2025-10-25 21:32:00.198 +03:00 [INF] Route matched with {action = "GetAll", controller = "Inspectors"}. Executing controller action with signature System.Threading.Tasks.Task`1[Microsoft.AspNetCore.Mvc.ActionResult`1[System.Collections.Generic.IReadOnlyList`1[InspectionVisits.Application.Features.Inspectors.Queries.InspectorDto]]] GetAll(System.Threading.CancellationToken) on controller InspectionVisits.Api.Controllers.InspectorsController (InspectionVisits.Api).
2025-10-25 21:32:00.200 +03:00 [INF] Route matched with {action = "List", controller = "Entities"}. Executing controller action with signature System.Threading.Tasks.Task`1[System.Collections.Generic.List`1[InspectionVisits.Application.DTOs.EntityToInspectDto]] List(System.String) on controller InspectionVisits.Api.Controllers.EntitiesController (InspectionVisits.Api).
2025-10-25 21:32:00.202 +03:00 [INF] Route matched with {action = "List", controller = "Visits"}. Executing controller action with signature System.Threading.Tasks.Task`1[System.Collections.Generic.List`1[InspectionVisits.Application.DTOs.InspectionVisitDto]] List(System.Nullable`1[System.DateTime], System.Nullable`1[System.DateTime], System.Nullable`1[InspectionVisits.Domain.Enums.VisitStatus], System.Nullable`1[System.Int32], System.String) on controller InspectionVisits.Api.Controllers.VisitsController (InspectionVisits.Api).
2025-10-25 21:32:00.427 +03:00 [INF] Executed DbCommand (44ms) [Parameters=[], CommandType='"Text"', CommandTimeout='30']
SELECT [e].[Id], [e].[Name], [e].[Address], [e].[Category]
FROM [EntitiesToInspect] AS [e]
2025-10-25 21:32:00.455 +03:00 [INF] Executed action InspectionVisits.Api.Controllers.InspectorsController.GetAll (InspectionVisits.Api) in 234.2306ms
2025-10-25 21:32:00.466 +03:00 [INF] Executing ObjectResult, writing value of type 'System.Collections.Generic.List`1[[InspectionVisits.Application.DTOs.EntityToInspectDto, InspectionVisits.Application, Version=1.0.0.0, Culture=neutral, PublicKeyToken=null]]'.
2025-10-25 21:32:00.474 +03:00 [INF] Executed endpoint 'InspectionVisits.Api.Controllers.InspectorsController.GetAll (InspectionVisits.Api)'
2025-10-25 21:32:00.477 +03:00 [INF] Executed action InspectionVisits.Api.Controllers.EntitiesController.List (InspectionVisits.Api) in 253.053ms
2025-10-25 21:32:00.487 +03:00 [ERR] HTTP GET /api/inspectors responded 500 in 302.7218 ms
System.InvalidOperationException: Missing map from InspectionVisits.Domain.Entities.Inspector to InspectionVisits.Application.Features.Inspectors.Queries.InspectorDto. Create using CreateMap<Inspector, InspectorDto>.
   at AutoMapper.QueryableExtensions.Impl.ProjectionBuilder.PolymorphicMaps(ProjectionRequest& request)
   at AutoMapper.QueryableExtensions.Impl.ProjectionBuilder.CreateProjection(ProjectionRequest request)
   at AutoMapper.Internal.LockingConcurrentDictionary`2.<>c__DisplayClass2_1.<.ctor>b__1()
   at System.Lazy`1.ViaFactory(LazyThreadSafetyMode mode)
--- End of stack trace from previous location ---
   at System.LazyHelper.ThrowException()
   at System.Lazy`1.CreateValue()
   at System.Lazy`1.get_Value()
   at AutoMapper.Internal.LockingConcurrentDictionary`2.GetOrAdd(TKey& key)
   at AutoMapper.QueryableExtensions.Impl.ProjectionBuilder.GetProjection(Type sourceType, Type destinationType, Object parameters, MemberPath[] membersToExpand)
   at AutoMapper.QueryableExtensions.Extensions.ToCore(IQueryable source, Type destinationType, IConfigurationProvider configuration, Object parameters, IEnumerable`1 memberPathsToExpand)
   at AutoMapper.QueryableExtensions.Extensions.ToCore[TResult](IQueryable source, IConfigurationProvider configuration, Object parameters, IEnumerable`1 memberPathsToExpand)
   at AutoMapper.QueryableExtensions.Extensions.ProjectTo[TDestination](IQueryable source, IConfigurationProvider configuration, Object parameters, Expression`1[] membersToExpand)
   at AutoMapper.QueryableExtensions.Extensions.ProjectTo[TDestination](IQueryable source, IConfigurationProvider configuration, Expression`1[] membersToExpand)
   at InspectionVisits.Application.Features.Inspectors.Queries.Handler.Handle(GetInspectorsQuery request, CancellationToken ct) in C:\Users\Youssef Ghonem\Downloads\adreeTask\inspection-visits-backend\src\InspectionVisits.Application\Features\Inspectors\Queries\GetInspectorsQuery.cs:line 25
   at InspectionVisits.Application.Common.Behaviors.ValidationBehavior`2.Handle(TRequest request, RequestHandlerDelegate`1 next, CancellationToken cancellationToken) in C:\Users\Youssef Ghonem\Downloads\adreeTask\inspection-visits-backend\src\InspectionVisits.Application\Common\Behaviors\ValidationBehavior.cs:line 24
   at InspectionVisits.Api.Controllers.InspectorsController.GetAll(CancellationToken ct) in C:\Users\Youssef Ghonem\Downloads\adreeTask\inspection-visits-backend\src\InspectionVisits.Api\Controllers\InspectorsController.cs:line 18
   at lambda_method207(Closure, Object)
   at Microsoft.AspNetCore.Mvc.Infrastructure.ActionMethodExecutor.AwaitableObjectResultExecutor.Execute(ActionContext actionContext, IActionResultTypeMapper mapper, ObjectMethodExecutor executor, Object controller, Object[] arguments)
   at Microsoft.AspNetCore.Mvc.Infrastructure.ControllerActionInvoker.<InvokeActionMethodAsync>g__Awaited|12_0(ControllerActionInvoker invoker, ValueTask`1 actionResultValueTask)
   at Microsoft.AspNetCore.Mvc.Infrastructure.ControllerActionInvoker.<InvokeNextActionFilterAsync>g__Awaited|10_0(ControllerActionInvoker invoker, Task lastTask, State next, Scope scope, Object state, Boolean isCompleted)
   at Microsoft.AspNetCore.Mvc.Infrastructure.ControllerActionInvoker.Rethrow(ActionExecutedContextSealed context)
   at Microsoft.AspNetCore.Mvc.Infrastructure.ControllerActionInvoker.Next(State& next, Scope& scope, Object& state, Boolean& isCompleted)
   at Microsoft.AspNetCore.Mvc.Infrastructure.ControllerActionInvoker.InvokeInnerFilterAsync()
--- End of stack trace from previous location ---
   at Microsoft.AspNetCore.Mvc.Infrastructure.ResourceInvoker.<InvokeFilterPipelineAsync>g__Awaited|20_0(ResourceInvoker invoker, Task lastTask, State next, Scope scope, Object state, Boolean isCompleted)
   at Microsoft.AspNetCore.Mvc.Infrastructure.ResourceInvoker.<InvokeAsync>g__Logged|17_1(ResourceInvoker invoker)
   at Microsoft.AspNetCore.Mvc.Infrastructure.ResourceInvoker.<InvokeAsync>g__Logged|17_1(ResourceInvoker invoker)
   at Microsoft.AspNetCore.Routing.EndpointMiddleware.<Invoke>g__AwaitRequestTask|7_0(Endpoint endpoint, Task requestTask, ILogger logger)
   at Microsoft.AspNetCore.Authorization.AuthorizationMiddleware.Invoke(HttpContext context)
   at Microsoft.AspNetCore.Authentication.AuthenticationMiddleware.Invoke(HttpContext context)
   at Serilog.AspNetCore.RequestLoggingMiddleware.Invoke(HttpContext httpContext)
2025-10-25 21:32:00.489 +03:00 [INF] Executed endpoint 'InspectionVisits.Api.Controllers.EntitiesController.List (InspectionVisits.Api)'
2025-10-25 21:32:00.493 +03:00 [INF] Executed DbCommand (15ms) [Parameters=[], CommandType='"Text"', CommandTimeout='30']
SELECT [i].[Id], [i].[EntityToInspectId], [i].[InspectorId], [i].[ScheduledAt], [i].[Status], [i].[Score], [i].[Notes], [v].[Id], [v].[Code], [v].[Description], [v].[Severity]
FROM [InspectionVisits] AS [i]
LEFT JOIN [Violations] AS [v] ON [i].[Id] = [v].[InspectionVisitId]
ORDER BY [i].[Id]
2025-10-25 21:32:00.530 +03:00 [ERR] An unhandled exception has occurred while executing the request.
System.InvalidOperationException: Missing map from InspectionVisits.Domain.Entities.Inspector to InspectionVisits.Application.Features.Inspectors.Queries.InspectorDto. Create using CreateMap<Inspector, InspectorDto>.
   at AutoMapper.QueryableExtensions.Impl.ProjectionBuilder.PolymorphicMaps(ProjectionRequest& request)
   at AutoMapper.QueryableExtensions.Impl.ProjectionBuilder.CreateProjection(ProjectionRequest request)
   at AutoMapper.Internal.LockingConcurrentDictionary`2.<>c__DisplayClass2_1.<.ctor>b__1()
   at System.Lazy`1.ViaFactory(LazyThreadSafetyMode mode)
--- End of stack trace from previous location ---
   at System.LazyHelper.ThrowException()
   at System.Lazy`1.CreateValue()
   at System.Lazy`1.get_Value()
   at AutoMapper.Internal.LockingConcurrentDictionary`2.GetOrAdd(TKey& key)
   at AutoMapper.QueryableExtensions.Impl.ProjectionBuilder.GetProjection(Type sourceType, Type destinationType, Object parameters, MemberPath[] membersToExpand)
   at AutoMapper.QueryableExtensions.Extensions.ToCore(IQueryable source, Type destinationType, IConfigurationProvider configuration, Object parameters, IEnumerable`1 memberPathsToExpand)
   at AutoMapper.QueryableExtensions.Extensions.ToCore[TResult](IQueryable source, IConfigurationProvider configuration, Object parameters, IEnumerable`1 memberPathsToExpand)
   at AutoMapper.QueryableExtensions.Extensions.ProjectTo[TDestination](IQueryable source, IConfigurationProvider configuration, Object parameters, Expression`1[] membersToExpand)
   at AutoMapper.QueryableExtensions.Extensions.ProjectTo[TDestination](IQueryable source, IConfigurationProvider configuration, Expression`1[] membersToExpand)
   at InspectionVisits.Application.Features.Inspectors.Queries.Handler.Handle(GetInspectorsQuery request, CancellationToken ct) in C:\Users\Youssef Ghonem\Downloads\adreeTask\inspection-visits-backend\src\InspectionVisits.Application\Features\Inspectors\Queries\GetInspectorsQuery.cs:line 25
   at InspectionVisits.Application.Common.Behaviors.ValidationBehavior`2.Handle(TRequest request, RequestHandlerDelegate`1 next, CancellationToken cancellationToken) in C:\Users\Youssef Ghonem\Downloads\adreeTask\inspection-visits-backend\src\InspectionVisits.Application\Common\Behaviors\ValidationBehavior.cs:line 24
   at InspectionVisits.Api.Controllers.InspectorsController.GetAll(CancellationToken ct) in C:\Users\Youssef Ghonem\Downloads\adreeTask\inspection-visits-backend\src\InspectionVisits.Api\Controllers\InspectorsController.cs:line 18
   at lambda_method207(Closure, Object)
   at Microsoft.AspNetCore.Mvc.Infrastructure.ActionMethodExecutor.AwaitableObjectResultExecutor.Execute(ActionContext actionContext, IActionResultTypeMapper mapper, ObjectMethodExecutor executor, Object controller, Object[] arguments)
   at Microsoft.AspNetCore.Mvc.Infrastructure.ControllerActionInvoker.<InvokeActionMethodAsync>g__Awaited|12_0(ControllerActionInvoker invoker, ValueTask`1 actionResultValueTask)
   at Microsoft.AspNetCore.Mvc.Infrastructure.ControllerActionInvoker.<InvokeNextActionFilterAsync>g__Awaited|10_0(ControllerActionInvoker invoker, Task lastTask, State next, Scope scope, Object state, Boolean isCompleted)
   at Microsoft.AspNetCore.Mvc.Infrastructure.ControllerActionInvoker.Rethrow(ActionExecutedContextSealed context)
   at Microsoft.AspNetCore.Mvc.Infrastructure.ControllerActionInvoker.Next(State& next, Scope& scope, Object& state, Boolean& isCompleted)
   at Microsoft.AspNetCore.Mvc.Infrastructure.ControllerActionInvoker.InvokeInnerFilterAsync()
--- End of stack trace from previous location ---
   at Microsoft.AspNetCore.Mvc.Infrastructure.ResourceInvoker.<InvokeFilterPipelineAsync>g__Awaited|20_0(ResourceInvoker invoker, Task lastTask, State next, Scope scope, Object state, Boolean isCompleted)
   at Microsoft.AspNetCore.Mvc.Infrastructure.ResourceInvoker.<InvokeAsync>g__Logged|17_1(ResourceInvoker invoker)
   at Microsoft.AspNetCore.Mvc.Infrastructure.ResourceInvoker.<InvokeAsync>g__Logged|17_1(ResourceInvoker invoker)
   at Microsoft.AspNetCore.Routing.EndpointMiddleware.<Invoke>g__AwaitRequestTask|7_0(Endpoint endpoint, Task requestTask, ILogger logger)
   at Microsoft.AspNetCore.Authorization.AuthorizationMiddleware.Invoke(HttpContext context)
   at Microsoft.AspNetCore.Authentication.AuthenticationMiddleware.Invoke(HttpContext context)
   at Serilog.AspNetCore.RequestLoggingMiddleware.Invoke(HttpContext httpContext)
   at Swashbuckle.AspNetCore.SwaggerUI.SwaggerUIMiddleware.Invoke(HttpContext httpContext)
   at Swashbuckle.AspNetCore.Swagger.SwaggerMiddleware.Invoke(HttpContext httpContext, ISwaggerProvider swaggerProvider)
   at Microsoft.AspNetCore.Diagnostics.ExceptionHandlerMiddlewareImpl.<Invoke>g__Awaited|10_0(ExceptionHandlerMiddlewareImpl middleware, HttpContext context, Task task)
2025-10-25 21:32:00.531 +03:00 [INF] HTTP GET /api/entities responded 200 in 345.1010 ms
2025-10-25 21:32:00.535 +03:00 [INF] Executing ObjectResult, writing value of type 'System.Collections.Generic.List`1[[InspectionVisits.Application.DTOs.InspectionVisitDto, InspectionVisits.Application, Version=1.0.0.0, Culture=neutral, PublicKeyToken=null]]'.
2025-10-25 21:32:00.572 +03:00 [INF] Executing endpoint '/error'
2025-10-25 21:32:00.574 +03:00 [INF] Request finished HTTP/2 GET https://localhost:63886/api/entities - 200 null application/json; charset=utf-8 487.7672ms
2025-10-25 21:32:00.577 +03:00 [INF] Executed action InspectionVisits.Api.Controllers.VisitsController.List (InspectionVisits.Api) in 347.8366ms
2025-10-25 21:32:00.592 +03:00 [INF] Setting HTTP status code 400.
2025-10-25 21:32:00.603 +03:00 [INF] Executed endpoint 'InspectionVisits.Api.Controllers.VisitsController.List (InspectionVisits.Api)'
2025-10-25 21:32:00.610 +03:00 [INF] Executed endpoint '/error'
2025-10-25 21:32:00.610 +03:00 [INF] HTTP GET /api/visits responded 200 in 423.5016 ms
2025-10-25 21:32:00.616 +03:00 [INF] HTTP GET /error responded 400 in 44.3755 ms
2025-10-25 21:32:00.620 +03:00 [INF] Request finished HTTP/2 GET https://localhost:63886/api/visits?pageIndex=0&pageSize=10 - 200 null application/json; charset=utf-8 531.5717ms
2025-10-25 21:32:00.632 +03:00 [INF] Request finished HTTP/2 GET https://localhost:63886/api/inspectors - 400 null application/problem+json 544.7487ms
2025-10-25 21:32:50.566 +03:00 [INF] User profile is available. Using 'C:\Users\Youssef Ghonem\AppData\Local\ASP.NET\DataProtection-Keys' as key repository and Windows DPAPI to encrypt keys at rest.
2025-10-25 21:32:52.190 +03:00 [INF] Executed DbCommand (42ms) [Parameters=[], CommandType='"Text"', CommandTimeout='30']
SELECT 1
2025-10-25 21:32:52.281 +03:00 [INF] Executed DbCommand (54ms) [Parameters=[], CommandType='"Text"', CommandTimeout='30']
SELECT OBJECT_ID(N'[__EFMigrationsHistory]');
2025-10-25 21:32:52.301 +03:00 [INF] Executed DbCommand (1ms) [Parameters=[], CommandType='"Text"', CommandTimeout='30']
SELECT 1
2025-10-25 21:32:52.313 +03:00 [INF] Executed DbCommand (1ms) [Parameters=[], CommandType='"Text"', CommandTimeout='30']
SELECT OBJECT_ID(N'[__EFMigrationsHistory]');
2025-10-25 21:32:52.370 +03:00 [INF] Executed DbCommand (18ms) [Parameters=[], CommandType='"Text"', CommandTimeout='30']
SELECT [MigrationId], [ProductVersion]
FROM [__EFMigrationsHistory]
ORDER BY [MigrationId];
2025-10-25 21:32:52.413 +03:00 [INF] No migrations were applied. The database is already up to date.
2025-10-25 21:32:52.833 +03:00 [INF] Executed DbCommand (31ms) [Parameters=[@__role_0='?' (Size = 256)], CommandType='"Text"', CommandTimeout='30']
SELECT CASE
    WHEN EXISTS (
        SELECT 1
        FROM [AspNetRoles] AS [a]
        WHERE [a].[Name] = @__role_0) THEN CAST(1 AS bit)
    ELSE CAST(0 AS bit)
END
2025-10-25 21:32:52.873 +03:00 [INF] Executed DbCommand (21ms) [Parameters=[@__role_0='?' (Size = 256)], CommandType='"Text"', CommandTimeout='30']
SELECT CASE
    WHEN EXISTS (
        SELECT 1
        FROM [AspNetRoles] AS [a]
        WHERE [a].[Name] = @__role_0) THEN CAST(1 AS bit)
    ELSE CAST(0 AS bit)
END
2025-10-25 21:32:52.980 +03:00 [INF] Executed DbCommand (10ms) [Parameters=[@__adminEmail_0='?' (Size = 256)], CommandType='"Text"', CommandTimeout='30']
SELECT TOP(1) [a].[Id], [a].[AccessFailedCount], [a].[ConcurrencyStamp], [a].[Email], [a].[EmailConfirmed], [a].[FullName], [a].[LockoutEnabled], [a].[LockoutEnd], [a].[NormalizedEmail], [a].[NormalizedUserName], [a].[PasswordHash], [a].[PhoneNumber], [a].[PhoneNumberConfirmed], [a].[SecurityStamp], [a].[TwoFactorEnabled], [a].[UserName]
FROM [AspNetUsers] AS [a]
WHERE [a].[Email] = @__adminEmail_0
2025-10-25 21:32:53.115 +03:00 [INF] Executed DbCommand (6ms) [Parameters=[@__inspEmail_0='?' (Size = 256)], CommandType='"Text"', CommandTimeout='30']
SELECT TOP(1) [a].[Id], [a].[AccessFailedCount], [a].[ConcurrencyStamp], [a].[Email], [a].[EmailConfirmed], [a].[FullName], [a].[LockoutEnabled], [a].[LockoutEnd], [a].[NormalizedEmail], [a].[NormalizedUserName], [a].[PasswordHash], [a].[PhoneNumber], [a].[PhoneNumberConfirmed], [a].[SecurityStamp], [a].[TwoFactorEnabled], [a].[UserName]
FROM [AspNetUsers] AS [a]
WHERE [a].[Email] = @__inspEmail_0
2025-10-25 21:32:53.137 +03:00 [INF] Executed DbCommand (3ms) [Parameters=[], CommandType='"Text"', CommandTimeout='30']
SELECT CASE
    WHEN EXISTS (
        SELECT 1
        FROM [Inspectors] AS [i]) THEN CAST(1 AS bit)
    ELSE CAST(0 AS bit)
END
2025-10-25 21:32:53.155 +03:00 [INF] Executed DbCommand (4ms) [Parameters=[], CommandType='"Text"', CommandTimeout='30']
SELECT CASE
    WHEN EXISTS (
        SELECT 1
        FROM [EntitiesToInspect] AS [e]) THEN CAST(1 AS bit)
    ELSE CAST(0 AS bit)
END
2025-10-25 21:32:53.218 +03:00 [INF] Database seeded.
2025-10-25 21:32:53.645 +03:00 [INF] Now listening on: https://localhost:63886
2025-10-25 21:32:53.649 +03:00 [INF] Now listening on: http://localhost:63887
2025-10-25 21:32:53.756 +03:00 [INF] Application started. Press Ctrl+C to shut down.
2025-10-25 21:32:53.759 +03:00 [INF] Hosting environment: Development
2025-10-25 21:32:53.765 +03:00 [INF] Content root path: C:\Users\Youssef Ghonem\Downloads\adreeTask\inspection-visits-backend\src\InspectionVisits.Api
2025-10-25 21:32:54.302 +03:00 [INF] Request starting HTTP/2 GET https://localhost:63886/ - null null
2025-10-25 21:32:54.547 +03:00 [INF] HTTP GET / responded 404 in 57.6576 ms
2025-10-25 21:32:54.568 +03:00 [INF] Request finished HTTP/2 GET https://localhost:63886/ - 404 0 null 273.549ms
2025-10-25 21:32:54.589 +03:00 [INF] Request reached the end of the middleware pipeline without being handled by application code. Request path: GET https://localhost:63886/, Response status code: 404
2025-10-25 21:32:56.702 +03:00 [INF] Request starting HTTP/2 OPTIONS https://localhost:63886/api/inspectors - null null
2025-10-25 21:32:56.702 +03:00 [INF] Request starting HTTP/2 OPTIONS https://localhost:63886/api/visits?pageIndex=0&pageSize=10 - null null
2025-10-25 21:32:56.702 +03:00 [INF] Request starting HTTP/2 OPTIONS https://localhost:63886/api/entities - null null
2025-10-25 21:32:56.725 +03:00 [INF] CORS policy execution successful.
2025-10-25 21:32:56.725 +03:00 [INF] CORS policy execution successful.
2025-10-25 21:32:56.729 +03:00 [INF] CORS policy execution successful.
2025-10-25 21:32:56.745 +03:00 [INF] Request finished HTTP/2 OPTIONS https://localhost:63886/api/visits?pageIndex=0&pageSize=10 - 204 null null 43.3976ms
2025-10-25 21:32:56.757 +03:00 [INF] Request starting HTTP/2 GET https://localhost:63886/api/visits?pageIndex=0&pageSize=10 - null null
2025-10-25 21:32:56.748 +03:00 [INF] Request finished HTTP/2 OPTIONS https://localhost:63886/api/entities - 204 null null 46.8379ms
2025-10-25 21:32:56.747 +03:00 [INF] Request finished HTTP/2 OPTIONS https://localhost:63886/api/inspectors - 204 null null 45.3496ms
2025-10-25 21:32:56.761 +03:00 [INF] Request starting HTTP/2 GET https://localhost:63886/api/inspectors - null null
2025-10-25 21:32:56.761 +03:00 [INF] Request starting HTTP/2 GET https://localhost:63886/api/entities - null null
2025-10-25 21:32:56.805 +03:00 [INF] CORS policy execution successful.
2025-10-25 21:32:56.825 +03:00 [INF] CORS policy execution successful.
2025-10-25 21:32:56.831 +03:00 [INF] CORS policy execution successful.
2025-10-25 21:32:56.935 +03:00 [INF] Executing endpoint 'InspectionVisits.Api.Controllers.InspectorsController.GetAll (InspectionVisits.Api)'
2025-10-25 21:32:56.935 +03:00 [INF] Executing endpoint 'InspectionVisits.Api.Controllers.VisitsController.List (InspectionVisits.Api)'
2025-10-25 21:32:56.935 +03:00 [INF] Executing endpoint 'InspectionVisits.Api.Controllers.EntitiesController.List (InspectionVisits.Api)'
2025-10-25 21:32:56.982 +03:00 [INF] Route matched with {action = "List", controller = "Visits"}. Executing controller action with signature System.Threading.Tasks.Task`1[System.Collections.Generic.List`1[InspectionVisits.Application.DTOs.InspectionVisitDto]] List(System.Nullable`1[System.DateTime], System.Nullable`1[System.DateTime], System.Nullable`1[InspectionVisits.Domain.Enums.VisitStatus], System.Nullable`1[System.Int32], System.String) on controller InspectionVisits.Api.Controllers.VisitsController (InspectionVisits.Api).
2025-10-25 21:32:56.982 +03:00 [INF] Route matched with {action = "GetAll", controller = "Inspectors"}. Executing controller action with signature System.Threading.Tasks.Task`1[Microsoft.AspNetCore.Mvc.ActionResult`1[System.Collections.Generic.IReadOnlyList`1[InspectionVisits.Application.Features.Inspectors.Queries.InspectorDto]]] GetAll(System.Threading.CancellationToken) on controller InspectionVisits.Api.Controllers.InspectorsController (InspectionVisits.Api).
2025-10-25 21:32:56.982 +03:00 [INF] Route matched with {action = "List", controller = "Entities"}. Executing controller action with signature System.Threading.Tasks.Task`1[System.Collections.Generic.List`1[InspectionVisits.Application.DTOs.EntityToInspectDto]] List(System.String) on controller InspectionVisits.Api.Controllers.EntitiesController (InspectionVisits.Api).
2025-10-25 21:32:57.497 +03:00 [INF] Executed action InspectionVisits.Api.Controllers.InspectorsController.GetAll (InspectionVisits.Api) in 490.9416ms
2025-10-25 21:32:57.507 +03:00 [INF] Executed endpoint 'InspectionVisits.Api.Controllers.InspectorsController.GetAll (InspectionVisits.Api)'
2025-10-25 21:32:57.515 +03:00 [ERR] HTTP GET /api/inspectors responded 500 in 677.7762 ms
System.InvalidOperationException: Missing map from InspectionVisits.Domain.Entities.Inspector to InspectionVisits.Application.Features.Inspectors.Queries.InspectorDto. Create using CreateMap<Inspector, InspectorDto>.
   at AutoMapper.QueryableExtensions.Impl.ProjectionBuilder.PolymorphicMaps(ProjectionRequest& request)
   at AutoMapper.QueryableExtensions.Impl.ProjectionBuilder.CreateProjection(ProjectionRequest request)
   at AutoMapper.Internal.LockingConcurrentDictionary`2.<>c__DisplayClass2_1.<.ctor>b__1()
   at System.Lazy`1.ViaFactory(LazyThreadSafetyMode mode)
   at System.Lazy`1.ExecutionAndPublication(LazyHelper executionAndPublication, Boolean useDefaultConstructor)
   at System.Lazy`1.CreateValue()
   at System.Lazy`1.get_Value()
   at AutoMapper.Internal.LockingConcurrentDictionary`2.GetOrAdd(TKey& key)
   at AutoMapper.QueryableExtensions.Impl.ProjectionBuilder.GetProjection(Type sourceType, Type destinationType, Object parameters, MemberPath[] membersToExpand)
   at AutoMapper.QueryableExtensions.Extensions.ToCore(IQueryable source, Type destinationType, IConfigurationProvider configuration, Object parameters, IEnumerable`1 memberPathsToExpand)
   at AutoMapper.QueryableExtensions.Extensions.ToCore[TResult](IQueryable source, IConfigurationProvider configuration, Object parameters, IEnumerable`1 memberPathsToExpand)
   at AutoMapper.QueryableExtensions.Extensions.ProjectTo[TDestination](IQueryable source, IConfigurationProvider configuration, Object parameters, Expression`1[] membersToExpand)
   at AutoMapper.QueryableExtensions.Extensions.ProjectTo[TDestination](IQueryable source, IConfigurationProvider configuration, Expression`1[] membersToExpand)
   at InspectionVisits.Application.Features.Inspectors.Queries.Handler.Handle(GetInspectorsQuery request, CancellationToken ct) in C:\Users\Youssef Ghonem\Downloads\adreeTask\inspection-visits-backend\src\InspectionVisits.Application\Features\Inspectors\Queries\GetInspectorsQuery.cs:line 25
   at InspectionVisits.Application.Common.Behaviors.ValidationBehavior`2.Handle(TRequest request, RequestHandlerDelegate`1 next, CancellationToken cancellationToken) in C:\Users\Youssef Ghonem\Downloads\adreeTask\inspection-visits-backend\src\InspectionVisits.Application\Common\Behaviors\ValidationBehavior.cs:line 24
   at InspectionVisits.Api.Controllers.InspectorsController.GetAll(CancellationToken ct) in C:\Users\Youssef Ghonem\Downloads\adreeTask\inspection-visits-backend\src\InspectionVisits.Api\Controllers\InspectorsController.cs:line 18
   at lambda_method206(Closure, Object)
   at Microsoft.AspNetCore.Mvc.Infrastructure.ActionMethodExecutor.AwaitableObjectResultExecutor.Execute(ActionContext actionContext, IActionResultTypeMapper mapper, ObjectMethodExecutor executor, Object controller, Object[] arguments)
   at Microsoft.AspNetCore.Mvc.Infrastructure.ControllerActionInvoker.<InvokeActionMethodAsync>g__Awaited|12_0(ControllerActionInvoker invoker, ValueTask`1 actionResultValueTask)
   at Microsoft.AspNetCore.Mvc.Infrastructure.ControllerActionInvoker.<InvokeNextActionFilterAsync>g__Awaited|10_0(ControllerActionInvoker invoker, Task lastTask, State next, Scope scope, Object state, Boolean isCompleted)
   at Microsoft.AspNetCore.Mvc.Infrastructure.ControllerActionInvoker.Rethrow(ActionExecutedContextSealed context)
   at Microsoft.AspNetCore.Mvc.Infrastructure.ControllerActionInvoker.Next(State& next, Scope& scope, Object& state, Boolean& isCompleted)
   at Microsoft.AspNetCore.Mvc.Infrastructure.ControllerActionInvoker.InvokeInnerFilterAsync()
--- End of stack trace from previous location ---
   at Microsoft.AspNetCore.Mvc.Infrastructure.ResourceInvoker.<InvokeFilterPipelineAsync>g__Awaited|20_0(ResourceInvoker invoker, Task lastTask, State next, Scope scope, Object state, Boolean isCompleted)
   at Microsoft.AspNetCore.Mvc.Infrastructure.ResourceInvoker.<InvokeAsync>g__Logged|17_1(ResourceInvoker invoker)
   at Microsoft.AspNetCore.Mvc.Infrastructure.ResourceInvoker.<InvokeAsync>g__Logged|17_1(ResourceInvoker invoker)
   at Microsoft.AspNetCore.Routing.EndpointMiddleware.<Invoke>g__AwaitRequestTask|7_0(Endpoint endpoint, Task requestTask, ILogger logger)
   at Microsoft.AspNetCore.Authorization.AuthorizationMiddleware.Invoke(HttpContext context)
   at Microsoft.AspNetCore.Authentication.AuthenticationMiddleware.Invoke(HttpContext context)
   at Serilog.AspNetCore.RequestLoggingMiddleware.Invoke(HttpContext httpContext)
2025-10-25 21:32:57.534 +03:00 [INF] Executed DbCommand (3ms) [Parameters=[], CommandType='"Text"', CommandTimeout='30']
SELECT [e].[Id], [e].[Name], [e].[Address], [e].[Category]
FROM [EntitiesToInspect] AS [e]
2025-10-25 21:32:57.622 +03:00 [ERR] An unhandled exception has occurred while executing the request.
System.InvalidOperationException: Missing map from InspectionVisits.Domain.Entities.Inspector to InspectionVisits.Application.Features.Inspectors.Queries.InspectorDto. Create using CreateMap<Inspector, InspectorDto>.
   at AutoMapper.QueryableExtensions.Impl.ProjectionBuilder.PolymorphicMaps(ProjectionRequest& request)
   at AutoMapper.QueryableExtensions.Impl.ProjectionBuilder.CreateProjection(ProjectionRequest request)
   at AutoMapper.Internal.LockingConcurrentDictionary`2.<>c__DisplayClass2_1.<.ctor>b__1()
   at System.Lazy`1.ViaFactory(LazyThreadSafetyMode mode)
   at System.Lazy`1.ExecutionAndPublication(LazyHelper executionAndPublication, Boolean useDefaultConstructor)
   at System.Lazy`1.CreateValue()
   at System.Lazy`1.get_Value()
   at AutoMapper.Internal.LockingConcurrentDictionary`2.GetOrAdd(TKey& key)
   at AutoMapper.QueryableExtensions.Impl.ProjectionBuilder.GetProjection(Type sourceType, Type destinationType, Object parameters, MemberPath[] membersToExpand)
   at AutoMapper.QueryableExtensions.Extensions.ToCore(IQueryable source, Type destinationType, IConfigurationProvider configuration, Object parameters, IEnumerable`1 memberPathsToExpand)
   at AutoMapper.QueryableExtensions.Extensions.ToCore[TResult](IQueryable source, IConfigurationProvider configuration, Object parameters, IEnumerable`1 memberPathsToExpand)
   at AutoMapper.QueryableExtensions.Extensions.ProjectTo[TDestination](IQueryable source, IConfigurationProvider configuration, Object parameters, Expression`1[] membersToExpand)
   at AutoMapper.QueryableExtensions.Extensions.ProjectTo[TDestination](IQueryable source, IConfigurationProvider configuration, Expression`1[] membersToExpand)
   at InspectionVisits.Application.Features.Inspectors.Queries.Handler.Handle(GetInspectorsQuery request, CancellationToken ct) in C:\Users\Youssef Ghonem\Downloads\adreeTask\inspection-visits-backend\src\InspectionVisits.Application\Features\Inspectors\Queries\GetInspectorsQuery.cs:line 25
   at InspectionVisits.Application.Common.Behaviors.ValidationBehavior`2.Handle(TRequest request, RequestHandlerDelegate`1 next, CancellationToken cancellationToken) in C:\Users\Youssef Ghonem\Downloads\adreeTask\inspection-visits-backend\src\InspectionVisits.Application\Common\Behaviors\ValidationBehavior.cs:line 24
   at InspectionVisits.Api.Controllers.InspectorsController.GetAll(CancellationToken ct) in C:\Users\Youssef Ghonem\Downloads\adreeTask\inspection-visits-backend\src\InspectionVisits.Api\Controllers\InspectorsController.cs:line 18
   at lambda_method206(Closure, Object)
   at Microsoft.AspNetCore.Mvc.Infrastructure.ActionMethodExecutor.AwaitableObjectResultExecutor.Execute(ActionContext actionContext, IActionResultTypeMapper mapper, ObjectMethodExecutor executor, Object controller, Object[] arguments)
   at Microsoft.AspNetCore.Mvc.Infrastructure.ControllerActionInvoker.<InvokeActionMethodAsync>g__Awaited|12_0(ControllerActionInvoker invoker, ValueTask`1 actionResultValueTask)
   at Microsoft.AspNetCore.Mvc.Infrastructure.ControllerActionInvoker.<InvokeNextActionFilterAsync>g__Awaited|10_0(ControllerActionInvoker invoker, Task lastTask, State next, Scope scope, Object state, Boolean isCompleted)
   at Microsoft.AspNetCore.Mvc.Infrastructure.ControllerActionInvoker.Rethrow(ActionExecutedContextSealed context)
   at Microsoft.AspNetCore.Mvc.Infrastructure.ControllerActionInvoker.Next(State& next, Scope& scope, Object& state, Boolean& isCompleted)
   at Microsoft.AspNetCore.Mvc.Infrastructure.ControllerActionInvoker.InvokeInnerFilterAsync()
--- End of stack trace from previous location ---
   at Microsoft.AspNetCore.Mvc.Infrastructure.ResourceInvoker.<InvokeFilterPipelineAsync>g__Awaited|20_0(ResourceInvoker invoker, Task lastTask, State next, Scope scope, Object state, Boolean isCompleted)
   at Microsoft.AspNetCore.Mvc.Infrastructure.ResourceInvoker.<InvokeAsync>g__Logged|17_1(ResourceInvoker invoker)
   at Microsoft.AspNetCore.Mvc.Infrastructure.ResourceInvoker.<InvokeAsync>g__Logged|17_1(ResourceInvoker invoker)
   at Microsoft.AspNetCore.Routing.EndpointMiddleware.<Invoke>g__AwaitRequestTask|7_0(Endpoint endpoint, Task requestTask, ILogger logger)
   at Microsoft.AspNetCore.Authorization.AuthorizationMiddleware.Invoke(HttpContext context)
   at Microsoft.AspNetCore.Authentication.AuthenticationMiddleware.Invoke(HttpContext context)
   at Serilog.AspNetCore.RequestLoggingMiddleware.Invoke(HttpContext httpContext)
   at Swashbuckle.AspNetCore.SwaggerUI.SwaggerUIMiddleware.Invoke(HttpContext httpContext)
   at Swashbuckle.AspNetCore.Swagger.SwaggerMiddleware.Invoke(HttpContext httpContext, ISwaggerProvider swaggerProvider)
   at Microsoft.AspNetCore.Diagnostics.ExceptionHandlerMiddlewareImpl.<Invoke>g__Awaited|10_0(ExceptionHandlerMiddlewareImpl middleware, HttpContext context, Task task)
2025-10-25 21:32:57.638 +03:00 [INF] Executing ObjectResult, writing value of type 'System.Collections.Generic.List`1[[InspectionVisits.Application.DTOs.EntityToInspectDto, InspectionVisits.Application, Version=1.0.0.0, Culture=neutral, PublicKeyToken=null]]'.
2025-10-25 21:32:57.675 +03:00 [INF] Executed DbCommand (7ms) [Parameters=[], CommandType='"Text"', CommandTimeout='30']
SELECT [i].[Id], [i].[EntityToInspectId], [i].[InspectorId], [i].[ScheduledAt], [i].[Status], [i].[Score], [i].[Notes], [v].[Id], [v].[Code], [v].[Description], [v].[Severity]
FROM [InspectionVisits] AS [i]
LEFT JOIN [Violations] AS [v] ON [i].[Id] = [v].[InspectionVisitId]
ORDER BY [i].[Id]
2025-10-25 21:32:57.680 +03:00 [INF] Executing endpoint '/error'
2025-10-25 21:32:57.689 +03:00 [INF] Executed action InspectionVisits.Api.Controllers.EntitiesController.List (InspectionVisits.Api) in 676.2249ms
2025-10-25 21:32:57.690 +03:00 [INF] Executing ObjectResult, writing value of type 'System.Collections.Generic.List`1[[InspectionVisits.Application.DTOs.InspectionVisitDto, InspectionVisits.Application, Version=1.0.0.0, Culture=neutral, PublicKeyToken=null]]'.
2025-10-25 21:32:57.709 +03:00 [INF] Executed endpoint 'InspectionVisits.Api.Controllers.EntitiesController.List (InspectionVisits.Api)'
2025-10-25 21:32:57.712 +03:00 [INF] Setting HTTP status code 400.
2025-10-25 21:32:57.723 +03:00 [INF] HTTP GET /api/entities responded 200 in 884.7360 ms
2025-10-25 21:32:57.738 +03:00 [INF] Executed action InspectionVisits.Api.Controllers.VisitsController.List (InspectionVisits.Api) in 742.2223ms
2025-10-25 21:32:57.742 +03:00 [INF] Request finished HTTP/2 GET https://localhost:63886/api/entities - 200 null application/json; charset=utf-8 980.6346ms
2025-10-25 21:32:57.742 +03:00 [INF] Executed endpoint 'InspectionVisits.Api.Controllers.VisitsController.List (InspectionVisits.Api)'
2025-10-25 21:32:57.751 +03:00 [INF] Executed endpoint '/error'
2025-10-25 21:32:57.762 +03:00 [INF] HTTP GET /api/visits responded 200 in 925.2452 ms
2025-10-25 21:32:57.771 +03:00 [INF] HTTP GET /error responded 400 in 91.2085 ms
2025-10-25 21:32:57.775 +03:00 [INF] Request finished HTTP/2 GET https://localhost:63886/api/visits?pageIndex=0&pageSize=10 - 200 null application/json; charset=utf-8 1019.0789ms
2025-10-25 21:32:57.788 +03:00 [INF] Request finished HTTP/2 GET https://localhost:63886/api/inspectors - 400 null application/problem+json 1027.121ms
2025-10-25 21:33:05.668 +03:00 [INF] Request starting HTTP/2 OPTIONS https://localhost:63886/api/inspectors - null null
2025-10-25 21:33:05.668 +03:00 [INF] Request starting HTTP/2 OPTIONS https://localhost:63886/api/entities - null null
2025-10-25 21:33:05.673 +03:00 [INF] Request starting HTTP/2 OPTIONS https://localhost:63886/api/visits?pageIndex=0&pageSize=10 - null null
2025-10-25 21:33:05.679 +03:00 [INF] CORS policy execution successful.
2025-10-25 21:33:05.686 +03:00 [INF] CORS policy execution successful.
2025-10-25 21:33:05.690 +03:00 [INF] CORS policy execution successful.
2025-10-25 21:33:05.692 +03:00 [INF] Request finished HTTP/2 OPTIONS https://localhost:63886/api/inspectors - 204 null null 24.8784ms
2025-10-25 21:33:05.694 +03:00 [INF] Request starting HTTP/2 GET https://localhost:63886/api/inspectors - null null
2025-10-25 21:33:05.696 +03:00 [INF] Request starting HTTP/2 GET https://localhost:63886/api/entities - null null
2025-10-25 21:33:05.696 +03:00 [INF] Request finished HTTP/2 OPTIONS https://localhost:63886/api/visits?pageIndex=0&pageSize=10 - 204 null null 23.1708ms
2025-10-25 21:33:05.695 +03:00 [INF] Request finished HTTP/2 OPTIONS https://localhost:63886/api/entities - 204 null null 27.2494ms
2025-10-25 21:33:05.704 +03:00 [INF] Request starting HTTP/2 GET https://localhost:63886/api/visits?pageIndex=0&pageSize=10 - null null
2025-10-25 21:33:05.730 +03:00 [INF] CORS policy execution successful.
2025-10-25 21:33:05.734 +03:00 [INF] CORS policy execution successful.
2025-10-25 21:33:05.748 +03:00 [INF] CORS policy execution successful.
2025-10-25 21:33:05.755 +03:00 [INF] Executing endpoint 'InspectionVisits.Api.Controllers.VisitsController.List (InspectionVisits.Api)'
2025-10-25 21:33:05.755 +03:00 [INF] Executing endpoint 'InspectionVisits.Api.Controllers.EntitiesController.List (InspectionVisits.Api)'
2025-10-25 21:33:05.755 +03:00 [INF] Executing endpoint 'InspectionVisits.Api.Controllers.InspectorsController.GetAll (InspectionVisits.Api)'
2025-10-25 21:33:05.761 +03:00 [INF] Route matched with {action = "List", controller = "Visits"}. Executing controller action with signature System.Threading.Tasks.Task`1[System.Collections.Generic.List`1[InspectionVisits.Application.DTOs.InspectionVisitDto]] List(System.Nullable`1[System.DateTime], System.Nullable`1[System.DateTime], System.Nullable`1[InspectionVisits.Domain.Enums.VisitStatus], System.Nullable`1[System.Int32], System.String) on controller InspectionVisits.Api.Controllers.VisitsController (InspectionVisits.Api).
2025-10-25 21:33:05.763 +03:00 [INF] Route matched with {action = "List", controller = "Entities"}. Executing controller action with signature System.Threading.Tasks.Task`1[System.Collections.Generic.List`1[InspectionVisits.Application.DTOs.EntityToInspectDto]] List(System.String) on controller InspectionVisits.Api.Controllers.EntitiesController (InspectionVisits.Api).
2025-10-25 21:33:05.765 +03:00 [INF] Route matched with {action = "GetAll", controller = "Inspectors"}. Executing controller action with signature System.Threading.Tasks.Task`1[Microsoft.AspNetCore.Mvc.ActionResult`1[System.Collections.Generic.IReadOnlyList`1[InspectionVisits.Application.Features.Inspectors.Queries.InspectorDto]]] GetAll(System.Threading.CancellationToken) on controller InspectionVisits.Api.Controllers.InspectorsController (InspectionVisits.Api).
2025-10-25 21:33:05.981 +03:00 [INF] Executed DbCommand (30ms) [Parameters=[], CommandType='"Text"', CommandTimeout='30']
SELECT [i].[Id], [i].[EntityToInspectId], [i].[InspectorId], [i].[ScheduledAt], [i].[Status], [i].[Score], [i].[Notes], [v].[Id], [v].[Code], [v].[Description], [v].[Severity]
FROM [InspectionVisits] AS [i]
LEFT JOIN [Violations] AS [v] ON [i].[Id] = [v].[InspectionVisitId]
ORDER BY [i].[Id]
2025-10-25 21:33:06.064 +03:00 [INF] Executed action InspectionVisits.Api.Controllers.InspectorsController.GetAll (InspectionVisits.Api) in 282.8955ms
2025-10-25 21:33:06.072 +03:00 [INF] Executed DbCommand (2ms) [Parameters=[], CommandType='"Text"', CommandTimeout='30']
SELECT [e].[Id], [e].[Name], [e].[Address], [e].[Category]
FROM [EntitiesToInspect] AS [e]
2025-10-25 21:33:06.076 +03:00 [INF] Executing ObjectResult, writing value of type 'System.Collections.Generic.List`1[[InspectionVisits.Application.DTOs.InspectionVisitDto, InspectionVisits.Application, Version=1.0.0.0, Culture=neutral, PublicKeyToken=null]]'.
2025-10-25 21:33:06.085 +03:00 [INF] Executed endpoint 'InspectionVisits.Api.Controllers.InspectorsController.GetAll (InspectionVisits.Api)'
2025-10-25 21:33:06.091 +03:00 [INF] Executing ObjectResult, writing value of type 'System.Collections.Generic.List`1[[InspectionVisits.Application.DTOs.EntityToInspectDto, InspectionVisits.Application, Version=1.0.0.0, Culture=neutral, PublicKeyToken=null]]'.
2025-10-25 21:33:06.094 +03:00 [INF] Executed action InspectionVisits.Api.Controllers.VisitsController.List (InspectionVisits.Api) in 319.2387ms
2025-10-25 21:33:06.107 +03:00 [ERR] HTTP GET /api/inspectors responded 500 in 354.2787 ms
System.InvalidOperationException: Missing map from InspectionVisits.Domain.Entities.Inspector to InspectionVisits.Application.Features.Inspectors.Queries.InspectorDto. Create using CreateMap<Inspector, InspectorDto>.
   at AutoMapper.QueryableExtensions.Impl.ProjectionBuilder.PolymorphicMaps(ProjectionRequest& request)
   at AutoMapper.QueryableExtensions.Impl.ProjectionBuilder.CreateProjection(ProjectionRequest request)
   at AutoMapper.Internal.LockingConcurrentDictionary`2.<>c__DisplayClass2_1.<.ctor>b__1()
   at System.Lazy`1.ViaFactory(LazyThreadSafetyMode mode)
--- End of stack trace from previous location ---
   at System.LazyHelper.ThrowException()
   at System.Lazy`1.CreateValue()
   at System.Lazy`1.get_Value()
   at AutoMapper.Internal.LockingConcurrentDictionary`2.GetOrAdd(TKey& key)
   at AutoMapper.QueryableExtensions.Impl.ProjectionBuilder.GetProjection(Type sourceType, Type destinationType, Object parameters, MemberPath[] membersToExpand)
   at AutoMapper.QueryableExtensions.Extensions.ToCore(IQueryable source, Type destinationType, IConfigurationProvider configuration, Object parameters, IEnumerable`1 memberPathsToExpand)
   at AutoMapper.QueryableExtensions.Extensions.ToCore[TResult](IQueryable source, IConfigurationProvider configuration, Object parameters, IEnumerable`1 memberPathsToExpand)
   at AutoMapper.QueryableExtensions.Extensions.ProjectTo[TDestination](IQueryable source, IConfigurationProvider configuration, Object parameters, Expression`1[] membersToExpand)
   at AutoMapper.QueryableExtensions.Extensions.ProjectTo[TDestination](IQueryable source, IConfigurationProvider configuration, Expression`1[] membersToExpand)
   at InspectionVisits.Application.Features.Inspectors.Queries.Handler.Handle(GetInspectorsQuery request, CancellationToken ct) in C:\Users\Youssef Ghonem\Downloads\adreeTask\inspection-visits-backend\src\InspectionVisits.Application\Features\Inspectors\Queries\GetInspectorsQuery.cs:line 25
   at InspectionVisits.Application.Common.Behaviors.ValidationBehavior`2.Handle(TRequest request, RequestHandlerDelegate`1 next, CancellationToken cancellationToken) in C:\Users\Youssef Ghonem\Downloads\adreeTask\inspection-visits-backend\src\InspectionVisits.Application\Common\Behaviors\ValidationBehavior.cs:line 24
   at InspectionVisits.Api.Controllers.InspectorsController.GetAll(CancellationToken ct) in C:\Users\Youssef Ghonem\Downloads\adreeTask\inspection-visits-backend\src\InspectionVisits.Api\Controllers\InspectorsController.cs:line 18
   at lambda_method206(Closure, Object)
   at Microsoft.AspNetCore.Mvc.Infrastructure.ActionMethodExecutor.AwaitableObjectResultExecutor.Execute(ActionContext actionContext, IActionResultTypeMapper mapper, ObjectMethodExecutor executor, Object controller, Object[] arguments)
   at Microsoft.AspNetCore.Mvc.Infrastructure.ControllerActionInvoker.<InvokeActionMethodAsync>g__Awaited|12_0(ControllerActionInvoker invoker, ValueTask`1 actionResultValueTask)
   at Microsoft.AspNetCore.Mvc.Infrastructure.ControllerActionInvoker.<InvokeNextActionFilterAsync>g__Awaited|10_0(ControllerActionInvoker invoker, Task lastTask, State next, Scope scope, Object state, Boolean isCompleted)
   at Microsoft.AspNetCore.Mvc.Infrastructure.ControllerActionInvoker.Rethrow(ActionExecutedContextSealed context)
   at Microsoft.AspNetCore.Mvc.Infrastructure.ControllerActionInvoker.Next(State& next, Scope& scope, Object& state, Boolean& isCompleted)
   at Microsoft.AspNetCore.Mvc.Infrastructure.ControllerActionInvoker.InvokeInnerFilterAsync()
--- End of stack trace from previous location ---
   at Microsoft.AspNetCore.Mvc.Infrastructure.ResourceInvoker.<InvokeFilterPipelineAsync>g__Awaited|20_0(ResourceInvoker invoker, Task lastTask, State next, Scope scope, Object state, Boolean isCompleted)
   at Microsoft.AspNetCore.Mvc.Infrastructure.ResourceInvoker.<InvokeAsync>g__Logged|17_1(ResourceInvoker invoker)
   at Microsoft.AspNetCore.Mvc.Infrastructure.ResourceInvoker.<InvokeAsync>g__Logged|17_1(ResourceInvoker invoker)
   at Microsoft.AspNetCore.Routing.EndpointMiddleware.<Invoke>g__AwaitRequestTask|7_0(Endpoint endpoint, Task requestTask, ILogger logger)
   at Microsoft.AspNetCore.Authorization.AuthorizationMiddleware.Invoke(HttpContext context)
   at Microsoft.AspNetCore.Authentication.AuthenticationMiddleware.Invoke(HttpContext context)
   at Serilog.AspNetCore.RequestLoggingMiddleware.Invoke(HttpContext httpContext)
2025-10-25 21:33:06.109 +03:00 [INF] Executed action InspectionVisits.Api.Controllers.EntitiesController.List (InspectionVisits.Api) in 330.3132ms
2025-10-25 21:33:06.111 +03:00 [INF] Executed endpoint 'InspectionVisits.Api.Controllers.VisitsController.List (InspectionVisits.Api)'
2025-10-25 21:33:06.154 +03:00 [ERR] An unhandled exception has occurred while executing the request.
System.InvalidOperationException: Missing map from InspectionVisits.Domain.Entities.Inspector to InspectionVisits.Application.Features.Inspectors.Queries.InspectorDto. Create using CreateMap<Inspector, InspectorDto>.
   at AutoMapper.QueryableExtensions.Impl.ProjectionBuilder.PolymorphicMaps(ProjectionRequest& request)
   at AutoMapper.QueryableExtensions.Impl.ProjectionBuilder.CreateProjection(ProjectionRequest request)
   at AutoMapper.Internal.LockingConcurrentDictionary`2.<>c__DisplayClass2_1.<.ctor>b__1()
   at System.Lazy`1.ViaFactory(LazyThreadSafetyMode mode)
--- End of stack trace from previous location ---
   at System.LazyHelper.ThrowException()
   at System.Lazy`1.CreateValue()
   at System.Lazy`1.get_Value()
   at AutoMapper.Internal.LockingConcurrentDictionary`2.GetOrAdd(TKey& key)
   at AutoMapper.QueryableExtensions.Impl.ProjectionBuilder.GetProjection(Type sourceType, Type destinationType, Object parameters, MemberPath[] membersToExpand)
   at AutoMapper.QueryableExtensions.Extensions.ToCore(IQueryable source, Type destinationType, IConfigurationProvider configuration, Object parameters, IEnumerable`1 memberPathsToExpand)
   at AutoMapper.QueryableExtensions.Extensions.ToCore[TResult](IQueryable source, IConfigurationProvider configuration, Object parameters, IEnumerable`1 memberPathsToExpand)
   at AutoMapper.QueryableExtensions.Extensions.ProjectTo[TDestination](IQueryable source, IConfigurationProvider configuration, Object parameters, Expression`1[] membersToExpand)
   at AutoMapper.QueryableExtensions.Extensions.ProjectTo[TDestination](IQueryable source, IConfigurationProvider configuration, Expression`1[] membersToExpand)
   at InspectionVisits.Application.Features.Inspectors.Queries.Handler.Handle(GetInspectorsQuery request, CancellationToken ct) in C:\Users\Youssef Ghonem\Downloads\adreeTask\inspection-visits-backend\src\InspectionVisits.Application\Features\Inspectors\Queries\GetInspectorsQuery.cs:line 25
   at InspectionVisits.Application.Common.Behaviors.ValidationBehavior`2.Handle(TRequest request, RequestHandlerDelegate`1 next, CancellationToken cancellationToken) in C:\Users\Youssef Ghonem\Downloads\adreeTask\inspection-visits-backend\src\InspectionVisits.Application\Common\Behaviors\ValidationBehavior.cs:line 24
   at InspectionVisits.Api.Controllers.InspectorsController.GetAll(CancellationToken ct) in C:\Users\Youssef Ghonem\Downloads\adreeTask\inspection-visits-backend\src\InspectionVisits.Api\Controllers\InspectorsController.cs:line 18
   at lambda_method206(Closure, Object)
   at Microsoft.AspNetCore.Mvc.Infrastructure.ActionMethodExecutor.AwaitableObjectResultExecutor.Execute(ActionContext actionContext, IActionResultTypeMapper mapper, ObjectMethodExecutor executor, Object controller, Object[] arguments)
   at Microsoft.AspNetCore.Mvc.Infrastructure.ControllerActionInvoker.<InvokeActionMethodAsync>g__Awaited|12_0(ControllerActionInvoker invoker, ValueTask`1 actionResultValueTask)
   at Microsoft.AspNetCore.Mvc.Infrastructure.ControllerActionInvoker.<InvokeNextActionFilterAsync>g__Awaited|10_0(ControllerActionInvoker invoker, Task lastTask, State next, Scope scope, Object state, Boolean isCompleted)
   at Microsoft.AspNetCore.Mvc.Infrastructure.ControllerActionInvoker.Rethrow(ActionExecutedContextSealed context)
   at Microsoft.AspNetCore.Mvc.Infrastructure.ControllerActionInvoker.Next(State& next, Scope& scope, Object& state, Boolean& isCompleted)
   at Microsoft.AspNetCore.Mvc.Infrastructure.ControllerActionInvoker.InvokeInnerFilterAsync()
--- End of stack trace from previous location ---
   at Microsoft.AspNetCore.Mvc.Infrastructure.ResourceInvoker.<InvokeFilterPipelineAsync>g__Awaited|20_0(ResourceInvoker invoker, Task lastTask, State next, Scope scope, Object state, Boolean isCompleted)
   at Microsoft.AspNetCore.Mvc.Infrastructure.ResourceInvoker.<InvokeAsync>g__Logged|17_1(ResourceInvoker invoker)
   at Microsoft.AspNetCore.Mvc.Infrastructure.ResourceInvoker.<InvokeAsync>g__Logged|17_1(ResourceInvoker invoker)
   at Microsoft.AspNetCore.Routing.EndpointMiddleware.<Invoke>g__AwaitRequestTask|7_0(Endpoint endpoint, Task requestTask, ILogger logger)
   at Microsoft.AspNetCore.Authorization.AuthorizationMiddleware.Invoke(HttpContext context)
   at Microsoft.AspNetCore.Authentication.AuthenticationMiddleware.Invoke(HttpContext context)
   at Serilog.AspNetCore.RequestLoggingMiddleware.Invoke(HttpContext httpContext)
   at Swashbuckle.AspNetCore.SwaggerUI.SwaggerUIMiddleware.Invoke(HttpContext httpContext)
   at Swashbuckle.AspNetCore.Swagger.SwaggerMiddleware.Invoke(HttpContext httpContext, ISwaggerProvider swaggerProvider)
   at Microsoft.AspNetCore.Diagnostics.ExceptionHandlerMiddlewareImpl.<Invoke>g__Awaited|10_0(ExceptionHandlerMiddlewareImpl middleware, HttpContext context, Task task)
2025-10-25 21:33:06.155 +03:00 [INF] Executed endpoint 'InspectionVisits.Api.Controllers.EntitiesController.List (InspectionVisits.Api)'
2025-10-25 21:33:06.157 +03:00 [INF] HTTP GET /api/visits responded 200 in 402.8283 ms
2025-10-25 21:33:06.182 +03:00 [INF] HTTP GET /api/entities responded 200 in 428.6636 ms
2025-10-25 21:33:06.204 +03:00 [INF] Executing endpoint '/error'
2025-10-25 21:33:06.220 +03:00 [INF] Request finished HTTP/2 GET https://localhost:63886/api/visits?pageIndex=0&pageSize=10 - 200 null application/json; charset=utf-8 516.2701ms
2025-10-25 21:33:06.226 +03:00 [INF] Request finished HTTP/2 GET https://localhost:63886/api/entities - 200 null application/json; charset=utf-8 529.9186ms
2025-10-25 21:33:06.229 +03:00 [INF] Setting HTTP status code 400.
2025-10-25 21:33:06.261 +03:00 [INF] Executed endpoint '/error'
2025-10-25 21:33:06.266 +03:00 [INF] HTTP GET /error responded 400 in 62.5008 ms
2025-10-25 21:33:06.277 +03:00 [INF] Request finished HTTP/2 GET https://localhost:63886/api/inspectors - 400 null application/problem+json 582.5295ms
